running develop
running egg_info
creating lidar_mavlink_bridge.egg-info
writing lidar_mavlink_bridge.egg-info/PKG-INFO
writing dependency_links to lidar_mavlink_bridge.egg-info/dependency_links.txt
writing entry points to lidar_mavlink_bridge.egg-info/entry_points.txt
writing requirements to lidar_mavlink_bridge.egg-info/requires.txt
writing top-level names to lidar_mavlink_bridge.egg-info/top_level.txt
writing manifest file 'lidar_mavlink_bridge.egg-info/SOURCES.txt'
reading manifest file 'lidar_mavlink_bridge.egg-info/SOURCES.txt'
writing manifest file 'lidar_mavlink_bridge.egg-info/SOURCES.txt'
running build_ext
Creating /home/enelsis-pc/enelsis_moab_ws/install/lidar_mavlink_bridge/lib/python3.10/site-packages/lidar-mavlink-bridge.egg-link (link to .)
Installing lidar_mavlink_bridge script to /home/enelsis-pc/enelsis_moab_ws/install/lidar_mavlink_bridge/lib/lidar_mavlink_bridge

Installed /home/enelsis-pc/enelsis_moab_ws/build/lidar_mavlink_bridge
running symlink_data
creating /home/enelsis-pc/enelsis_moab_ws/install/lidar_mavlink_bridge/share/ament_index
creating /home/enelsis-pc/enelsis_moab_ws/install/lidar_mavlink_bridge/share/ament_index/resource_index
creating /home/enelsis-pc/enelsis_moab_ws/install/lidar_mavlink_bridge/share/ament_index/resource_index/packages
symbolically linking /home/enelsis-pc/enelsis_moab_ws/build/lidar_mavlink_bridge/resource/lidar_mavlink_bridge -> /home/enelsis-pc/enelsis_moab_ws/install/lidar_mavlink_bridge/share/ament_index/resource_index/packages
symbolically linking /home/enelsis-pc/enelsis_moab_ws/build/lidar_mavlink_bridge/package.xml -> /home/enelsis-pc/enelsis_moab_ws/install/lidar_mavlink_bridge/share/lidar_mavlink_bridge
