[1.438s] Invoking command in '/home/enelsis-pc/enelsis_moab_ws/build/rf2o_laser_odometry': CMAKE_PREFIX_PATH=${CMAKE_PREFIX_PATH}:/opt/ros/humble:/home/enelsis-pc/enelsis_moab_ws/install/lidar_mavlink_bridge:/home/enelsis-pc/enelsis_moab_ws/install/enelsis_bringup:/home/enelsis-pc/mavlink_ws/install/lidar_mavlink_bridge:/home/enelsis-pc/ros2_humble/install/rqt_bag_plugins:/home/enelsis-pc/ros2_humble/install/rqt_bag:/home/enelsis-pc/ros2_humble/install/launch_testing_examples:/home/enelsis-pc/ros2_humble/install/ros2bag:/home/enelsis-pc/ros2_humble/install/tracetools_test:/home/enelsis-pc/ros2_humble/install/tracetools_launch:/home/enelsis-pc/ros2_humble/install/topic_monitor:/home/enelsis-pc/ros2_humble/install/tf2_tools:/home/enelsis-pc/ros2_humble/install/examples_tf2_py:/home/enelsis-pc/ros2_humble/install/tf2_ros_py:/home/enelsis-pc/ros2_humble/install/sros2:/home/enelsis-pc/ros2_humble/install/rqt_topic:/home/enelsis-pc/ros2_humble/install/rqt_srv:/home/enelsis-pc/ros2_humble/install/rqt_shell:/home/enelsis-pc/ros2_humble/install/rqt_service_caller:/home/enelsis-pc/ros2_humble/install/rqt_reconfigure:/home/enelsis-pc/ros2_humble/install/rqt_py_console:/home/enelsis-pc/ros2_humble/install/rqt_publisher:/home/enelsis-pc/ros2_humble/install/rqt_plot:/home/enelsis-pc/ros2_humble/install/rqt_action:/home/enelsis-pc/ros2_humble/install/rqt_msg:/home/enelsis-pc/ros2_humble/install/rqt_console:/home/enelsis-pc/ros2_humble/install/rqt:/home/enelsis-pc/ros2_humble/install/rqt_graph:/home/enelsis-pc/ros2_humble/install/rqt_gui_py:/home/enelsis-pc/ros2_humble/install/rqt_gui:/home/enelsis-pc/ros2_humble/install/ros2trace:/home/enelsis-pc/ros2_humble/install/ros2topic:/home/enelsis-pc/ros2_humble/install/ros2test:/home/enelsis-pc/ros2_humble/install/ros2component:/home/enelsis-pc/ros2_humble/install/ros2param:/home/enelsis-pc/ros2_humble/install/ros2lifecycle:/home/enelsis-pc/ros2_humble/install/ros2service:/home/enelsis-pc/ros2_humble/install/ros2run:/home/enelsis-pc/ros2_humble/install/ros2launch:/home/enelsis-pc/ros2_humble/install/ros2pkg:/home/enelsis-pc/ros2_humble/install/ros2node:/home/enelsis-pc/ros2_humble/install/ros2multicast:/home/enelsis-pc/ros2_humble/install/ros2interface:/home/enelsis-pc/ros2_humble/install/ros2doctor:/home/enelsis-pc/ros2_humble/install/ros2action:/home/enelsis-pc/ros2_humble/install/ros2cli:/home/enelsis-pc/ros2_humble/install/quality_of_service_demo_py:/home/enelsis-pc/ros2_humble/install/lifecycle_py:/home/enelsis-pc/ros2_humble/install/launch_testing_ros:/home/enelsis-pc/ros2_humble/install/launch_ros:/home/enelsis-pc/ros2_humble/install/examples_rclpy_pointcloud_publisher:/home/enelsis-pc/ros2_humble/install/examples_rclpy_minimal_subscriber:/home/enelsis-pc/ros2_humble/install/examples_rclpy_minimal_service:/home/enelsis-pc/ros2_humble/install/examples_rclpy_minimal_publisher:/home/enelsis-pc/ros2_humble/install/examples_rclpy_minimal_client:/home/enelsis-pc/ros2_humble/install/examples_rclpy_minimal_action_server:/home/enelsis-pc/ros2_humble/install/examples_rclpy_minimal_action_client:/home/enelsis-pc/ros2_humble/install/examples_rclpy_guard_conditions:/home/enelsis-pc/ros2_humble/install/examples_rclpy_executors:/home/enelsis-pc/ros2_humble/install/demo_nodes_py:/home/enelsis-pc/ros2_humble/install/camera_info_manager_py:/home/enelsis-pc/ros2_humble/install/action_tutorials_py:/home/enelsis-pc/ros2_humble/install/ament_uncrustify:/home/enelsis-pc/ros2_humble/install/tracetools_trace:/home/enelsis-pc/ros2_humble/install/tracetools_read:/home/enelsis-pc/ros2_humble/install/test_tracetools_launch:/home/enelsis-pc/ros2_humble/install/test_launch_ros:/home/enelsis-pc/ros2_humble/install/sensor_msgs_py:/home/enelsis-pc/ros2_humble/install/rpyutils:/home/enelsis-pc/ros2_humble/install/rosidl_runtime_py:/home/enelsis-pc/ros2_humble/install/rosidl_cli:/home/enelsis-pc/ros2_humble/install/launch_pytest:/home/enelsis-pc/ros2_humble/install/launch_testing:/home/enelsis-pc/ros2_humble/install/launch_yaml:/home/enelsis-pc/ros2_humble/install/launch_xml:/home/enelsis-pc/ros2_humble/install/launch:/home/enelsis-pc/ros2_humble/install/osrf_pycommon:/home/enelsis-pc/ros2_humble/install/domain_coordinator:/home/enelsis-pc/ros2_humble/install/ament_xmllint:/home/enelsis-pc/ros2_humble/install/ament_pyflakes:/home/enelsis-pc/ros2_humble/install/ament_pycodestyle:/home/enelsis-pc/ros2_humble/install/ament_pep257:/home/enelsis-pc/ros2_humble/install/ament_pclint:/home/enelsis-pc/ros2_humble/install/ament_package:/home/enelsis-pc/ros2_humble/install/ament_mypy:/home/enelsis-pc/ros2_humble/install/ament_lint_cmake:/home/enelsis-pc/ros2_humble/install/ament_flake8:/home/enelsis-pc/ros2_humble/install/ament_copyright:/home/enelsis-pc/ros2_humble/install/ament_lint:/home/enelsis-pc/ros2_humble/install/ament_index_python:/home/enelsis-pc/ros2_humble/install/ament_cpplint:/home/enelsis-pc/ros2_humble/install/ament_cppcheck:/home/enelsis-pc/ros2_humble/install/ament_clang_tidy:/home/enelsis-pc/ros2_humble/install/ament_clang_format /usr/bin/cmake /home/enelsis-pc/enelsis_moab_ws/src/rf2o_laser_odometry -DAMENT_CMAKE_SYMLINK_INSTALL=1 -DCMAKE_INSTALL_PREFIX=/home/enelsis-pc/enelsis_moab_ws/install/rf2o_laser_odometry
[1.646s] -- The C compiler identification is GNU 11.4.0
[1.770s] -- The CXX compiler identification is GNU 11.4.0
[1.786s] -- Detecting C compiler ABI info
[1.978s] -- Detecting C compiler ABI info - done
[1.986s] -- Check for working C compiler: /usr/bin/cc - skipped
[1.986s] -- Detecting C compile features
[1.987s] -- Detecting C compile features - done
[1.990s] -- Detecting CXX compiler ABI info
[2.199s] -- Detecting CXX compiler ABI info - done
[2.209s] -- Check for working CXX compiler: /usr/bin/c++ - skipped
[2.209s] -- Detecting CXX compile features
[2.210s] -- Detecting CXX compile features - done
[2.241s] -- Found ament_cmake: 1.3.11 (/home/enelsis-pc/ros2_humble/install/ament_cmake/share/ament_cmake/cmake)
[3.133s] -- Found Python3: /usr/bin/python3 (found version "3.10.12") found components: Interpreter 
[3.425s] -- Override CMake install command with custom implementation using symlinks instead of copying resources
[3.801s] -- Found rclcpp: 16.0.11 (/home/enelsis-pc/ros2_humble/install/rclcpp/share/rclcpp/cmake)
[4.072s] -- Found rosidl_generator_c: 3.1.6 (/home/enelsis-pc/ros2_humble/install/rosidl_generator_c/share/rosidl_generator_c/cmake)
[4.113s] -- Found rosidl_adapter: 3.1.6 (/home/enelsis-pc/ros2_humble/install/rosidl_adapter/share/rosidl_adapter/cmake)
[4.161s] -- Found rosidl_generator_cpp: 3.1.6 (/home/enelsis-pc/ros2_humble/install/rosidl_generator_cpp/share/rosidl_generator_cpp/cmake)
[4.259s] -- Using all available rosidl_typesupport_c: rosidl_typesupport_fastrtps_c;rosidl_typesupport_introspection_c
[4.387s] -- Using all available rosidl_typesupport_cpp: rosidl_typesupport_fastrtps_cpp;rosidl_typesupport_introspection_cpp
[4.698s] -- Found rmw_implementation_cmake: 6.1.2 (/home/enelsis-pc/ros2_humble/install/rmw_implementation_cmake/share/rmw_implementation_cmake/cmake)
[4.750s] -- Found rmw_fastrtps_cpp: 6.2.7 (/home/enelsis-pc/ros2_humble/install/rmw_fastrtps_cpp/share/rmw_fastrtps_cpp/cmake)
[5.227s] -- Found OpenSSL: /usr/lib/x86_64-linux-gnu/libcrypto.so (found version "3.0.2")  
[5.341s] -- Found FastRTPS: /home/enelsis-pc/ros2_humble/install/fastrtps/include  
[5.573s] -- Using RMW implementation 'rmw_fastrtps_cpp' as default
[5.663s] -- Looking for pthread.h
[5.891s] -- Looking for pthread.h - found
[5.891s] -- Performing Test CMAKE_HAVE_LIBC_PTHREAD
[6.131s] -- Performing Test CMAKE_HAVE_LIBC_PTHREAD - Success
[6.132s] -- Found Threads: TRUE  
[6.323s] -- Found geometry_msgs: 4.2.4 (/home/enelsis-pc/ros2_humble/install/geometry_msgs/share/geometry_msgs/cmake)
[6.350s] -- Found tf2_geometry_msgs: 0.25.12 (/home/enelsis-pc/ros2_humble/install/tf2_geometry_msgs/share/tf2_geometry_msgs/cmake)
[6.498s] -- Found eigen3_cmake_module: 0.1.1 (/home/enelsis-pc/ros2_humble/install/eigen3_cmake_module/share/eigen3_cmake_module/cmake)
[6.500s] -- Found Eigen3: TRUE (found version "3.4.0") 
[6.500s] -- Ensuring Eigen3 include directory is part of orocos-kdl CMake target
[6.825s] -- Found sensor_msgs: 4.2.4 (/home/enelsis-pc/ros2_humble/install/sensor_msgs/share/sensor_msgs/cmake)
[6.862s] -- Found nav_msgs: 4.2.4 (/home/enelsis-pc/ros2_humble/install/nav_msgs/share/nav_msgs/cmake)
[6.984s] -- Found Boost: /usr/lib/x86_64-linux-gnu/cmake/Boost-1.74.0/BoostConfig.cmake (found version "1.74.0")  
[7.528s] -- Configuring done
[7.568s] -- Generating done
[7.575s] -- Build files have been written to: /home/enelsis-pc/enelsis_moab_ws/build/rf2o_laser_odometry
