[0.479s] DEBUG:colcon:Command line arguments: ['/usr/bin/colcon', 'build', '--packages-select', 'enelsis_bringup', '--symlink-install', '--cmake-args', '-DCMAKE_BUILD_TYPE=Release']
[0.480s] DEBUG:colcon:Parsed command line arguments: Namespace(log_base=None, log_level=None, verb_name='build', build_base='build', install_base='install', merge_install=False, symlink_install=True, test_result_base=None, continue_on_error=False, executor='parallel', parallel_workers=8, event_handlers=None, ignore_user_meta=False, metas=['./colcon.meta'], base_paths=['.'], packages_ignore=None, packages_ignore_regex=None, paths=None, packages_up_to=None, packages_up_to_regex=None, packages_above=None, packages_above_and_dependencies=None, packages_above_depth=None, packages_select_by_dep=None, packages_skip_by_dep=None, packages_skip_up_to=None, packages_select_build_failed=False, packages_skip_build_finished=False, packages_select_test_failures=False, packages_skip_test_passed=False, packages_select=['enelsis_bringup'], packages_skip=None, packages_select_regex=None, packages_skip_regex=None, packages_start=None, packages_end=None, allow_overriding=[], cmake_args=['-DCMAKE_BUILD_TYPE=Release'], cmake_target=None, cmake_target_skip_unavailable=False, cmake_clean_cache=False, cmake_clean_first=False, cmake_force_configure=False, ament_cmake_args=None, catkin_cmake_args=None, catkin_skip_building_tests=False, mixin_files=None, mixin=None, verb_parser=<colcon_mixin.mixin.mixin_argument.MixinArgumentDecorator object at 0x7f4db1217df0>, verb_extension=<colcon_core.verb.build.BuildVerb object at 0x7f4db1165390>, main=<bound method BuildVerb.main of <colcon_core.verb.build.BuildVerb object at 0x7f4db1165390>>, mixin_verb=('build',))
[1.128s] Level 1:colcon.colcon_core.package_discovery:discover_packages(colcon_meta) check parameters
[1.128s] Level 1:colcon.colcon_core.package_discovery:discover_packages(recursive) check parameters
[1.128s] Level 1:colcon.colcon_core.package_discovery:discover_packages(ignore) check parameters
[1.128s] Level 1:colcon.colcon_core.package_discovery:discover_packages(path) check parameters
[1.128s] Level 1:colcon.colcon_core.package_discovery:discover_packages(colcon_meta) discover
[1.128s] Level 1:colcon.colcon_core.package_discovery:discover_packages(recursive) discover
[1.128s] INFO:colcon.colcon_core.package_discovery:Crawling recursively for packages in '/home/enelsis-pc/enelsis_moab_ws'
[1.128s] Level 1:colcon.colcon_core.package_identification:_identify(.) by extensions ['ignore', 'ignore_ament_install']
[1.128s] Level 1:colcon.colcon_core.package_identification:_identify(.) by extension 'ignore'
[1.129s] Level 1:colcon.colcon_core.package_identification:_identify(.) by extension 'ignore_ament_install'
[1.129s] Level 1:colcon.colcon_core.package_identification:_identify(.) by extensions ['colcon_pkg']
[1.129s] Level 1:colcon.colcon_core.package_identification:_identify(.) by extension 'colcon_pkg'
[1.129s] Level 1:colcon.colcon_core.package_identification:_identify(.) by extensions ['colcon_meta']
[1.129s] Level 1:colcon.colcon_core.package_identification:_identify(.) by extension 'colcon_meta'
[1.129s] Level 1:colcon.colcon_core.package_identification:_identify(.) by extensions ['ros']
[1.129s] Level 1:colcon.colcon_core.package_identification:_identify(.) by extension 'ros'
[1.148s] Level 1:colcon.colcon_core.package_identification:_identify(.) by extensions ['cmake', 'python']
[1.148s] Level 1:colcon.colcon_core.package_identification:_identify(.) by extension 'cmake'
[1.148s] Level 1:colcon.colcon_core.package_identification:_identify(.) by extension 'python'
[1.148s] Level 1:colcon.colcon_core.package_identification:_identify(.) by extensions ['python_setup_py']
[1.148s] Level 1:colcon.colcon_core.package_identification:_identify(.) by extension 'python_setup_py'
[1.148s] Level 1:colcon.colcon_core.package_identification:_identify(build) by extensions ['ignore', 'ignore_ament_install']
[1.148s] Level 1:colcon.colcon_core.package_identification:_identify(build) by extension 'ignore'
[1.148s] Level 1:colcon.colcon_core.package_identification:_identify(build) ignored
[1.149s] Level 1:colcon.colcon_core.package_identification:_identify(config) by extensions ['ignore', 'ignore_ament_install']
[1.149s] Level 1:colcon.colcon_core.package_identification:_identify(config) by extension 'ignore'
[1.149s] Level 1:colcon.colcon_core.package_identification:_identify(config) by extension 'ignore_ament_install'
[1.149s] Level 1:colcon.colcon_core.package_identification:_identify(config) by extensions ['colcon_pkg']
[1.149s] Level 1:colcon.colcon_core.package_identification:_identify(config) by extension 'colcon_pkg'
[1.149s] Level 1:colcon.colcon_core.package_identification:_identify(config) by extensions ['colcon_meta']
[1.149s] Level 1:colcon.colcon_core.package_identification:_identify(config) by extension 'colcon_meta'
[1.149s] Level 1:colcon.colcon_core.package_identification:_identify(config) by extensions ['ros']
[1.149s] Level 1:colcon.colcon_core.package_identification:_identify(config) by extension 'ros'
[1.149s] Level 1:colcon.colcon_core.package_identification:_identify(config) by extensions ['cmake', 'python']
[1.149s] Level 1:colcon.colcon_core.package_identification:_identify(config) by extension 'cmake'
[1.149s] Level 1:colcon.colcon_core.package_identification:_identify(config) by extension 'python'
[1.149s] Level 1:colcon.colcon_core.package_identification:_identify(config) by extensions ['python_setup_py']
[1.149s] Level 1:colcon.colcon_core.package_identification:_identify(config) by extension 'python_setup_py'
[1.149s] Level 1:colcon.colcon_core.package_identification:_identify(install) by extensions ['ignore', 'ignore_ament_install']
[1.149s] Level 1:colcon.colcon_core.package_identification:_identify(install) by extension 'ignore'
[1.149s] Level 1:colcon.colcon_core.package_identification:_identify(install) ignored
[1.150s] Level 1:colcon.colcon_core.package_identification:_identify(log) by extensions ['ignore', 'ignore_ament_install']
[1.150s] Level 1:colcon.colcon_core.package_identification:_identify(log) by extension 'ignore'
[1.150s] Level 1:colcon.colcon_core.package_identification:_identify(log) ignored
[1.150s] Level 1:colcon.colcon_core.package_identification:_identify(maps) by extensions ['ignore', 'ignore_ament_install']
[1.150s] Level 1:colcon.colcon_core.package_identification:_identify(maps) by extension 'ignore'
[1.150s] Level 1:colcon.colcon_core.package_identification:_identify(maps) by extension 'ignore_ament_install'
[1.150s] Level 1:colcon.colcon_core.package_identification:_identify(maps) by extensions ['colcon_pkg']
[1.150s] Level 1:colcon.colcon_core.package_identification:_identify(maps) by extension 'colcon_pkg'
[1.150s] Level 1:colcon.colcon_core.package_identification:_identify(maps) by extensions ['colcon_meta']
[1.150s] Level 1:colcon.colcon_core.package_identification:_identify(maps) by extension 'colcon_meta'
[1.150s] Level 1:colcon.colcon_core.package_identification:_identify(maps) by extensions ['ros']
[1.150s] Level 1:colcon.colcon_core.package_identification:_identify(maps) by extension 'ros'
[1.150s] Level 1:colcon.colcon_core.package_identification:_identify(maps) by extensions ['cmake', 'python']
[1.150s] Level 1:colcon.colcon_core.package_identification:_identify(maps) by extension 'cmake'
[1.150s] Level 1:colcon.colcon_core.package_identification:_identify(maps) by extension 'python'
[1.150s] Level 1:colcon.colcon_core.package_identification:_identify(maps) by extensions ['python_setup_py']
[1.150s] Level 1:colcon.colcon_core.package_identification:_identify(maps) by extension 'python_setup_py'
[1.151s] Level 1:colcon.colcon_core.package_identification:_identify(src) by extensions ['ignore', 'ignore_ament_install']
[1.151s] Level 1:colcon.colcon_core.package_identification:_identify(src) by extension 'ignore'
[1.151s] Level 1:colcon.colcon_core.package_identification:_identify(src) by extension 'ignore_ament_install'
[1.151s] Level 1:colcon.colcon_core.package_identification:_identify(src) by extensions ['colcon_pkg']
[1.151s] Level 1:colcon.colcon_core.package_identification:_identify(src) by extension 'colcon_pkg'
[1.151s] Level 1:colcon.colcon_core.package_identification:_identify(src) by extensions ['colcon_meta']
[1.151s] Level 1:colcon.colcon_core.package_identification:_identify(src) by extension 'colcon_meta'
[1.151s] Level 1:colcon.colcon_core.package_identification:_identify(src) by extensions ['ros']
[1.151s] Level 1:colcon.colcon_core.package_identification:_identify(src) by extension 'ros'
[1.151s] Level 1:colcon.colcon_core.package_identification:_identify(src) by extensions ['cmake', 'python']
[1.151s] Level 1:colcon.colcon_core.package_identification:_identify(src) by extension 'cmake'
[1.151s] Level 1:colcon.colcon_core.package_identification:_identify(src) by extension 'python'
[1.151s] Level 1:colcon.colcon_core.package_identification:_identify(src) by extensions ['python_setup_py']
[1.151s] Level 1:colcon.colcon_core.package_identification:_identify(src) by extension 'python_setup_py'
[1.151s] Level 1:colcon.colcon_core.package_identification:_identify(src/atdrive_moab_tools) by extensions ['ignore', 'ignore_ament_install']
[1.151s] Level 1:colcon.colcon_core.package_identification:_identify(src/atdrive_moab_tools) by extension 'ignore'
[1.152s] Level 1:colcon.colcon_core.package_identification:_identify(src/atdrive_moab_tools) by extension 'ignore_ament_install'
[1.152s] Level 1:colcon.colcon_core.package_identification:_identify(src/atdrive_moab_tools) by extensions ['colcon_pkg']
[1.152s] Level 1:colcon.colcon_core.package_identification:_identify(src/atdrive_moab_tools) by extension 'colcon_pkg'
[1.152s] Level 1:colcon.colcon_core.package_identification:_identify(src/atdrive_moab_tools) by extensions ['colcon_meta']
[1.152s] Level 1:colcon.colcon_core.package_identification:_identify(src/atdrive_moab_tools) by extension 'colcon_meta'
[1.152s] Level 1:colcon.colcon_core.package_identification:_identify(src/atdrive_moab_tools) by extensions ['ros']
[1.152s] Level 1:colcon.colcon_core.package_identification:_identify(src/atdrive_moab_tools) by extension 'ros'
[1.152s] Level 1:colcon.colcon_core.package_identification:_identify(src/atdrive_moab_tools) by extensions ['cmake', 'python']
[1.152s] Level 1:colcon.colcon_core.package_identification:_identify(src/atdrive_moab_tools) by extension 'cmake'
[1.152s] Level 1:colcon.colcon_core.package_identification:_identify(src/atdrive_moab_tools) by extension 'python'
[1.152s] Level 1:colcon.colcon_core.package_identification:_identify(src/atdrive_moab_tools) by extensions ['python_setup_py']
[1.152s] Level 1:colcon.colcon_core.package_identification:_identify(src/atdrive_moab_tools) by extension 'python_setup_py'
[1.152s] Level 1:colcon.colcon_core.package_identification:_identify(src/atdrive_moab_tools/Notes) by extensions ['ignore', 'ignore_ament_install']
[1.153s] Level 1:colcon.colcon_core.package_identification:_identify(src/atdrive_moab_tools/Notes) by extension 'ignore'
[1.153s] Level 1:colcon.colcon_core.package_identification:_identify(src/atdrive_moab_tools/Notes) by extension 'ignore_ament_install'
[1.153s] Level 1:colcon.colcon_core.package_identification:_identify(src/atdrive_moab_tools/Notes) by extensions ['colcon_pkg']
[1.153s] Level 1:colcon.colcon_core.package_identification:_identify(src/atdrive_moab_tools/Notes) by extension 'colcon_pkg'
[1.153s] Level 1:colcon.colcon_core.package_identification:_identify(src/atdrive_moab_tools/Notes) by extensions ['colcon_meta']
[1.153s] Level 1:colcon.colcon_core.package_identification:_identify(src/atdrive_moab_tools/Notes) by extension 'colcon_meta'
[1.153s] Level 1:colcon.colcon_core.package_identification:_identify(src/atdrive_moab_tools/Notes) by extensions ['ros']
[1.153s] Level 1:colcon.colcon_core.package_identification:_identify(src/atdrive_moab_tools/Notes) by extension 'ros'
[1.153s] Level 1:colcon.colcon_core.package_identification:_identify(src/atdrive_moab_tools/Notes) by extensions ['cmake', 'python']
[1.153s] Level 1:colcon.colcon_core.package_identification:_identify(src/atdrive_moab_tools/Notes) by extension 'cmake'
[1.154s] Level 1:colcon.colcon_core.package_identification:_identify(src/atdrive_moab_tools/Notes) by extension 'python'
[1.154s] Level 1:colcon.colcon_core.package_identification:_identify(src/atdrive_moab_tools/Notes) by extensions ['python_setup_py']
[1.154s] Level 1:colcon.colcon_core.package_identification:_identify(src/atdrive_moab_tools/Notes) by extension 'python_setup_py'
[1.154s] Level 1:colcon.colcon_core.package_identification:_identify(src/atdrive_moab_tools/_3rd_party) by extensions ['ignore', 'ignore_ament_install']
[1.154s] Level 1:colcon.colcon_core.package_identification:_identify(src/atdrive_moab_tools/_3rd_party) by extension 'ignore'
[1.154s] Level 1:colcon.colcon_core.package_identification:_identify(src/atdrive_moab_tools/_3rd_party) by extension 'ignore_ament_install'
[1.154s] Level 1:colcon.colcon_core.package_identification:_identify(src/atdrive_moab_tools/_3rd_party) by extensions ['colcon_pkg']
[1.154s] Level 1:colcon.colcon_core.package_identification:_identify(src/atdrive_moab_tools/_3rd_party) by extension 'colcon_pkg'
[1.154s] Level 1:colcon.colcon_core.package_identification:_identify(src/atdrive_moab_tools/_3rd_party) by extensions ['colcon_meta']
[1.154s] Level 1:colcon.colcon_core.package_identification:_identify(src/atdrive_moab_tools/_3rd_party) by extension 'colcon_meta'
[1.154s] Level 1:colcon.colcon_core.package_identification:_identify(src/atdrive_moab_tools/_3rd_party) by extensions ['ros']
[1.154s] Level 1:colcon.colcon_core.package_identification:_identify(src/atdrive_moab_tools/_3rd_party) by extension 'ros'
[1.154s] Level 1:colcon.colcon_core.package_identification:_identify(src/atdrive_moab_tools/_3rd_party) by extensions ['cmake', 'python']
[1.154s] Level 1:colcon.colcon_core.package_identification:_identify(src/atdrive_moab_tools/_3rd_party) by extension 'cmake'
[1.154s] Level 1:colcon.colcon_core.package_identification:_identify(src/atdrive_moab_tools/_3rd_party) by extension 'python'
[1.155s] Level 1:colcon.colcon_core.package_identification:_identify(src/atdrive_moab_tools/_3rd_party) by extensions ['python_setup_py']
[1.155s] Level 1:colcon.colcon_core.package_identification:_identify(src/atdrive_moab_tools/_3rd_party) by extension 'python_setup_py'
[1.155s] Level 1:colcon.colcon_core.package_identification:_identify(src/atdrive_moab_tools/_3rd_party/pymap3d) by extensions ['ignore', 'ignore_ament_install']
[1.155s] Level 1:colcon.colcon_core.package_identification:_identify(src/atdrive_moab_tools/_3rd_party/pymap3d) by extension 'ignore'
[1.155s] Level 1:colcon.colcon_core.package_identification:_identify(src/atdrive_moab_tools/_3rd_party/pymap3d) by extension 'ignore_ament_install'
[1.155s] Level 1:colcon.colcon_core.package_identification:_identify(src/atdrive_moab_tools/_3rd_party/pymap3d) by extensions ['colcon_pkg']
[1.155s] Level 1:colcon.colcon_core.package_identification:_identify(src/atdrive_moab_tools/_3rd_party/pymap3d) by extension 'colcon_pkg'
[1.155s] Level 1:colcon.colcon_core.package_identification:_identify(src/atdrive_moab_tools/_3rd_party/pymap3d) by extensions ['colcon_meta']
[1.155s] Level 1:colcon.colcon_core.package_identification:_identify(src/atdrive_moab_tools/_3rd_party/pymap3d) by extension 'colcon_meta'
[1.155s] Level 1:colcon.colcon_core.package_identification:_identify(src/atdrive_moab_tools/_3rd_party/pymap3d) by extensions ['ros']
[1.155s] Level 1:colcon.colcon_core.package_identification:_identify(src/atdrive_moab_tools/_3rd_party/pymap3d) by extension 'ros'
[1.155s] Level 1:colcon.colcon_core.package_identification:_identify(src/atdrive_moab_tools/_3rd_party/pymap3d) by extensions ['cmake', 'python']
[1.155s] Level 1:colcon.colcon_core.package_identification:_identify(src/atdrive_moab_tools/_3rd_party/pymap3d) by extension 'cmake'
[1.155s] Level 1:colcon.colcon_core.package_identification:_identify(src/atdrive_moab_tools/_3rd_party/pymap3d) by extension 'python'
[1.155s] Level 1:colcon.colcon_core.package_identification:_identify(src/atdrive_moab_tools/_3rd_party/pymap3d) by extensions ['python_setup_py']
[1.155s] Level 1:colcon.colcon_core.package_identification:_identify(src/atdrive_moab_tools/_3rd_party/pymap3d) by extension 'python_setup_py'
[1.155s] Level 1:colcon.colcon_core.package_identification:_identify(src/atdrive_moab_tools/protocols) by extensions ['ignore', 'ignore_ament_install']
[1.156s] Level 1:colcon.colcon_core.package_identification:_identify(src/atdrive_moab_tools/protocols) by extension 'ignore'
[1.156s] Level 1:colcon.colcon_core.package_identification:_identify(src/atdrive_moab_tools/protocols) by extension 'ignore_ament_install'
[1.156s] Level 1:colcon.colcon_core.package_identification:_identify(src/atdrive_moab_tools/protocols) by extensions ['colcon_pkg']
[1.156s] Level 1:colcon.colcon_core.package_identification:_identify(src/atdrive_moab_tools/protocols) by extension 'colcon_pkg'
[1.156s] Level 1:colcon.colcon_core.package_identification:_identify(src/atdrive_moab_tools/protocols) by extensions ['colcon_meta']
[1.156s] Level 1:colcon.colcon_core.package_identification:_identify(src/atdrive_moab_tools/protocols) by extension 'colcon_meta'
[1.156s] Level 1:colcon.colcon_core.package_identification:_identify(src/atdrive_moab_tools/protocols) by extensions ['ros']
[1.156s] Level 1:colcon.colcon_core.package_identification:_identify(src/atdrive_moab_tools/protocols) by extension 'ros'
[1.156s] Level 1:colcon.colcon_core.package_identification:_identify(src/atdrive_moab_tools/protocols) by extensions ['cmake', 'python']
[1.156s] Level 1:colcon.colcon_core.package_identification:_identify(src/atdrive_moab_tools/protocols) by extension 'cmake'
[1.156s] Level 1:colcon.colcon_core.package_identification:_identify(src/atdrive_moab_tools/protocols) by extension 'python'
[1.156s] Level 1:colcon.colcon_core.package_identification:_identify(src/atdrive_moab_tools/protocols) by extensions ['python_setup_py']
[1.156s] Level 1:colcon.colcon_core.package_identification:_identify(src/atdrive_moab_tools/protocols) by extension 'python_setup_py'
[1.156s] Level 1:colcon.colcon_core.package_identification:_identify(src/atdrive_moab_tools/testing_tools) by extensions ['ignore', 'ignore_ament_install']
[1.156s] Level 1:colcon.colcon_core.package_identification:_identify(src/atdrive_moab_tools/testing_tools) by extension 'ignore'
[1.156s] Level 1:colcon.colcon_core.package_identification:_identify(src/atdrive_moab_tools/testing_tools) by extension 'ignore_ament_install'
[1.157s] Level 1:colcon.colcon_core.package_identification:_identify(src/atdrive_moab_tools/testing_tools) by extensions ['colcon_pkg']
[1.157s] Level 1:colcon.colcon_core.package_identification:_identify(src/atdrive_moab_tools/testing_tools) by extension 'colcon_pkg'
[1.157s] Level 1:colcon.colcon_core.package_identification:_identify(src/atdrive_moab_tools/testing_tools) by extensions ['colcon_meta']
[1.157s] Level 1:colcon.colcon_core.package_identification:_identify(src/atdrive_moab_tools/testing_tools) by extension 'colcon_meta'
[1.157s] Level 1:colcon.colcon_core.package_identification:_identify(src/atdrive_moab_tools/testing_tools) by extensions ['ros']
[1.157s] Level 1:colcon.colcon_core.package_identification:_identify(src/atdrive_moab_tools/testing_tools) by extension 'ros'
[1.157s] Level 1:colcon.colcon_core.package_identification:_identify(src/atdrive_moab_tools/testing_tools) by extensions ['cmake', 'python']
[1.157s] Level 1:colcon.colcon_core.package_identification:_identify(src/atdrive_moab_tools/testing_tools) by extension 'cmake'
[1.157s] Level 1:colcon.colcon_core.package_identification:_identify(src/atdrive_moab_tools/testing_tools) by extension 'python'
[1.157s] Level 1:colcon.colcon_core.package_identification:_identify(src/atdrive_moab_tools/testing_tools) by extensions ['python_setup_py']
[1.157s] Level 1:colcon.colcon_core.package_identification:_identify(src/atdrive_moab_tools/testing_tools) by extension 'python_setup_py'
[1.157s] Level 1:colcon.colcon_core.package_identification:_identify(src/atdrive_moab_tools/utils) by extensions ['ignore', 'ignore_ament_install']
[1.157s] Level 1:colcon.colcon_core.package_identification:_identify(src/atdrive_moab_tools/utils) by extension 'ignore'
[1.157s] Level 1:colcon.colcon_core.package_identification:_identify(src/atdrive_moab_tools/utils) by extension 'ignore_ament_install'
[1.158s] Level 1:colcon.colcon_core.package_identification:_identify(src/atdrive_moab_tools/utils) by extensions ['colcon_pkg']
[1.158s] Level 1:colcon.colcon_core.package_identification:_identify(src/atdrive_moab_tools/utils) by extension 'colcon_pkg'
[1.158s] Level 1:colcon.colcon_core.package_identification:_identify(src/atdrive_moab_tools/utils) by extensions ['colcon_meta']
[1.158s] Level 1:colcon.colcon_core.package_identification:_identify(src/atdrive_moab_tools/utils) by extension 'colcon_meta'
[1.158s] Level 1:colcon.colcon_core.package_identification:_identify(src/atdrive_moab_tools/utils) by extensions ['ros']
[1.158s] Level 1:colcon.colcon_core.package_identification:_identify(src/atdrive_moab_tools/utils) by extension 'ros'
[1.158s] Level 1:colcon.colcon_core.package_identification:_identify(src/atdrive_moab_tools/utils) by extensions ['cmake', 'python']
[1.158s] Level 1:colcon.colcon_core.package_identification:_identify(src/atdrive_moab_tools/utils) by extension 'cmake'
[1.158s] Level 1:colcon.colcon_core.package_identification:_identify(src/atdrive_moab_tools/utils) by extension 'python'
[1.158s] Level 1:colcon.colcon_core.package_identification:_identify(src/atdrive_moab_tools/utils) by extensions ['python_setup_py']
[1.158s] Level 1:colcon.colcon_core.package_identification:_identify(src/atdrive_moab_tools/utils) by extension 'python_setup_py'
[1.158s] Level 1:colcon.colcon_core.package_identification:_identify(src/enelsis_bringup) by extensions ['ignore', 'ignore_ament_install']
[1.158s] Level 1:colcon.colcon_core.package_identification:_identify(src/enelsis_bringup) by extension 'ignore'
[1.158s] Level 1:colcon.colcon_core.package_identification:_identify(src/enelsis_bringup) by extension 'ignore_ament_install'
[1.159s] Level 1:colcon.colcon_core.package_identification:_identify(src/enelsis_bringup) by extensions ['colcon_pkg']
[1.159s] Level 1:colcon.colcon_core.package_identification:_identify(src/enelsis_bringup) by extension 'colcon_pkg'
[1.159s] Level 1:colcon.colcon_core.package_identification:_identify(src/enelsis_bringup) by extensions ['colcon_meta']
[1.159s] Level 1:colcon.colcon_core.package_identification:_identify(src/enelsis_bringup) by extension 'colcon_meta'
[1.159s] Level 1:colcon.colcon_core.package_identification:_identify(src/enelsis_bringup) by extensions ['ros']
[1.159s] Level 1:colcon.colcon_core.package_identification:_identify(src/enelsis_bringup) by extension 'ros'
[1.163s] DEBUG:colcon.colcon_core.package_identification:Package 'src/enelsis_bringup' with type 'ros.ament_python' and name 'enelsis_bringup'
[1.163s] Level 1:colcon.colcon_core.package_identification:_identify(src/lidar_mavlink_bridge) by extensions ['ignore', 'ignore_ament_install']
[1.163s] Level 1:colcon.colcon_core.package_identification:_identify(src/lidar_mavlink_bridge) by extension 'ignore'
[1.164s] Level 1:colcon.colcon_core.package_identification:_identify(src/lidar_mavlink_bridge) by extension 'ignore_ament_install'
[1.164s] Level 1:colcon.colcon_core.package_identification:_identify(src/lidar_mavlink_bridge) by extensions ['colcon_pkg']
[1.164s] Level 1:colcon.colcon_core.package_identification:_identify(src/lidar_mavlink_bridge) by extension 'colcon_pkg'
[1.164s] Level 1:colcon.colcon_core.package_identification:_identify(src/lidar_mavlink_bridge) by extensions ['colcon_meta']
[1.164s] Level 1:colcon.colcon_core.package_identification:_identify(src/lidar_mavlink_bridge) by extension 'colcon_meta'
[1.164s] Level 1:colcon.colcon_core.package_identification:_identify(src/lidar_mavlink_bridge) by extensions ['ros']
[1.164s] Level 1:colcon.colcon_core.package_identification:_identify(src/lidar_mavlink_bridge) by extension 'ros'
[1.165s] DEBUG:colcon.colcon_core.package_identification:Package 'src/lidar_mavlink_bridge' with type 'ros.ament_python' and name 'lidar_mavlink_bridge'
[1.165s] Level 1:colcon.colcon_core.package_identification:_identify(src/rf2o_laser_odometry) by extensions ['ignore', 'ignore_ament_install']
[1.165s] Level 1:colcon.colcon_core.package_identification:_identify(src/rf2o_laser_odometry) by extension 'ignore'
[1.165s] Level 1:colcon.colcon_core.package_identification:_identify(src/rf2o_laser_odometry) by extension 'ignore_ament_install'
[1.165s] Level 1:colcon.colcon_core.package_identification:_identify(src/rf2o_laser_odometry) by extensions ['colcon_pkg']
[1.165s] Level 1:colcon.colcon_core.package_identification:_identify(src/rf2o_laser_odometry) by extension 'colcon_pkg'
[1.165s] Level 1:colcon.colcon_core.package_identification:_identify(src/rf2o_laser_odometry) by extensions ['colcon_meta']
[1.165s] Level 1:colcon.colcon_core.package_identification:_identify(src/rf2o_laser_odometry) by extension 'colcon_meta'
[1.165s] Level 1:colcon.colcon_core.package_identification:_identify(src/rf2o_laser_odometry) by extensions ['ros']
[1.165s] Level 1:colcon.colcon_core.package_identification:_identify(src/rf2o_laser_odometry) by extension 'ros'
[1.167s] DEBUG:colcon.colcon_core.package_identification:Package 'src/rf2o_laser_odometry' with type 'ros.ament_cmake' and name 'rf2o_laser_odometry'
[1.167s] Level 1:colcon.colcon_core.package_identification:_identify(src/ydlidar_ros2_driver) by extensions ['ignore', 'ignore_ament_install']
[1.167s] Level 1:colcon.colcon_core.package_identification:_identify(src/ydlidar_ros2_driver) by extension 'ignore'
[1.167s] Level 1:colcon.colcon_core.package_identification:_identify(src/ydlidar_ros2_driver) by extension 'ignore_ament_install'
[1.167s] Level 1:colcon.colcon_core.package_identification:_identify(src/ydlidar_ros2_driver) by extensions ['colcon_pkg']
[1.167s] Level 1:colcon.colcon_core.package_identification:_identify(src/ydlidar_ros2_driver) by extension 'colcon_pkg'
[1.167s] Level 1:colcon.colcon_core.package_identification:_identify(src/ydlidar_ros2_driver) by extensions ['colcon_meta']
[1.167s] Level 1:colcon.colcon_core.package_identification:_identify(src/ydlidar_ros2_driver) by extension 'colcon_meta'
[1.167s] Level 1:colcon.colcon_core.package_identification:_identify(src/ydlidar_ros2_driver) by extensions ['ros']
[1.167s] Level 1:colcon.colcon_core.package_identification:_identify(src/ydlidar_ros2_driver) by extension 'ros'
[1.168s] DEBUG:colcon.colcon_core.package_identification:Package 'src/ydlidar_ros2_driver' with type 'ros.ament_cmake' and name 'ydlidar_ros2_driver'
[1.168s] Level 1:colcon.colcon_core.package_discovery:discover_packages(recursive) using defaults
[1.169s] Level 1:colcon.colcon_core.package_discovery:discover_packages(ignore) discover
[1.169s] Level 1:colcon.colcon_core.package_discovery:discover_packages(ignore) using defaults
[1.169s] Level 1:colcon.colcon_core.package_discovery:discover_packages(path) discover
[1.169s] Level 1:colcon.colcon_core.package_discovery:discover_packages(path) using defaults
[1.255s] INFO:colcon.colcon_core.package_selection:Skipping not selected package 'lidar_mavlink_bridge' in 'src/lidar_mavlink_bridge'
[1.255s] INFO:colcon.colcon_core.package_selection:Skipping not selected package 'rf2o_laser_odometry' in 'src/rf2o_laser_odometry'
[1.255s] INFO:colcon.colcon_core.package_selection:Skipping not selected package 'ydlidar_ros2_driver' in 'src/ydlidar_ros2_driver'
[1.255s] Level 1:colcon.colcon_core.package_discovery:discover_packages(prefix_path) check parameters
[1.255s] Level 1:colcon.colcon_core.package_discovery:discover_packages(prefix_path) discover
[1.278s] DEBUG:colcon.colcon_installed_package_information.package_discovery:Found 4 installed packages in /home/enelsis-pc/enelsis_moab_ws/install
[1.279s] DEBUG:colcon.colcon_installed_package_information.package_discovery:Found 1 installed packages in /home/enelsis-pc/ros2_ws/install
[1.280s] DEBUG:colcon.colcon_installed_package_information.package_discovery:Found 1 installed packages in /home/enelsis-pc/ydlidar_ros2_ws/install
[1.281s] DEBUG:colcon.colcon_installed_package_information.package_discovery:Found 5 installed packages in /home/enelsis-pc/mavlink_ws/install
[1.282s] DEBUG:colcon.colcon_installed_package_information.package_discovery:Found 2 installed packages in /home/enelsis-pc/harita_ws/install
[1.297s] DEBUG:colcon.colcon_installed_package_information.package_discovery:Found 346 installed packages in /home/enelsis-pc/ros2_humble/install
[1.300s] DEBUG:colcon.colcon_installed_package_information.package_discovery:Found 1 installed packages in /home/enelsis-pc/als_ros_ws/als_ros2/install
[1.304s] DEBUG:colcon.colcon_installed_package_information.package_discovery:Found 322 installed packages in /opt/ros/humble
[1.333s] Level 1:colcon.colcon_core.package_discovery:discover_packages(prefix_path) using defaults
[1.472s] Level 5:colcon.colcon_core.verb:set package 'enelsis_bringup' build argument 'cmake_args' from command line to '['-DCMAKE_BUILD_TYPE=Release']'
[1.472s] Level 5:colcon.colcon_core.verb:set package 'enelsis_bringup' build argument 'cmake_target' from command line to 'None'
[1.472s] Level 5:colcon.colcon_core.verb:set package 'enelsis_bringup' build argument 'cmake_target_skip_unavailable' from command line to 'False'
[1.472s] Level 5:colcon.colcon_core.verb:set package 'enelsis_bringup' build argument 'cmake_clean_cache' from command line to 'False'
[1.472s] Level 5:colcon.colcon_core.verb:set package 'enelsis_bringup' build argument 'cmake_clean_first' from command line to 'False'
[1.472s] Level 5:colcon.colcon_core.verb:set package 'enelsis_bringup' build argument 'cmake_force_configure' from command line to 'False'
[1.472s] Level 5:colcon.colcon_core.verb:set package 'enelsis_bringup' build argument 'ament_cmake_args' from command line to 'None'
[1.472s] Level 5:colcon.colcon_core.verb:set package 'enelsis_bringup' build argument 'catkin_cmake_args' from command line to 'None'
[1.472s] Level 5:colcon.colcon_core.verb:set package 'enelsis_bringup' build argument 'catkin_skip_building_tests' from command line to 'False'
[1.472s] DEBUG:colcon.colcon_core.verb:Building package 'enelsis_bringup' with the following arguments: {'ament_cmake_args': None, 'build_base': '/home/enelsis-pc/enelsis_moab_ws/build/enelsis_bringup', 'catkin_cmake_args': None, 'catkin_skip_building_tests': False, 'cmake_args': ['-DCMAKE_BUILD_TYPE=Release'], 'cmake_clean_cache': False, 'cmake_clean_first': False, 'cmake_force_configure': False, 'cmake_target': None, 'cmake_target_skip_unavailable': False, 'install_base': '/home/enelsis-pc/enelsis_moab_ws/install/enelsis_bringup', 'merge_install': False, 'path': '/home/enelsis-pc/enelsis_moab_ws/src/enelsis_bringup', 'symlink_install': True, 'test_result_base': None}
[1.473s] INFO:colcon.colcon_core.executor:Executing jobs using 'parallel' executor
[1.474s] DEBUG:colcon.colcon_parallel_executor.executor.parallel:run_until_complete
[1.475s] INFO:colcon.colcon_ros.task.ament_python.build:Building ROS package in '/home/enelsis-pc/enelsis_moab_ws/src/enelsis_bringup' with build type 'ament_python'
[1.475s] Level 1:colcon.colcon_core.shell:create_environment_hook('enelsis_bringup', 'ament_prefix_path')
[1.487s] INFO:colcon.colcon_core.plugin_system:Skipping extension 'colcon_core.shell.bat': Not used on non-Windows systems
[1.488s] INFO:colcon.colcon_core.shell:Creating environment hook '/home/enelsis-pc/enelsis_moab_ws/install/enelsis_bringup/share/enelsis_bringup/hook/ament_prefix_path.ps1'
[1.489s] INFO:colcon.colcon_core.shell:Creating environment descriptor '/home/enelsis-pc/enelsis_moab_ws/install/enelsis_bringup/share/enelsis_bringup/hook/ament_prefix_path.dsv'
[1.489s] INFO:colcon.colcon_core.shell:Creating environment hook '/home/enelsis-pc/enelsis_moab_ws/install/enelsis_bringup/share/enelsis_bringup/hook/ament_prefix_path.sh'
[1.490s] INFO:colcon.colcon_core.shell:Skip shell extension 'powershell' for command environment: Not usable outside of PowerShell
[1.490s] DEBUG:colcon.colcon_core.shell:Skip shell extension 'dsv' for command environment
[2.745s] INFO:colcon.colcon_core.task.python.build:Building Python package in '/home/enelsis-pc/enelsis_moab_ws/src/enelsis_bringup'
[2.746s] INFO:colcon.colcon_core.shell:Skip shell extension 'powershell' for command environment: Not usable outside of PowerShell
[2.746s] DEBUG:colcon.colcon_core.shell:Skip shell extension 'dsv' for command environment
[4.531s] DEBUG:colcon.colcon_core.event_handler.log_command:Invoking command in '/home/enelsis-pc/enelsis_moab_ws/build/enelsis_bringup': PYTHONPATH=/home/enelsis-pc/enelsis_moab_ws/build/enelsis_bringup/prefix_override:/usr/lib/python3/dist-packages/colcon_core/task/python/colcon_distutils_commands:/home/enelsis-pc/enelsis_moab_ws/install/enelsis_bringup/lib/python3.10/site-packages:${PYTHONPATH} /usr/bin/python3 -W ignore:setup.py install is deprecated -W ignore:easy_install command is deprecated setup.py develop --editable --build-directory /home/enelsis-pc/enelsis_moab_ws/build/enelsis_bringup/build --no-deps symlink_data
[6.579s] Level 1:colcon.colcon_core.shell:create_environment_hook('enelsis_bringup', 'pythonpath_develop')
[6.580s] INFO:colcon.colcon_core.shell:Creating environment hook '/home/enelsis-pc/enelsis_moab_ws/build/enelsis_bringup/share/enelsis_bringup/hook/pythonpath_develop.ps1'
[6.581s] DEBUG:colcon.colcon_core.event_handler.log_command:Invoked command in '/home/enelsis-pc/enelsis_moab_ws/build/enelsis_bringup' returned '0': PYTHONPATH=/home/enelsis-pc/enelsis_moab_ws/build/enelsis_bringup/prefix_override:/usr/lib/python3/dist-packages/colcon_core/task/python/colcon_distutils_commands:/home/enelsis-pc/enelsis_moab_ws/install/enelsis_bringup/lib/python3.10/site-packages:${PYTHONPATH} /usr/bin/python3 -W ignore:setup.py install is deprecated -W ignore:easy_install command is deprecated setup.py develop --editable --build-directory /home/enelsis-pc/enelsis_moab_ws/build/enelsis_bringup/build --no-deps symlink_data
[6.581s] INFO:colcon.colcon_core.shell:Creating environment descriptor '/home/enelsis-pc/enelsis_moab_ws/build/enelsis_bringup/share/enelsis_bringup/hook/pythonpath_develop.dsv'
[6.582s] INFO:colcon.colcon_core.shell:Creating environment hook '/home/enelsis-pc/enelsis_moab_ws/build/enelsis_bringup/share/enelsis_bringup/hook/pythonpath_develop.sh'
[6.592s] Level 1:colcon.colcon_core.environment:checking '/home/enelsis-pc/enelsis_moab_ws/install/enelsis_bringup' for CMake module files
[6.593s] Level 1:colcon.colcon_core.environment:checking '/home/enelsis-pc/enelsis_moab_ws/install/enelsis_bringup' for CMake config files
[6.594s] Level 1:colcon.colcon_core.environment:checking '/home/enelsis-pc/enelsis_moab_ws/install/enelsis_bringup/lib'
[6.594s] Level 1:colcon.colcon_core.environment:checking '/home/enelsis-pc/enelsis_moab_ws/install/enelsis_bringup/bin'
[6.594s] Level 1:colcon.colcon_core.environment:checking '/home/enelsis-pc/enelsis_moab_ws/install/enelsis_bringup/lib/pkgconfig/enelsis_bringup.pc'
[6.595s] Level 1:colcon.colcon_core.environment:checking '/home/enelsis-pc/enelsis_moab_ws/install/enelsis_bringup/lib/python3.10/site-packages'
[6.595s] Level 1:colcon.colcon_core.shell:create_environment_hook('enelsis_bringup', 'pythonpath')
[6.595s] INFO:colcon.colcon_core.shell:Creating environment hook '/home/enelsis-pc/enelsis_moab_ws/install/enelsis_bringup/share/enelsis_bringup/hook/pythonpath.ps1'
[6.596s] INFO:colcon.colcon_core.shell:Creating environment descriptor '/home/enelsis-pc/enelsis_moab_ws/install/enelsis_bringup/share/enelsis_bringup/hook/pythonpath.dsv'
[6.596s] INFO:colcon.colcon_core.shell:Creating environment hook '/home/enelsis-pc/enelsis_moab_ws/install/enelsis_bringup/share/enelsis_bringup/hook/pythonpath.sh'
[6.597s] Level 1:colcon.colcon_core.environment:checking '/home/enelsis-pc/enelsis_moab_ws/install/enelsis_bringup/bin'
[6.597s] Level 1:colcon.colcon_core.environment:create_environment_scripts_only(enelsis_bringup)
[6.598s] INFO:colcon.colcon_core.shell:Creating package script '/home/enelsis-pc/enelsis_moab_ws/install/enelsis_bringup/share/enelsis_bringup/package.ps1'
[6.599s] INFO:colcon.colcon_core.shell:Creating package descriptor '/home/enelsis-pc/enelsis_moab_ws/install/enelsis_bringup/share/enelsis_bringup/package.dsv'
[6.599s] INFO:colcon.colcon_core.shell:Creating package script '/home/enelsis-pc/enelsis_moab_ws/install/enelsis_bringup/share/enelsis_bringup/package.sh'
[6.601s] INFO:colcon.colcon_core.shell:Creating package script '/home/enelsis-pc/enelsis_moab_ws/install/enelsis_bringup/share/enelsis_bringup/package.bash'
[6.602s] INFO:colcon.colcon_core.shell:Creating package script '/home/enelsis-pc/enelsis_moab_ws/install/enelsis_bringup/share/enelsis_bringup/package.zsh'
[6.603s] Level 1:colcon.colcon_core.environment:create_file_with_runtime_dependencies(/home/enelsis-pc/enelsis_moab_ws/install/enelsis_bringup/share/colcon-core/packages/enelsis_bringup)
[6.604s] DEBUG:colcon.colcon_parallel_executor.executor.parallel:closing loop
[6.605s] DEBUG:colcon.colcon_parallel_executor.executor.parallel:loop closed
[6.606s] DEBUG:colcon.colcon_parallel_executor.executor.parallel:run_until_complete finished with '0'
[6.606s] DEBUG:colcon.colcon_core.event_reactor:joining thread
[6.632s] INFO:colcon.colcon_core.plugin_system:Skipping extension 'colcon_notification.desktop_notification.terminal_notifier': Not used on non-Darwin systems
[6.632s] INFO:colcon.colcon_core.plugin_system:Skipping extension 'colcon_notification.desktop_notification.win32': Not used on non-Windows systems
[6.632s] INFO:colcon.colcon_notification.desktop_notification:Sending desktop notification using 'notify2'
[6.643s] DEBUG:colcon.colcon_core.event_reactor:joined thread
[6.643s] INFO:colcon.colcon_core.shell:Creating prefix script '/home/enelsis-pc/enelsis_moab_ws/install/local_setup.ps1'
[6.646s] INFO:colcon.colcon_core.shell:Creating prefix util module '/home/enelsis-pc/enelsis_moab_ws/install/_local_setup_util_ps1.py'
[6.647s] INFO:colcon.colcon_core.shell:Creating prefix chain script '/home/enelsis-pc/enelsis_moab_ws/install/setup.ps1'
[6.671s] INFO:colcon.colcon_core.shell:Creating prefix script '/home/enelsis-pc/enelsis_moab_ws/install/local_setup.sh'
[6.673s] INFO:colcon.colcon_core.shell:Creating prefix util module '/home/enelsis-pc/enelsis_moab_ws/install/_local_setup_util_sh.py'
[6.674s] INFO:colcon.colcon_core.shell:Creating prefix chain script '/home/enelsis-pc/enelsis_moab_ws/install/setup.sh'
[6.694s] INFO:colcon.colcon_core.shell:Creating prefix script '/home/enelsis-pc/enelsis_moab_ws/install/local_setup.bash'
[6.694s] INFO:colcon.colcon_core.shell:Creating prefix chain script '/home/enelsis-pc/enelsis_moab_ws/install/setup.bash'
[6.721s] INFO:colcon.colcon_core.shell:Creating prefix script '/home/enelsis-pc/enelsis_moab_ws/install/local_setup.zsh'
[6.723s] INFO:colcon.colcon_core.shell:Creating prefix chain script '/home/enelsis-pc/enelsis_moab_ws/install/setup.zsh'
