[2.578s] Invoking command in '/home/enelsis-pc/enelsis_moab_ws/build/enelsis_bringup': PYTHONPATH=/home/enelsis-pc/enelsis_moab_ws/build/enelsis_bringup/prefix_override:/usr/lib/python3/dist-packages/colcon_core/task/python/colcon_distutils_commands:/home/enelsis-pc/enelsis_moab_ws/install/enelsis_bringup/lib/python3.10/site-packages:${PYTHONPATH} /usr/bin/python3 -W ignore:setup.py install is deprecated -W ignore:easy_install command is deprecated setup.py develop --editable --build-directory /home/enelsis-pc/enelsis_moab_ws/build/enelsis_bringup/build --no-deps symlink_data
[3.920s] running develop
[4.602s] running egg_info
[4.603s] writing enelsis_bringup.egg-info/PKG-INFO
[4.603s] writing dependency_links to enelsis_bringup.egg-info/dependency_links.txt
[4.603s] writing entry points to enelsis_bringup.egg-info/entry_points.txt
[4.604s] writing requirements to enelsis_bringup.egg-info/requires.txt
[4.604s] writing top-level names to enelsis_bringup.egg-info/top_level.txt
[4.652s] reading manifest file 'enelsis_bringup.egg-info/SOURCES.txt'
[4.654s] writing manifest file 'enelsis_bringup.egg-info/SOURCES.txt'
[4.662s] running build_ext
[4.662s] Creating /home/enelsis-pc/enelsis_moab_ws/install/enelsis_bringup/lib/python3.10/site-packages/enelsis-bringup.egg-link (link to .)
[4.664s] 
[4.664s] Installed /home/enelsis-pc/enelsis_moab_ws/build/enelsis_bringup
[4.664s] running symlink_data
[4.665s] symbolically linking /home/enelsis-pc/enelsis_moab_ws/build/enelsis_bringup/config/ekf_enhanced.yaml -> /home/enelsis-pc/enelsis_moab_ws/install/enelsis_bringup/share/enelsis_bringup/config
[4.665s] symbolically linking /home/enelsis-pc/enelsis_moab_ws/build/enelsis_bringup/config/ekf_imu_lidar.yaml -> /home/enelsis-pc/enelsis_moab_ws/install/enelsis_bringup/share/enelsis_bringup/config
[4.665s] symbolically linking /home/enelsis-pc/enelsis_moab_ws/build/enelsis_bringup/config/cartographer_sera.lua -> /home/enelsis-pc/enelsis_moab_ws/install/enelsis_bringup/share/enelsis_bringup/config
[4.666s] symbolically linking /home/enelsis-pc/enelsis_moab_ws/build/enelsis_bringup/config/laser_filters_sera.yaml -> /home/enelsis-pc/enelsis_moab_ws/install/enelsis_bringup/share/enelsis_bringup/config
[4.666s] symbolically linking /home/enelsis-pc/enelsis_moab_ws/build/enelsis_bringup/config/slam_toolbox_simple.yaml -> /home/enelsis-pc/enelsis_moab_ws/install/enelsis_bringup/share/enelsis_bringup/config
[4.666s] symbolically linking /home/enelsis-pc/enelsis_moab_ws/build/enelsis_bringup/config/visualization.rviz -> /home/enelsis-pc/enelsis_moab_ws/install/enelsis_bringup/share/enelsis_bringup/config
[4.761s] Invoked command in '/home/enelsis-pc/enelsis_moab_ws/build/enelsis_bringup' returned '0': PYTHONPATH=/home/enelsis-pc/enelsis_moab_ws/build/enelsis_bringup/prefix_override:/usr/lib/python3/dist-packages/colcon_core/task/python/colcon_distutils_commands:/home/enelsis-pc/enelsis_moab_ws/install/enelsis_bringup/lib/python3.10/site-packages:${PYTHONPATH} /usr/bin/python3 -W ignore:setup.py install is deprecated -W ignore:easy_install command is deprecated setup.py develop --editable --build-directory /home/enelsis-pc/enelsis_moab_ws/build/enelsis_bringup/build --no-deps symlink_data
