[0.292s] DEBUG:colcon:Command line arguments: ['/usr/bin/colcon', 'build', '--packages-select', 'ydlidar_ros2_driver', 'rf2o_laser_odometry']
[0.293s] DEBUG:colcon:Parsed command line arguments: Namespace(log_base=None, log_level=None, verb_name='build', build_base='build', install_base='install', merge_install=False, symlink_install=False, test_result_base=None, continue_on_error=False, executor='parallel', parallel_workers=8, event_handlers=None, ignore_user_meta=False, metas=['./colcon.meta'], base_paths=['.'], packages_ignore=None, packages_ignore_regex=None, paths=None, packages_up_to=None, packages_up_to_regex=None, packages_above=None, packages_above_and_dependencies=None, packages_above_depth=None, packages_select_by_dep=None, packages_skip_by_dep=None, packages_skip_up_to=None, packages_select_build_failed=False, packages_skip_build_finished=False, packages_select_test_failures=False, packages_skip_test_passed=False, packages_select=['ydlidar_ros2_driver', 'rf2o_laser_odometry'], packages_skip=None, packages_select_regex=None, packages_skip_regex=None, packages_start=None, packages_end=None, allow_overriding=[], cmake_args=None, cmake_target=None, cmake_target_skip_unavailable=False, cmake_clean_cache=False, cmake_clean_first=False, cmake_force_configure=False, ament_cmake_args=None, catkin_cmake_args=None, catkin_skip_building_tests=False, mixin_files=None, mixin=None, verb_parser=<colcon_mixin.mixin.mixin_argument.MixinArgumentDecorator object at 0x7fe89c61fac0>, verb_extension=<colcon_core.verb.build.BuildVerb object at 0x7fe89c5650f0>, main=<bound method BuildVerb.main of <colcon_core.verb.build.BuildVerb object at 0x7fe89c5650f0>>, mixin_verb=('build',))
[0.819s] Level 1:colcon.colcon_core.package_discovery:discover_packages(colcon_meta) check parameters
[0.820s] Level 1:colcon.colcon_core.package_discovery:discover_packages(recursive) check parameters
[0.820s] Level 1:colcon.colcon_core.package_discovery:discover_packages(ignore) check parameters
[0.820s] Level 1:colcon.colcon_core.package_discovery:discover_packages(path) check parameters
[0.820s] Level 1:colcon.colcon_core.package_discovery:discover_packages(colcon_meta) discover
[0.820s] Level 1:colcon.colcon_core.package_discovery:discover_packages(recursive) discover
[0.820s] INFO:colcon.colcon_core.package_discovery:Crawling recursively for packages in '/home/enelsis-pc/enelsis_moab_ws'
[0.820s] Level 1:colcon.colcon_core.package_identification:_identify(.) by extensions ['ignore', 'ignore_ament_install']
[0.820s] Level 1:colcon.colcon_core.package_identification:_identify(.) by extension 'ignore'
[0.820s] Level 1:colcon.colcon_core.package_identification:_identify(.) by extension 'ignore_ament_install'
[0.820s] Level 1:colcon.colcon_core.package_identification:_identify(.) by extensions ['colcon_pkg']
[0.820s] Level 1:colcon.colcon_core.package_identification:_identify(.) by extension 'colcon_pkg'
[0.820s] Level 1:colcon.colcon_core.package_identification:_identify(.) by extensions ['colcon_meta']
[0.820s] Level 1:colcon.colcon_core.package_identification:_identify(.) by extension 'colcon_meta'
[0.820s] Level 1:colcon.colcon_core.package_identification:_identify(.) by extensions ['ros']
[0.820s] Level 1:colcon.colcon_core.package_identification:_identify(.) by extension 'ros'
[0.835s] Level 1:colcon.colcon_core.package_identification:_identify(.) by extensions ['cmake', 'python']
[0.835s] Level 1:colcon.colcon_core.package_identification:_identify(.) by extension 'cmake'
[0.835s] Level 1:colcon.colcon_core.package_identification:_identify(.) by extension 'python'
[0.836s] Level 1:colcon.colcon_core.package_identification:_identify(.) by extensions ['python_setup_py']
[0.836s] Level 1:colcon.colcon_core.package_identification:_identify(.) by extension 'python_setup_py'
[0.836s] Level 1:colcon.colcon_core.package_identification:_identify(build) by extensions ['ignore', 'ignore_ament_install']
[0.836s] Level 1:colcon.colcon_core.package_identification:_identify(build) by extension 'ignore'
[0.836s] Level 1:colcon.colcon_core.package_identification:_identify(build) ignored
[0.836s] Level 1:colcon.colcon_core.package_identification:_identify(config) by extensions ['ignore', 'ignore_ament_install']
[0.836s] Level 1:colcon.colcon_core.package_identification:_identify(config) by extension 'ignore'
[0.836s] Level 1:colcon.colcon_core.package_identification:_identify(config) by extension 'ignore_ament_install'
[0.836s] Level 1:colcon.colcon_core.package_identification:_identify(config) by extensions ['colcon_pkg']
[0.836s] Level 1:colcon.colcon_core.package_identification:_identify(config) by extension 'colcon_pkg'
[0.836s] Level 1:colcon.colcon_core.package_identification:_identify(config) by extensions ['colcon_meta']
[0.837s] Level 1:colcon.colcon_core.package_identification:_identify(config) by extension 'colcon_meta'
[0.837s] Level 1:colcon.colcon_core.package_identification:_identify(config) by extensions ['ros']
[0.837s] Level 1:colcon.colcon_core.package_identification:_identify(config) by extension 'ros'
[0.837s] Level 1:colcon.colcon_core.package_identification:_identify(config) by extensions ['cmake', 'python']
[0.837s] Level 1:colcon.colcon_core.package_identification:_identify(config) by extension 'cmake'
[0.837s] Level 1:colcon.colcon_core.package_identification:_identify(config) by extension 'python'
[0.837s] Level 1:colcon.colcon_core.package_identification:_identify(config) by extensions ['python_setup_py']
[0.837s] Level 1:colcon.colcon_core.package_identification:_identify(config) by extension 'python_setup_py'
[0.837s] Level 1:colcon.colcon_core.package_identification:_identify(install) by extensions ['ignore', 'ignore_ament_install']
[0.837s] Level 1:colcon.colcon_core.package_identification:_identify(install) by extension 'ignore'
[0.837s] Level 1:colcon.colcon_core.package_identification:_identify(install) ignored
[0.837s] Level 1:colcon.colcon_core.package_identification:_identify(log) by extensions ['ignore', 'ignore_ament_install']
[0.837s] Level 1:colcon.colcon_core.package_identification:_identify(log) by extension 'ignore'
[0.837s] Level 1:colcon.colcon_core.package_identification:_identify(log) ignored
[0.838s] Level 1:colcon.colcon_core.package_identification:_identify(maps) by extensions ['ignore', 'ignore_ament_install']
[0.838s] Level 1:colcon.colcon_core.package_identification:_identify(maps) by extension 'ignore'
[0.838s] Level 1:colcon.colcon_core.package_identification:_identify(maps) by extension 'ignore_ament_install'
[0.838s] Level 1:colcon.colcon_core.package_identification:_identify(maps) by extensions ['colcon_pkg']
[0.838s] Level 1:colcon.colcon_core.package_identification:_identify(maps) by extension 'colcon_pkg'
[0.838s] Level 1:colcon.colcon_core.package_identification:_identify(maps) by extensions ['colcon_meta']
[0.838s] Level 1:colcon.colcon_core.package_identification:_identify(maps) by extension 'colcon_meta'
[0.838s] Level 1:colcon.colcon_core.package_identification:_identify(maps) by extensions ['ros']
[0.838s] Level 1:colcon.colcon_core.package_identification:_identify(maps) by extension 'ros'
[0.838s] Level 1:colcon.colcon_core.package_identification:_identify(maps) by extensions ['cmake', 'python']
[0.838s] Level 1:colcon.colcon_core.package_identification:_identify(maps) by extension 'cmake'
[0.838s] Level 1:colcon.colcon_core.package_identification:_identify(maps) by extension 'python'
[0.838s] Level 1:colcon.colcon_core.package_identification:_identify(maps) by extensions ['python_setup_py']
[0.838s] Level 1:colcon.colcon_core.package_identification:_identify(maps) by extension 'python_setup_py'
[0.838s] Level 1:colcon.colcon_core.package_identification:_identify(src) by extensions ['ignore', 'ignore_ament_install']
[0.839s] Level 1:colcon.colcon_core.package_identification:_identify(src) by extension 'ignore'
[0.839s] Level 1:colcon.colcon_core.package_identification:_identify(src) by extension 'ignore_ament_install'
[0.839s] Level 1:colcon.colcon_core.package_identification:_identify(src) by extensions ['colcon_pkg']
[0.839s] Level 1:colcon.colcon_core.package_identification:_identify(src) by extension 'colcon_pkg'
[0.839s] Level 1:colcon.colcon_core.package_identification:_identify(src) by extensions ['colcon_meta']
[0.839s] Level 1:colcon.colcon_core.package_identification:_identify(src) by extension 'colcon_meta'
[0.839s] Level 1:colcon.colcon_core.package_identification:_identify(src) by extensions ['ros']
[0.839s] Level 1:colcon.colcon_core.package_identification:_identify(src) by extension 'ros'
[0.839s] Level 1:colcon.colcon_core.package_identification:_identify(src) by extensions ['cmake', 'python']
[0.839s] Level 1:colcon.colcon_core.package_identification:_identify(src) by extension 'cmake'
[0.839s] Level 1:colcon.colcon_core.package_identification:_identify(src) by extension 'python'
[0.839s] Level 1:colcon.colcon_core.package_identification:_identify(src) by extensions ['python_setup_py']
[0.839s] Level 1:colcon.colcon_core.package_identification:_identify(src) by extension 'python_setup_py'
[0.839s] Level 1:colcon.colcon_core.package_identification:_identify(src/atdrive_moab_tools) by extensions ['ignore', 'ignore_ament_install']
[0.839s] Level 1:colcon.colcon_core.package_identification:_identify(src/atdrive_moab_tools) by extension 'ignore'
[0.840s] Level 1:colcon.colcon_core.package_identification:_identify(src/atdrive_moab_tools) by extension 'ignore_ament_install'
[0.840s] Level 1:colcon.colcon_core.package_identification:_identify(src/atdrive_moab_tools) by extensions ['colcon_pkg']
[0.840s] Level 1:colcon.colcon_core.package_identification:_identify(src/atdrive_moab_tools) by extension 'colcon_pkg'
[0.840s] Level 1:colcon.colcon_core.package_identification:_identify(src/atdrive_moab_tools) by extensions ['colcon_meta']
[0.840s] Level 1:colcon.colcon_core.package_identification:_identify(src/atdrive_moab_tools) by extension 'colcon_meta'
[0.840s] Level 1:colcon.colcon_core.package_identification:_identify(src/atdrive_moab_tools) by extensions ['ros']
[0.840s] Level 1:colcon.colcon_core.package_identification:_identify(src/atdrive_moab_tools) by extension 'ros'
[0.840s] Level 1:colcon.colcon_core.package_identification:_identify(src/atdrive_moab_tools) by extensions ['cmake', 'python']
[0.840s] Level 1:colcon.colcon_core.package_identification:_identify(src/atdrive_moab_tools) by extension 'cmake'
[0.840s] Level 1:colcon.colcon_core.package_identification:_identify(src/atdrive_moab_tools) by extension 'python'
[0.840s] Level 1:colcon.colcon_core.package_identification:_identify(src/atdrive_moab_tools) by extensions ['python_setup_py']
[0.840s] Level 1:colcon.colcon_core.package_identification:_identify(src/atdrive_moab_tools) by extension 'python_setup_py'
[0.840s] Level 1:colcon.colcon_core.package_identification:_identify(src/atdrive_moab_tools/Notes) by extensions ['ignore', 'ignore_ament_install']
[0.840s] Level 1:colcon.colcon_core.package_identification:_identify(src/atdrive_moab_tools/Notes) by extension 'ignore'
[0.840s] Level 1:colcon.colcon_core.package_identification:_identify(src/atdrive_moab_tools/Notes) by extension 'ignore_ament_install'
[0.840s] Level 1:colcon.colcon_core.package_identification:_identify(src/atdrive_moab_tools/Notes) by extensions ['colcon_pkg']
[0.840s] Level 1:colcon.colcon_core.package_identification:_identify(src/atdrive_moab_tools/Notes) by extension 'colcon_pkg'
[0.841s] Level 1:colcon.colcon_core.package_identification:_identify(src/atdrive_moab_tools/Notes) by extensions ['colcon_meta']
[0.841s] Level 1:colcon.colcon_core.package_identification:_identify(src/atdrive_moab_tools/Notes) by extension 'colcon_meta'
[0.841s] Level 1:colcon.colcon_core.package_identification:_identify(src/atdrive_moab_tools/Notes) by extensions ['ros']
[0.841s] Level 1:colcon.colcon_core.package_identification:_identify(src/atdrive_moab_tools/Notes) by extension 'ros'
[0.841s] Level 1:colcon.colcon_core.package_identification:_identify(src/atdrive_moab_tools/Notes) by extensions ['cmake', 'python']
[0.841s] Level 1:colcon.colcon_core.package_identification:_identify(src/atdrive_moab_tools/Notes) by extension 'cmake'
[0.841s] Level 1:colcon.colcon_core.package_identification:_identify(src/atdrive_moab_tools/Notes) by extension 'python'
[0.841s] Level 1:colcon.colcon_core.package_identification:_identify(src/atdrive_moab_tools/Notes) by extensions ['python_setup_py']
[0.841s] Level 1:colcon.colcon_core.package_identification:_identify(src/atdrive_moab_tools/Notes) by extension 'python_setup_py'
[0.841s] Level 1:colcon.colcon_core.package_identification:_identify(src/atdrive_moab_tools/_3rd_party) by extensions ['ignore', 'ignore_ament_install']
[0.841s] Level 1:colcon.colcon_core.package_identification:_identify(src/atdrive_moab_tools/_3rd_party) by extension 'ignore'
[0.841s] Level 1:colcon.colcon_core.package_identification:_identify(src/atdrive_moab_tools/_3rd_party) by extension 'ignore_ament_install'
[0.841s] Level 1:colcon.colcon_core.package_identification:_identify(src/atdrive_moab_tools/_3rd_party) by extensions ['colcon_pkg']
[0.841s] Level 1:colcon.colcon_core.package_identification:_identify(src/atdrive_moab_tools/_3rd_party) by extension 'colcon_pkg'
[0.841s] Level 1:colcon.colcon_core.package_identification:_identify(src/atdrive_moab_tools/_3rd_party) by extensions ['colcon_meta']
[0.841s] Level 1:colcon.colcon_core.package_identification:_identify(src/atdrive_moab_tools/_3rd_party) by extension 'colcon_meta'
[0.842s] Level 1:colcon.colcon_core.package_identification:_identify(src/atdrive_moab_tools/_3rd_party) by extensions ['ros']
[0.842s] Level 1:colcon.colcon_core.package_identification:_identify(src/atdrive_moab_tools/_3rd_party) by extension 'ros'
[0.842s] Level 1:colcon.colcon_core.package_identification:_identify(src/atdrive_moab_tools/_3rd_party) by extensions ['cmake', 'python']
[0.842s] Level 1:colcon.colcon_core.package_identification:_identify(src/atdrive_moab_tools/_3rd_party) by extension 'cmake'
[0.842s] Level 1:colcon.colcon_core.package_identification:_identify(src/atdrive_moab_tools/_3rd_party) by extension 'python'
[0.842s] Level 1:colcon.colcon_core.package_identification:_identify(src/atdrive_moab_tools/_3rd_party) by extensions ['python_setup_py']
[0.842s] Level 1:colcon.colcon_core.package_identification:_identify(src/atdrive_moab_tools/_3rd_party) by extension 'python_setup_py'
[0.842s] Level 1:colcon.colcon_core.package_identification:_identify(src/atdrive_moab_tools/_3rd_party/pymap3d) by extensions ['ignore', 'ignore_ament_install']
[0.842s] Level 1:colcon.colcon_core.package_identification:_identify(src/atdrive_moab_tools/_3rd_party/pymap3d) by extension 'ignore'
[0.842s] Level 1:colcon.colcon_core.package_identification:_identify(src/atdrive_moab_tools/_3rd_party/pymap3d) by extension 'ignore_ament_install'
[0.842s] Level 1:colcon.colcon_core.package_identification:_identify(src/atdrive_moab_tools/_3rd_party/pymap3d) by extensions ['colcon_pkg']
[0.842s] Level 1:colcon.colcon_core.package_identification:_identify(src/atdrive_moab_tools/_3rd_party/pymap3d) by extension 'colcon_pkg'
[0.842s] Level 1:colcon.colcon_core.package_identification:_identify(src/atdrive_moab_tools/_3rd_party/pymap3d) by extensions ['colcon_meta']
[0.842s] Level 1:colcon.colcon_core.package_identification:_identify(src/atdrive_moab_tools/_3rd_party/pymap3d) by extension 'colcon_meta'
[0.842s] Level 1:colcon.colcon_core.package_identification:_identify(src/atdrive_moab_tools/_3rd_party/pymap3d) by extensions ['ros']
[0.842s] Level 1:colcon.colcon_core.package_identification:_identify(src/atdrive_moab_tools/_3rd_party/pymap3d) by extension 'ros'
[0.843s] Level 1:colcon.colcon_core.package_identification:_identify(src/atdrive_moab_tools/_3rd_party/pymap3d) by extensions ['cmake', 'python']
[0.843s] Level 1:colcon.colcon_core.package_identification:_identify(src/atdrive_moab_tools/_3rd_party/pymap3d) by extension 'cmake'
[0.843s] Level 1:colcon.colcon_core.package_identification:_identify(src/atdrive_moab_tools/_3rd_party/pymap3d) by extension 'python'
[0.843s] Level 1:colcon.colcon_core.package_identification:_identify(src/atdrive_moab_tools/_3rd_party/pymap3d) by extensions ['python_setup_py']
[0.843s] Level 1:colcon.colcon_core.package_identification:_identify(src/atdrive_moab_tools/_3rd_party/pymap3d) by extension 'python_setup_py'
[0.843s] Level 1:colcon.colcon_core.package_identification:_identify(src/atdrive_moab_tools/protocols) by extensions ['ignore', 'ignore_ament_install']
[0.843s] Level 1:colcon.colcon_core.package_identification:_identify(src/atdrive_moab_tools/protocols) by extension 'ignore'
[0.843s] Level 1:colcon.colcon_core.package_identification:_identify(src/atdrive_moab_tools/protocols) by extension 'ignore_ament_install'
[0.843s] Level 1:colcon.colcon_core.package_identification:_identify(src/atdrive_moab_tools/protocols) by extensions ['colcon_pkg']
[0.843s] Level 1:colcon.colcon_core.package_identification:_identify(src/atdrive_moab_tools/protocols) by extension 'colcon_pkg'
[0.843s] Level 1:colcon.colcon_core.package_identification:_identify(src/atdrive_moab_tools/protocols) by extensions ['colcon_meta']
[0.843s] Level 1:colcon.colcon_core.package_identification:_identify(src/atdrive_moab_tools/protocols) by extension 'colcon_meta'
[0.843s] Level 1:colcon.colcon_core.package_identification:_identify(src/atdrive_moab_tools/protocols) by extensions ['ros']
[0.843s] Level 1:colcon.colcon_core.package_identification:_identify(src/atdrive_moab_tools/protocols) by extension 'ros'
[0.844s] Level 1:colcon.colcon_core.package_identification:_identify(src/atdrive_moab_tools/protocols) by extensions ['cmake', 'python']
[0.844s] Level 1:colcon.colcon_core.package_identification:_identify(src/atdrive_moab_tools/protocols) by extension 'cmake'
[0.844s] Level 1:colcon.colcon_core.package_identification:_identify(src/atdrive_moab_tools/protocols) by extension 'python'
[0.844s] Level 1:colcon.colcon_core.package_identification:_identify(src/atdrive_moab_tools/protocols) by extensions ['python_setup_py']
[0.844s] Level 1:colcon.colcon_core.package_identification:_identify(src/atdrive_moab_tools/protocols) by extension 'python_setup_py'
[0.844s] Level 1:colcon.colcon_core.package_identification:_identify(src/atdrive_moab_tools/testing_tools) by extensions ['ignore', 'ignore_ament_install']
[0.844s] Level 1:colcon.colcon_core.package_identification:_identify(src/atdrive_moab_tools/testing_tools) by extension 'ignore'
[0.844s] Level 1:colcon.colcon_core.package_identification:_identify(src/atdrive_moab_tools/testing_tools) by extension 'ignore_ament_install'
[0.844s] Level 1:colcon.colcon_core.package_identification:_identify(src/atdrive_moab_tools/testing_tools) by extensions ['colcon_pkg']
[0.844s] Level 1:colcon.colcon_core.package_identification:_identify(src/atdrive_moab_tools/testing_tools) by extension 'colcon_pkg'
[0.844s] Level 1:colcon.colcon_core.package_identification:_identify(src/atdrive_moab_tools/testing_tools) by extensions ['colcon_meta']
[0.844s] Level 1:colcon.colcon_core.package_identification:_identify(src/atdrive_moab_tools/testing_tools) by extension 'colcon_meta'
[0.844s] Level 1:colcon.colcon_core.package_identification:_identify(src/atdrive_moab_tools/testing_tools) by extensions ['ros']
[0.844s] Level 1:colcon.colcon_core.package_identification:_identify(src/atdrive_moab_tools/testing_tools) by extension 'ros'
[0.844s] Level 1:colcon.colcon_core.package_identification:_identify(src/atdrive_moab_tools/testing_tools) by extensions ['cmake', 'python']
[0.844s] Level 1:colcon.colcon_core.package_identification:_identify(src/atdrive_moab_tools/testing_tools) by extension 'cmake'
[0.845s] Level 1:colcon.colcon_core.package_identification:_identify(src/atdrive_moab_tools/testing_tools) by extension 'python'
[0.845s] Level 1:colcon.colcon_core.package_identification:_identify(src/atdrive_moab_tools/testing_tools) by extensions ['python_setup_py']
[0.845s] Level 1:colcon.colcon_core.package_identification:_identify(src/atdrive_moab_tools/testing_tools) by extension 'python_setup_py'
[0.845s] Level 1:colcon.colcon_core.package_identification:_identify(src/atdrive_moab_tools/utils) by extensions ['ignore', 'ignore_ament_install']
[0.845s] Level 1:colcon.colcon_core.package_identification:_identify(src/atdrive_moab_tools/utils) by extension 'ignore'
[0.845s] Level 1:colcon.colcon_core.package_identification:_identify(src/atdrive_moab_tools/utils) by extension 'ignore_ament_install'
[0.845s] Level 1:colcon.colcon_core.package_identification:_identify(src/atdrive_moab_tools/utils) by extensions ['colcon_pkg']
[0.845s] Level 1:colcon.colcon_core.package_identification:_identify(src/atdrive_moab_tools/utils) by extension 'colcon_pkg'
[0.845s] Level 1:colcon.colcon_core.package_identification:_identify(src/atdrive_moab_tools/utils) by extensions ['colcon_meta']
[0.845s] Level 1:colcon.colcon_core.package_identification:_identify(src/atdrive_moab_tools/utils) by extension 'colcon_meta'
[0.845s] Level 1:colcon.colcon_core.package_identification:_identify(src/atdrive_moab_tools/utils) by extensions ['ros']
[0.845s] Level 1:colcon.colcon_core.package_identification:_identify(src/atdrive_moab_tools/utils) by extension 'ros'
[0.845s] Level 1:colcon.colcon_core.package_identification:_identify(src/atdrive_moab_tools/utils) by extensions ['cmake', 'python']
[0.845s] Level 1:colcon.colcon_core.package_identification:_identify(src/atdrive_moab_tools/utils) by extension 'cmake'
[0.845s] Level 1:colcon.colcon_core.package_identification:_identify(src/atdrive_moab_tools/utils) by extension 'python'
[0.846s] Level 1:colcon.colcon_core.package_identification:_identify(src/atdrive_moab_tools/utils) by extensions ['python_setup_py']
[0.846s] Level 1:colcon.colcon_core.package_identification:_identify(src/atdrive_moab_tools/utils) by extension 'python_setup_py'
[0.846s] Level 1:colcon.colcon_core.package_identification:_identify(src/enelsis_bringup) by extensions ['ignore', 'ignore_ament_install']
[0.846s] Level 1:colcon.colcon_core.package_identification:_identify(src/enelsis_bringup) by extension 'ignore'
[0.846s] Level 1:colcon.colcon_core.package_identification:_identify(src/enelsis_bringup) by extension 'ignore_ament_install'
[0.846s] Level 1:colcon.colcon_core.package_identification:_identify(src/enelsis_bringup) by extensions ['colcon_pkg']
[0.846s] Level 1:colcon.colcon_core.package_identification:_identify(src/enelsis_bringup) by extension 'colcon_pkg'
[0.846s] Level 1:colcon.colcon_core.package_identification:_identify(src/enelsis_bringup) by extensions ['colcon_meta']
[0.847s] Level 1:colcon.colcon_core.package_identification:_identify(src/enelsis_bringup) by extension 'colcon_meta'
[0.847s] Level 1:colcon.colcon_core.package_identification:_identify(src/enelsis_bringup) by extensions ['ros']
[0.847s] Level 1:colcon.colcon_core.package_identification:_identify(src/enelsis_bringup) by extension 'ros'
[0.850s] DEBUG:colcon.colcon_core.package_identification:Package 'src/enelsis_bringup' with type 'ros.ament_python' and name 'enelsis_bringup'
[0.850s] Level 1:colcon.colcon_core.package_identification:_identify(src/lidar_mavlink_bridge) by extensions ['ignore', 'ignore_ament_install']
[0.850s] Level 1:colcon.colcon_core.package_identification:_identify(src/lidar_mavlink_bridge) by extension 'ignore'
[0.850s] Level 1:colcon.colcon_core.package_identification:_identify(src/lidar_mavlink_bridge) by extension 'ignore_ament_install'
[0.850s] Level 1:colcon.colcon_core.package_identification:_identify(src/lidar_mavlink_bridge) by extensions ['colcon_pkg']
[0.850s] Level 1:colcon.colcon_core.package_identification:_identify(src/lidar_mavlink_bridge) by extension 'colcon_pkg'
[0.850s] Level 1:colcon.colcon_core.package_identification:_identify(src/lidar_mavlink_bridge) by extensions ['colcon_meta']
[0.850s] Level 1:colcon.colcon_core.package_identification:_identify(src/lidar_mavlink_bridge) by extension 'colcon_meta'
[0.850s] Level 1:colcon.colcon_core.package_identification:_identify(src/lidar_mavlink_bridge) by extensions ['ros']
[0.850s] Level 1:colcon.colcon_core.package_identification:_identify(src/lidar_mavlink_bridge) by extension 'ros'
[0.851s] DEBUG:colcon.colcon_core.package_identification:Package 'src/lidar_mavlink_bridge' with type 'ros.ament_python' and name 'lidar_mavlink_bridge'
[0.851s] Level 1:colcon.colcon_core.package_identification:_identify(src/rf2o_laser_odometry) by extensions ['ignore', 'ignore_ament_install']
[0.851s] Level 1:colcon.colcon_core.package_identification:_identify(src/rf2o_laser_odometry) by extension 'ignore'
[0.851s] Level 1:colcon.colcon_core.package_identification:_identify(src/rf2o_laser_odometry) by extension 'ignore_ament_install'
[0.851s] Level 1:colcon.colcon_core.package_identification:_identify(src/rf2o_laser_odometry) by extensions ['colcon_pkg']
[0.851s] Level 1:colcon.colcon_core.package_identification:_identify(src/rf2o_laser_odometry) by extension 'colcon_pkg'
[0.852s] Level 1:colcon.colcon_core.package_identification:_identify(src/rf2o_laser_odometry) by extensions ['colcon_meta']
[0.852s] Level 1:colcon.colcon_core.package_identification:_identify(src/rf2o_laser_odometry) by extension 'colcon_meta'
[0.852s] Level 1:colcon.colcon_core.package_identification:_identify(src/rf2o_laser_odometry) by extensions ['ros']
[0.852s] Level 1:colcon.colcon_core.package_identification:_identify(src/rf2o_laser_odometry) by extension 'ros'
[0.853s] DEBUG:colcon.colcon_core.package_identification:Package 'src/rf2o_laser_odometry' with type 'ros.ament_cmake' and name 'rf2o_laser_odometry'
[0.853s] Level 1:colcon.colcon_core.package_identification:_identify(src/ydlidar_ros2_driver) by extensions ['ignore', 'ignore_ament_install']
[0.853s] Level 1:colcon.colcon_core.package_identification:_identify(src/ydlidar_ros2_driver) by extension 'ignore'
[0.853s] Level 1:colcon.colcon_core.package_identification:_identify(src/ydlidar_ros2_driver) by extension 'ignore_ament_install'
[0.853s] Level 1:colcon.colcon_core.package_identification:_identify(src/ydlidar_ros2_driver) by extensions ['colcon_pkg']
[0.854s] Level 1:colcon.colcon_core.package_identification:_identify(src/ydlidar_ros2_driver) by extension 'colcon_pkg'
[0.854s] Level 1:colcon.colcon_core.package_identification:_identify(src/ydlidar_ros2_driver) by extensions ['colcon_meta']
[0.854s] Level 1:colcon.colcon_core.package_identification:_identify(src/ydlidar_ros2_driver) by extension 'colcon_meta'
[0.854s] Level 1:colcon.colcon_core.package_identification:_identify(src/ydlidar_ros2_driver) by extensions ['ros']
[0.854s] Level 1:colcon.colcon_core.package_identification:_identify(src/ydlidar_ros2_driver) by extension 'ros'
[0.855s] DEBUG:colcon.colcon_core.package_identification:Package 'src/ydlidar_ros2_driver' with type 'ros.ament_cmake' and name 'ydlidar_ros2_driver'
[0.855s] Level 1:colcon.colcon_core.package_discovery:discover_packages(recursive) using defaults
[0.855s] Level 1:colcon.colcon_core.package_discovery:discover_packages(ignore) discover
[0.855s] Level 1:colcon.colcon_core.package_discovery:discover_packages(ignore) using defaults
[0.855s] Level 1:colcon.colcon_core.package_discovery:discover_packages(path) discover
[0.855s] Level 1:colcon.colcon_core.package_discovery:discover_packages(path) using defaults
[0.909s] INFO:colcon.colcon_core.package_selection:Skipping not selected package 'enelsis_bringup' in 'src/enelsis_bringup'
[0.909s] INFO:colcon.colcon_core.package_selection:Skipping not selected package 'lidar_mavlink_bridge' in 'src/lidar_mavlink_bridge'
[0.910s] Level 1:colcon.colcon_core.package_discovery:discover_packages(prefix_path) check parameters
[0.910s] Level 1:colcon.colcon_core.package_discovery:discover_packages(prefix_path) discover
[0.926s] DEBUG:colcon.colcon_installed_package_information.package_discovery:Found 4 installed packages in /home/enelsis-pc/enelsis_moab_ws/install
[0.927s] DEBUG:colcon.colcon_installed_package_information.package_discovery:Found 1 installed packages in /home/enelsis-pc/ros2_ws/install
[0.927s] DEBUG:colcon.colcon_installed_package_information.package_discovery:Found 1 installed packages in /home/enelsis-pc/ydlidar_ros2_ws/install
[0.928s] DEBUG:colcon.colcon_installed_package_information.package_discovery:Found 5 installed packages in /home/enelsis-pc/mavlink_ws/install
[0.928s] DEBUG:colcon.colcon_installed_package_information.package_discovery:Found 2 installed packages in /home/enelsis-pc/harita_ws/install
[0.938s] DEBUG:colcon.colcon_installed_package_information.package_discovery:Found 346 installed packages in /home/enelsis-pc/ros2_humble/install
[0.941s] DEBUG:colcon.colcon_installed_package_information.package_discovery:Found 1 installed packages in /home/enelsis-pc/als_ros_ws/als_ros2/install
[0.942s] DEBUG:colcon.colcon_installed_package_information.package_discovery:Found 317 installed packages in /opt/ros/humble
[0.956s] Level 1:colcon.colcon_core.package_discovery:discover_packages(prefix_path) using defaults
[1.051s] Level 5:colcon.colcon_core.verb:set package 'rf2o_laser_odometry' build argument 'cmake_args' from command line to 'None'
[1.051s] Level 5:colcon.colcon_core.verb:set package 'rf2o_laser_odometry' build argument 'cmake_target' from command line to 'None'
[1.051s] Level 5:colcon.colcon_core.verb:set package 'rf2o_laser_odometry' build argument 'cmake_target_skip_unavailable' from command line to 'False'
[1.051s] Level 5:colcon.colcon_core.verb:set package 'rf2o_laser_odometry' build argument 'cmake_clean_cache' from command line to 'False'
[1.051s] Level 5:colcon.colcon_core.verb:set package 'rf2o_laser_odometry' build argument 'cmake_clean_first' from command line to 'False'
[1.051s] Level 5:colcon.colcon_core.verb:set package 'rf2o_laser_odometry' build argument 'cmake_force_configure' from command line to 'False'
[1.051s] Level 5:colcon.colcon_core.verb:set package 'rf2o_laser_odometry' build argument 'ament_cmake_args' from command line to 'None'
[1.051s] Level 5:colcon.colcon_core.verb:set package 'rf2o_laser_odometry' build argument 'catkin_cmake_args' from command line to 'None'
[1.051s] Level 5:colcon.colcon_core.verb:set package 'rf2o_laser_odometry' build argument 'catkin_skip_building_tests' from command line to 'False'
[1.051s] DEBUG:colcon.colcon_core.verb:Building package 'rf2o_laser_odometry' with the following arguments: {'ament_cmake_args': None, 'build_base': '/home/enelsis-pc/enelsis_moab_ws/build/rf2o_laser_odometry', 'catkin_cmake_args': None, 'catkin_skip_building_tests': False, 'cmake_args': None, 'cmake_clean_cache': False, 'cmake_clean_first': False, 'cmake_force_configure': False, 'cmake_target': None, 'cmake_target_skip_unavailable': False, 'install_base': '/home/enelsis-pc/enelsis_moab_ws/install/rf2o_laser_odometry', 'merge_install': False, 'path': '/home/enelsis-pc/enelsis_moab_ws/src/rf2o_laser_odometry', 'symlink_install': False, 'test_result_base': None}
[1.052s] Level 5:colcon.colcon_core.verb:set package 'ydlidar_ros2_driver' build argument 'cmake_args' from command line to 'None'
[1.052s] Level 5:colcon.colcon_core.verb:set package 'ydlidar_ros2_driver' build argument 'cmake_target' from command line to 'None'
[1.052s] Level 5:colcon.colcon_core.verb:set package 'ydlidar_ros2_driver' build argument 'cmake_target_skip_unavailable' from command line to 'False'
[1.052s] Level 5:colcon.colcon_core.verb:set package 'ydlidar_ros2_driver' build argument 'cmake_clean_cache' from command line to 'False'
[1.052s] Level 5:colcon.colcon_core.verb:set package 'ydlidar_ros2_driver' build argument 'cmake_clean_first' from command line to 'False'
[1.052s] Level 5:colcon.colcon_core.verb:set package 'ydlidar_ros2_driver' build argument 'cmake_force_configure' from command line to 'False'
[1.052s] Level 5:colcon.colcon_core.verb:set package 'ydlidar_ros2_driver' build argument 'ament_cmake_args' from command line to 'None'
[1.052s] Level 5:colcon.colcon_core.verb:set package 'ydlidar_ros2_driver' build argument 'catkin_cmake_args' from command line to 'None'
[1.052s] Level 5:colcon.colcon_core.verb:set package 'ydlidar_ros2_driver' build argument 'catkin_skip_building_tests' from command line to 'False'
[1.052s] DEBUG:colcon.colcon_core.verb:Building package 'ydlidar_ros2_driver' with the following arguments: {'ament_cmake_args': None, 'build_base': '/home/enelsis-pc/enelsis_moab_ws/build/ydlidar_ros2_driver', 'catkin_cmake_args': None, 'catkin_skip_building_tests': False, 'cmake_args': None, 'cmake_clean_cache': False, 'cmake_clean_first': False, 'cmake_force_configure': False, 'cmake_target': None, 'cmake_target_skip_unavailable': False, 'install_base': '/home/enelsis-pc/enelsis_moab_ws/install/ydlidar_ros2_driver', 'merge_install': False, 'path': '/home/enelsis-pc/enelsis_moab_ws/src/ydlidar_ros2_driver', 'symlink_install': False, 'test_result_base': None}
[1.052s] INFO:colcon.colcon_core.executor:Executing jobs using 'parallel' executor
[1.054s] DEBUG:colcon.colcon_parallel_executor.executor.parallel:run_until_complete
[1.054s] INFO:colcon.colcon_ros.task.ament_cmake.build:Building ROS package in '/home/enelsis-pc/enelsis_moab_ws/src/rf2o_laser_odometry' with build type 'ament_cmake'
[1.054s] INFO:colcon.colcon_cmake.task.cmake.build:Building CMake package in '/home/enelsis-pc/enelsis_moab_ws/src/rf2o_laser_odometry'
[1.063s] INFO:colcon.colcon_core.plugin_system:Skipping extension 'colcon_core.shell.bat': Not used on non-Windows systems
[1.063s] INFO:colcon.colcon_core.shell:Skip shell extension 'powershell' for command environment: Not usable outside of PowerShell
[1.063s] DEBUG:colcon.colcon_core.shell:Skip shell extension 'dsv' for command environment
[1.094s] INFO:colcon.colcon_ros.task.ament_cmake.build:Building ROS package in '/home/enelsis-pc/enelsis_moab_ws/src/ydlidar_ros2_driver' with build type 'ament_cmake'
[1.095s] INFO:colcon.colcon_cmake.task.cmake.build:Building CMake package in '/home/enelsis-pc/enelsis_moab_ws/src/ydlidar_ros2_driver'
[1.095s] INFO:colcon.colcon_core.shell:Skip shell extension 'powershell' for command environment: Not usable outside of PowerShell
[1.095s] DEBUG:colcon.colcon_core.shell:Skip shell extension 'dsv' for command environment
[1.135s] DEBUG:colcon.colcon_core.event_handler.log_command:Invoking command in '/home/enelsis-pc/enelsis_moab_ws/build/rf2o_laser_odometry': CMAKE_PREFIX_PATH=${CMAKE_PREFIX_PATH}:/home/enelsis-pc/enelsis_moab_ws/install/lidar_mavlink_bridge:/home/enelsis-pc/enelsis_moab_ws/install/enelsis_bringup:/home/enelsis-pc/mavlink_ws/install/lidar_mavlink_bridge:/home/enelsis-pc/ros2_humble/install/rqt_bag_plugins:/home/enelsis-pc/ros2_humble/install/rqt_bag:/home/enelsis-pc/ros2_humble/install/launch_testing_examples:/home/enelsis-pc/ros2_humble/install/ros2bag:/home/enelsis-pc/ros2_humble/install/tracetools_test:/home/enelsis-pc/ros2_humble/install/tracetools_launch:/home/enelsis-pc/ros2_humble/install/topic_monitor:/home/enelsis-pc/ros2_humble/install/tf2_tools:/home/enelsis-pc/ros2_humble/install/examples_tf2_py:/home/enelsis-pc/ros2_humble/install/tf2_ros_py:/home/enelsis-pc/ros2_humble/install/sros2:/home/enelsis-pc/ros2_humble/install/rqt_topic:/home/enelsis-pc/ros2_humble/install/rqt_srv:/home/enelsis-pc/ros2_humble/install/rqt_shell:/home/enelsis-pc/ros2_humble/install/rqt_service_caller:/home/enelsis-pc/ros2_humble/install/rqt_reconfigure:/home/enelsis-pc/ros2_humble/install/rqt_py_console:/home/enelsis-pc/ros2_humble/install/rqt_publisher:/home/enelsis-pc/ros2_humble/install/rqt_plot:/home/enelsis-pc/ros2_humble/install/rqt_action:/home/enelsis-pc/ros2_humble/install/rqt_msg:/home/enelsis-pc/ros2_humble/install/rqt_console:/home/enelsis-pc/ros2_humble/install/rqt:/home/enelsis-pc/ros2_humble/install/rqt_graph:/home/enelsis-pc/ros2_humble/install/rqt_gui_py:/home/enelsis-pc/ros2_humble/install/rqt_gui:/home/enelsis-pc/ros2_humble/install/ros2trace:/home/enelsis-pc/ros2_humble/install/ros2topic:/home/enelsis-pc/ros2_humble/install/ros2test:/home/enelsis-pc/ros2_humble/install/ros2component:/home/enelsis-pc/ros2_humble/install/ros2param:/home/enelsis-pc/ros2_humble/install/ros2lifecycle:/home/enelsis-pc/ros2_humble/install/ros2service:/home/enelsis-pc/ros2_humble/install/ros2run:/home/enelsis-pc/ros2_humble/install/ros2launch:/home/enelsis-pc/ros2_humble/install/ros2pkg:/home/enelsis-pc/ros2_humble/install/ros2node:/home/enelsis-pc/ros2_humble/install/ros2multicast:/home/enelsis-pc/ros2_humble/install/ros2interface:/home/enelsis-pc/ros2_humble/install/ros2doctor:/home/enelsis-pc/ros2_humble/install/ros2action:/home/enelsis-pc/ros2_humble/install/ros2cli:/home/enelsis-pc/ros2_humble/install/quality_of_service_demo_py:/home/enelsis-pc/ros2_humble/install/lifecycle_py:/home/enelsis-pc/ros2_humble/install/launch_testing_ros:/home/enelsis-pc/ros2_humble/install/launch_ros:/home/enelsis-pc/ros2_humble/install/examples_rclpy_pointcloud_publisher:/home/enelsis-pc/ros2_humble/install/examples_rclpy_minimal_subscriber:/home/enelsis-pc/ros2_humble/install/examples_rclpy_minimal_service:/home/enelsis-pc/ros2_humble/install/examples_rclpy_minimal_publisher:/home/enelsis-pc/ros2_humble/install/examples_rclpy_minimal_client:/home/enelsis-pc/ros2_humble/install/examples_rclpy_minimal_action_server:/home/enelsis-pc/ros2_humble/install/examples_rclpy_minimal_action_client:/home/enelsis-pc/ros2_humble/install/examples_rclpy_guard_conditions:/home/enelsis-pc/ros2_humble/install/examples_rclpy_executors:/home/enelsis-pc/ros2_humble/install/demo_nodes_py:/home/enelsis-pc/ros2_humble/install/camera_info_manager_py:/home/enelsis-pc/ros2_humble/install/action_tutorials_py:/home/enelsis-pc/ros2_humble/install/ament_uncrustify:/home/enelsis-pc/ros2_humble/install/tracetools_trace:/home/enelsis-pc/ros2_humble/install/tracetools_read:/home/enelsis-pc/ros2_humble/install/test_tracetools_launch:/home/enelsis-pc/ros2_humble/install/test_launch_ros:/home/enelsis-pc/ros2_humble/install/sensor_msgs_py:/home/enelsis-pc/ros2_humble/install/rpyutils:/home/enelsis-pc/ros2_humble/install/rosidl_runtime_py:/home/enelsis-pc/ros2_humble/install/rosidl_cli:/home/enelsis-pc/ros2_humble/install/launch_pytest:/home/enelsis-pc/ros2_humble/install/launch_testing:/home/enelsis-pc/ros2_humble/install/launch_yaml:/home/enelsis-pc/ros2_humble/install/launch_xml:/home/enelsis-pc/ros2_humble/install/launch:/home/enelsis-pc/ros2_humble/install/osrf_pycommon:/home/enelsis-pc/ros2_humble/install/domain_coordinator:/home/enelsis-pc/ros2_humble/install/ament_xmllint:/home/enelsis-pc/ros2_humble/install/ament_pyflakes:/home/enelsis-pc/ros2_humble/install/ament_pycodestyle:/home/enelsis-pc/ros2_humble/install/ament_pep257:/home/enelsis-pc/ros2_humble/install/ament_pclint:/home/enelsis-pc/ros2_humble/install/ament_package:/home/enelsis-pc/ros2_humble/install/ament_mypy:/home/enelsis-pc/ros2_humble/install/ament_lint_cmake:/home/enelsis-pc/ros2_humble/install/ament_flake8:/home/enelsis-pc/ros2_humble/install/ament_copyright:/home/enelsis-pc/ros2_humble/install/ament_lint:/home/enelsis-pc/ros2_humble/install/ament_index_python:/home/enelsis-pc/ros2_humble/install/ament_cpplint:/home/enelsis-pc/ros2_humble/install/ament_cppcheck:/home/enelsis-pc/ros2_humble/install/ament_clang_tidy:/home/enelsis-pc/ros2_humble/install/ament_clang_format:/opt/ros/humble /usr/bin/cmake --build /home/enelsis-pc/enelsis_moab_ws/build/rf2o_laser_odometry -- -j8 -l8
[1.152s] DEBUG:colcon.colcon_core.event_handler.log_command:Invoking command in '/home/enelsis-pc/enelsis_moab_ws/build/ydlidar_ros2_driver': CMAKE_PREFIX_PATH=${CMAKE_PREFIX_PATH}:/home/enelsis-pc/enelsis_moab_ws/install/lidar_mavlink_bridge:/home/enelsis-pc/enelsis_moab_ws/install/enelsis_bringup:/home/enelsis-pc/mavlink_ws/install/lidar_mavlink_bridge:/home/enelsis-pc/ros2_humble/install/rqt_bag_plugins:/home/enelsis-pc/ros2_humble/install/rqt_bag:/home/enelsis-pc/ros2_humble/install/launch_testing_examples:/home/enelsis-pc/ros2_humble/install/ros2bag:/home/enelsis-pc/ros2_humble/install/tracetools_test:/home/enelsis-pc/ros2_humble/install/tracetools_launch:/home/enelsis-pc/ros2_humble/install/topic_monitor:/home/enelsis-pc/ros2_humble/install/tf2_tools:/home/enelsis-pc/ros2_humble/install/examples_tf2_py:/home/enelsis-pc/ros2_humble/install/tf2_ros_py:/home/enelsis-pc/ros2_humble/install/sros2:/home/enelsis-pc/ros2_humble/install/rqt_topic:/home/enelsis-pc/ros2_humble/install/rqt_srv:/home/enelsis-pc/ros2_humble/install/rqt_shell:/home/enelsis-pc/ros2_humble/install/rqt_service_caller:/home/enelsis-pc/ros2_humble/install/rqt_reconfigure:/home/enelsis-pc/ros2_humble/install/rqt_py_console:/home/enelsis-pc/ros2_humble/install/rqt_publisher:/home/enelsis-pc/ros2_humble/install/rqt_plot:/home/enelsis-pc/ros2_humble/install/rqt_action:/home/enelsis-pc/ros2_humble/install/rqt_msg:/home/enelsis-pc/ros2_humble/install/rqt_console:/home/enelsis-pc/ros2_humble/install/rqt:/home/enelsis-pc/ros2_humble/install/rqt_graph:/home/enelsis-pc/ros2_humble/install/rqt_gui_py:/home/enelsis-pc/ros2_humble/install/rqt_gui:/home/enelsis-pc/ros2_humble/install/ros2trace:/home/enelsis-pc/ros2_humble/install/ros2topic:/home/enelsis-pc/ros2_humble/install/ros2test:/home/enelsis-pc/ros2_humble/install/ros2component:/home/enelsis-pc/ros2_humble/install/ros2param:/home/enelsis-pc/ros2_humble/install/ros2lifecycle:/home/enelsis-pc/ros2_humble/install/ros2service:/home/enelsis-pc/ros2_humble/install/ros2run:/home/enelsis-pc/ros2_humble/install/ros2launch:/home/enelsis-pc/ros2_humble/install/ros2pkg:/home/enelsis-pc/ros2_humble/install/ros2node:/home/enelsis-pc/ros2_humble/install/ros2multicast:/home/enelsis-pc/ros2_humble/install/ros2interface:/home/enelsis-pc/ros2_humble/install/ros2doctor:/home/enelsis-pc/ros2_humble/install/ros2action:/home/enelsis-pc/ros2_humble/install/ros2cli:/home/enelsis-pc/ros2_humble/install/quality_of_service_demo_py:/home/enelsis-pc/ros2_humble/install/lifecycle_py:/home/enelsis-pc/ros2_humble/install/launch_testing_ros:/home/enelsis-pc/ros2_humble/install/launch_ros:/home/enelsis-pc/ros2_humble/install/examples_rclpy_pointcloud_publisher:/home/enelsis-pc/ros2_humble/install/examples_rclpy_minimal_subscriber:/home/enelsis-pc/ros2_humble/install/examples_rclpy_minimal_service:/home/enelsis-pc/ros2_humble/install/examples_rclpy_minimal_publisher:/home/enelsis-pc/ros2_humble/install/examples_rclpy_minimal_client:/home/enelsis-pc/ros2_humble/install/examples_rclpy_minimal_action_server:/home/enelsis-pc/ros2_humble/install/examples_rclpy_minimal_action_client:/home/enelsis-pc/ros2_humble/install/examples_rclpy_guard_conditions:/home/enelsis-pc/ros2_humble/install/examples_rclpy_executors:/home/enelsis-pc/ros2_humble/install/demo_nodes_py:/home/enelsis-pc/ros2_humble/install/camera_info_manager_py:/home/enelsis-pc/ros2_humble/install/action_tutorials_py:/home/enelsis-pc/ros2_humble/install/ament_uncrustify:/home/enelsis-pc/ros2_humble/install/tracetools_trace:/home/enelsis-pc/ros2_humble/install/tracetools_read:/home/enelsis-pc/ros2_humble/install/test_tracetools_launch:/home/enelsis-pc/ros2_humble/install/test_launch_ros:/home/enelsis-pc/ros2_humble/install/sensor_msgs_py:/home/enelsis-pc/ros2_humble/install/rpyutils:/home/enelsis-pc/ros2_humble/install/rosidl_runtime_py:/home/enelsis-pc/ros2_humble/install/rosidl_cli:/home/enelsis-pc/ros2_humble/install/launch_pytest:/home/enelsis-pc/ros2_humble/install/launch_testing:/home/enelsis-pc/ros2_humble/install/launch_yaml:/home/enelsis-pc/ros2_humble/install/launch_xml:/home/enelsis-pc/ros2_humble/install/launch:/home/enelsis-pc/ros2_humble/install/osrf_pycommon:/home/enelsis-pc/ros2_humble/install/domain_coordinator:/home/enelsis-pc/ros2_humble/install/ament_xmllint:/home/enelsis-pc/ros2_humble/install/ament_pyflakes:/home/enelsis-pc/ros2_humble/install/ament_pycodestyle:/home/enelsis-pc/ros2_humble/install/ament_pep257:/home/enelsis-pc/ros2_humble/install/ament_pclint:/home/enelsis-pc/ros2_humble/install/ament_package:/home/enelsis-pc/ros2_humble/install/ament_mypy:/home/enelsis-pc/ros2_humble/install/ament_lint_cmake:/home/enelsis-pc/ros2_humble/install/ament_flake8:/home/enelsis-pc/ros2_humble/install/ament_copyright:/home/enelsis-pc/ros2_humble/install/ament_lint:/home/enelsis-pc/ros2_humble/install/ament_index_python:/home/enelsis-pc/ros2_humble/install/ament_cpplint:/home/enelsis-pc/ros2_humble/install/ament_cppcheck:/home/enelsis-pc/ros2_humble/install/ament_clang_tidy:/home/enelsis-pc/ros2_humble/install/ament_clang_format:/opt/ros/humble /usr/bin/cmake --build /home/enelsis-pc/enelsis_moab_ws/build/ydlidar_ros2_driver -- -j8 -l8
[1.388s] DEBUG:colcon.colcon_core.event_handler.log_command:Invoked command in '/home/enelsis-pc/enelsis_moab_ws/build/ydlidar_ros2_driver' returned '0': CMAKE_PREFIX_PATH=${CMAKE_PREFIX_PATH}:/home/enelsis-pc/enelsis_moab_ws/install/lidar_mavlink_bridge:/home/enelsis-pc/enelsis_moab_ws/install/enelsis_bringup:/home/enelsis-pc/mavlink_ws/install/lidar_mavlink_bridge:/home/enelsis-pc/ros2_humble/install/rqt_bag_plugins:/home/enelsis-pc/ros2_humble/install/rqt_bag:/home/enelsis-pc/ros2_humble/install/launch_testing_examples:/home/enelsis-pc/ros2_humble/install/ros2bag:/home/enelsis-pc/ros2_humble/install/tracetools_test:/home/enelsis-pc/ros2_humble/install/tracetools_launch:/home/enelsis-pc/ros2_humble/install/topic_monitor:/home/enelsis-pc/ros2_humble/install/tf2_tools:/home/enelsis-pc/ros2_humble/install/examples_tf2_py:/home/enelsis-pc/ros2_humble/install/tf2_ros_py:/home/enelsis-pc/ros2_humble/install/sros2:/home/enelsis-pc/ros2_humble/install/rqt_topic:/home/enelsis-pc/ros2_humble/install/rqt_srv:/home/enelsis-pc/ros2_humble/install/rqt_shell:/home/enelsis-pc/ros2_humble/install/rqt_service_caller:/home/enelsis-pc/ros2_humble/install/rqt_reconfigure:/home/enelsis-pc/ros2_humble/install/rqt_py_console:/home/enelsis-pc/ros2_humble/install/rqt_publisher:/home/enelsis-pc/ros2_humble/install/rqt_plot:/home/enelsis-pc/ros2_humble/install/rqt_action:/home/enelsis-pc/ros2_humble/install/rqt_msg:/home/enelsis-pc/ros2_humble/install/rqt_console:/home/enelsis-pc/ros2_humble/install/rqt:/home/enelsis-pc/ros2_humble/install/rqt_graph:/home/enelsis-pc/ros2_humble/install/rqt_gui_py:/home/enelsis-pc/ros2_humble/install/rqt_gui:/home/enelsis-pc/ros2_humble/install/ros2trace:/home/enelsis-pc/ros2_humble/install/ros2topic:/home/enelsis-pc/ros2_humble/install/ros2test:/home/enelsis-pc/ros2_humble/install/ros2component:/home/enelsis-pc/ros2_humble/install/ros2param:/home/enelsis-pc/ros2_humble/install/ros2lifecycle:/home/enelsis-pc/ros2_humble/install/ros2service:/home/enelsis-pc/ros2_humble/install/ros2run:/home/enelsis-pc/ros2_humble/install/ros2launch:/home/enelsis-pc/ros2_humble/install/ros2pkg:/home/enelsis-pc/ros2_humble/install/ros2node:/home/enelsis-pc/ros2_humble/install/ros2multicast:/home/enelsis-pc/ros2_humble/install/ros2interface:/home/enelsis-pc/ros2_humble/install/ros2doctor:/home/enelsis-pc/ros2_humble/install/ros2action:/home/enelsis-pc/ros2_humble/install/ros2cli:/home/enelsis-pc/ros2_humble/install/quality_of_service_demo_py:/home/enelsis-pc/ros2_humble/install/lifecycle_py:/home/enelsis-pc/ros2_humble/install/launch_testing_ros:/home/enelsis-pc/ros2_humble/install/launch_ros:/home/enelsis-pc/ros2_humble/install/examples_rclpy_pointcloud_publisher:/home/enelsis-pc/ros2_humble/install/examples_rclpy_minimal_subscriber:/home/enelsis-pc/ros2_humble/install/examples_rclpy_minimal_service:/home/enelsis-pc/ros2_humble/install/examples_rclpy_minimal_publisher:/home/enelsis-pc/ros2_humble/install/examples_rclpy_minimal_client:/home/enelsis-pc/ros2_humble/install/examples_rclpy_minimal_action_server:/home/enelsis-pc/ros2_humble/install/examples_rclpy_minimal_action_client:/home/enelsis-pc/ros2_humble/install/examples_rclpy_guard_conditions:/home/enelsis-pc/ros2_humble/install/examples_rclpy_executors:/home/enelsis-pc/ros2_humble/install/demo_nodes_py:/home/enelsis-pc/ros2_humble/install/camera_info_manager_py:/home/enelsis-pc/ros2_humble/install/action_tutorials_py:/home/enelsis-pc/ros2_humble/install/ament_uncrustify:/home/enelsis-pc/ros2_humble/install/tracetools_trace:/home/enelsis-pc/ros2_humble/install/tracetools_read:/home/enelsis-pc/ros2_humble/install/test_tracetools_launch:/home/enelsis-pc/ros2_humble/install/test_launch_ros:/home/enelsis-pc/ros2_humble/install/sensor_msgs_py:/home/enelsis-pc/ros2_humble/install/rpyutils:/home/enelsis-pc/ros2_humble/install/rosidl_runtime_py:/home/enelsis-pc/ros2_humble/install/rosidl_cli:/home/enelsis-pc/ros2_humble/install/launch_pytest:/home/enelsis-pc/ros2_humble/install/launch_testing:/home/enelsis-pc/ros2_humble/install/launch_yaml:/home/enelsis-pc/ros2_humble/install/launch_xml:/home/enelsis-pc/ros2_humble/install/launch:/home/enelsis-pc/ros2_humble/install/osrf_pycommon:/home/enelsis-pc/ros2_humble/install/domain_coordinator:/home/enelsis-pc/ros2_humble/install/ament_xmllint:/home/enelsis-pc/ros2_humble/install/ament_pyflakes:/home/enelsis-pc/ros2_humble/install/ament_pycodestyle:/home/enelsis-pc/ros2_humble/install/ament_pep257:/home/enelsis-pc/ros2_humble/install/ament_pclint:/home/enelsis-pc/ros2_humble/install/ament_package:/home/enelsis-pc/ros2_humble/install/ament_mypy:/home/enelsis-pc/ros2_humble/install/ament_lint_cmake:/home/enelsis-pc/ros2_humble/install/ament_flake8:/home/enelsis-pc/ros2_humble/install/ament_copyright:/home/enelsis-pc/ros2_humble/install/ament_lint:/home/enelsis-pc/ros2_humble/install/ament_index_python:/home/enelsis-pc/ros2_humble/install/ament_cpplint:/home/enelsis-pc/ros2_humble/install/ament_cppcheck:/home/enelsis-pc/ros2_humble/install/ament_clang_tidy:/home/enelsis-pc/ros2_humble/install/ament_clang_format:/opt/ros/humble /usr/bin/cmake --build /home/enelsis-pc/enelsis_moab_ws/build/ydlidar_ros2_driver -- -j8 -l8
[1.419s] DEBUG:colcon.colcon_core.event_handler.log_command:Invoking command in '/home/enelsis-pc/enelsis_moab_ws/build/ydlidar_ros2_driver': CMAKE_PREFIX_PATH=${CMAKE_PREFIX_PATH}:/home/enelsis-pc/enelsis_moab_ws/install/lidar_mavlink_bridge:/home/enelsis-pc/enelsis_moab_ws/install/enelsis_bringup:/home/enelsis-pc/mavlink_ws/install/lidar_mavlink_bridge:/home/enelsis-pc/ros2_humble/install/rqt_bag_plugins:/home/enelsis-pc/ros2_humble/install/rqt_bag:/home/enelsis-pc/ros2_humble/install/launch_testing_examples:/home/enelsis-pc/ros2_humble/install/ros2bag:/home/enelsis-pc/ros2_humble/install/tracetools_test:/home/enelsis-pc/ros2_humble/install/tracetools_launch:/home/enelsis-pc/ros2_humble/install/topic_monitor:/home/enelsis-pc/ros2_humble/install/tf2_tools:/home/enelsis-pc/ros2_humble/install/examples_tf2_py:/home/enelsis-pc/ros2_humble/install/tf2_ros_py:/home/enelsis-pc/ros2_humble/install/sros2:/home/enelsis-pc/ros2_humble/install/rqt_topic:/home/enelsis-pc/ros2_humble/install/rqt_srv:/home/enelsis-pc/ros2_humble/install/rqt_shell:/home/enelsis-pc/ros2_humble/install/rqt_service_caller:/home/enelsis-pc/ros2_humble/install/rqt_reconfigure:/home/enelsis-pc/ros2_humble/install/rqt_py_console:/home/enelsis-pc/ros2_humble/install/rqt_publisher:/home/enelsis-pc/ros2_humble/install/rqt_plot:/home/enelsis-pc/ros2_humble/install/rqt_action:/home/enelsis-pc/ros2_humble/install/rqt_msg:/home/enelsis-pc/ros2_humble/install/rqt_console:/home/enelsis-pc/ros2_humble/install/rqt:/home/enelsis-pc/ros2_humble/install/rqt_graph:/home/enelsis-pc/ros2_humble/install/rqt_gui_py:/home/enelsis-pc/ros2_humble/install/rqt_gui:/home/enelsis-pc/ros2_humble/install/ros2trace:/home/enelsis-pc/ros2_humble/install/ros2topic:/home/enelsis-pc/ros2_humble/install/ros2test:/home/enelsis-pc/ros2_humble/install/ros2component:/home/enelsis-pc/ros2_humble/install/ros2param:/home/enelsis-pc/ros2_humble/install/ros2lifecycle:/home/enelsis-pc/ros2_humble/install/ros2service:/home/enelsis-pc/ros2_humble/install/ros2run:/home/enelsis-pc/ros2_humble/install/ros2launch:/home/enelsis-pc/ros2_humble/install/ros2pkg:/home/enelsis-pc/ros2_humble/install/ros2node:/home/enelsis-pc/ros2_humble/install/ros2multicast:/home/enelsis-pc/ros2_humble/install/ros2interface:/home/enelsis-pc/ros2_humble/install/ros2doctor:/home/enelsis-pc/ros2_humble/install/ros2action:/home/enelsis-pc/ros2_humble/install/ros2cli:/home/enelsis-pc/ros2_humble/install/quality_of_service_demo_py:/home/enelsis-pc/ros2_humble/install/lifecycle_py:/home/enelsis-pc/ros2_humble/install/launch_testing_ros:/home/enelsis-pc/ros2_humble/install/launch_ros:/home/enelsis-pc/ros2_humble/install/examples_rclpy_pointcloud_publisher:/home/enelsis-pc/ros2_humble/install/examples_rclpy_minimal_subscriber:/home/enelsis-pc/ros2_humble/install/examples_rclpy_minimal_service:/home/enelsis-pc/ros2_humble/install/examples_rclpy_minimal_publisher:/home/enelsis-pc/ros2_humble/install/examples_rclpy_minimal_client:/home/enelsis-pc/ros2_humble/install/examples_rclpy_minimal_action_server:/home/enelsis-pc/ros2_humble/install/examples_rclpy_minimal_action_client:/home/enelsis-pc/ros2_humble/install/examples_rclpy_guard_conditions:/home/enelsis-pc/ros2_humble/install/examples_rclpy_executors:/home/enelsis-pc/ros2_humble/install/demo_nodes_py:/home/enelsis-pc/ros2_humble/install/camera_info_manager_py:/home/enelsis-pc/ros2_humble/install/action_tutorials_py:/home/enelsis-pc/ros2_humble/install/ament_uncrustify:/home/enelsis-pc/ros2_humble/install/tracetools_trace:/home/enelsis-pc/ros2_humble/install/tracetools_read:/home/enelsis-pc/ros2_humble/install/test_tracetools_launch:/home/enelsis-pc/ros2_humble/install/test_launch_ros:/home/enelsis-pc/ros2_humble/install/sensor_msgs_py:/home/enelsis-pc/ros2_humble/install/rpyutils:/home/enelsis-pc/ros2_humble/install/rosidl_runtime_py:/home/enelsis-pc/ros2_humble/install/rosidl_cli:/home/enelsis-pc/ros2_humble/install/launch_pytest:/home/enelsis-pc/ros2_humble/install/launch_testing:/home/enelsis-pc/ros2_humble/install/launch_yaml:/home/enelsis-pc/ros2_humble/install/launch_xml:/home/enelsis-pc/ros2_humble/install/launch:/home/enelsis-pc/ros2_humble/install/osrf_pycommon:/home/enelsis-pc/ros2_humble/install/domain_coordinator:/home/enelsis-pc/ros2_humble/install/ament_xmllint:/home/enelsis-pc/ros2_humble/install/ament_pyflakes:/home/enelsis-pc/ros2_humble/install/ament_pycodestyle:/home/enelsis-pc/ros2_humble/install/ament_pep257:/home/enelsis-pc/ros2_humble/install/ament_pclint:/home/enelsis-pc/ros2_humble/install/ament_package:/home/enelsis-pc/ros2_humble/install/ament_mypy:/home/enelsis-pc/ros2_humble/install/ament_lint_cmake:/home/enelsis-pc/ros2_humble/install/ament_flake8:/home/enelsis-pc/ros2_humble/install/ament_copyright:/home/enelsis-pc/ros2_humble/install/ament_lint:/home/enelsis-pc/ros2_humble/install/ament_index_python:/home/enelsis-pc/ros2_humble/install/ament_cpplint:/home/enelsis-pc/ros2_humble/install/ament_cppcheck:/home/enelsis-pc/ros2_humble/install/ament_clang_tidy:/home/enelsis-pc/ros2_humble/install/ament_clang_format:/opt/ros/humble /usr/bin/cmake --install /home/enelsis-pc/enelsis_moab_ws/build/ydlidar_ros2_driver
[1.420s] DEBUG:colcon.colcon_core.event_handler.log_command:Invoked command in '/home/enelsis-pc/enelsis_moab_ws/build/rf2o_laser_odometry' returned '0': CMAKE_PREFIX_PATH=${CMAKE_PREFIX_PATH}:/home/enelsis-pc/enelsis_moab_ws/install/lidar_mavlink_bridge:/home/enelsis-pc/enelsis_moab_ws/install/enelsis_bringup:/home/enelsis-pc/mavlink_ws/install/lidar_mavlink_bridge:/home/enelsis-pc/ros2_humble/install/rqt_bag_plugins:/home/enelsis-pc/ros2_humble/install/rqt_bag:/home/enelsis-pc/ros2_humble/install/launch_testing_examples:/home/enelsis-pc/ros2_humble/install/ros2bag:/home/enelsis-pc/ros2_humble/install/tracetools_test:/home/enelsis-pc/ros2_humble/install/tracetools_launch:/home/enelsis-pc/ros2_humble/install/topic_monitor:/home/enelsis-pc/ros2_humble/install/tf2_tools:/home/enelsis-pc/ros2_humble/install/examples_tf2_py:/home/enelsis-pc/ros2_humble/install/tf2_ros_py:/home/enelsis-pc/ros2_humble/install/sros2:/home/enelsis-pc/ros2_humble/install/rqt_topic:/home/enelsis-pc/ros2_humble/install/rqt_srv:/home/enelsis-pc/ros2_humble/install/rqt_shell:/home/enelsis-pc/ros2_humble/install/rqt_service_caller:/home/enelsis-pc/ros2_humble/install/rqt_reconfigure:/home/enelsis-pc/ros2_humble/install/rqt_py_console:/home/enelsis-pc/ros2_humble/install/rqt_publisher:/home/enelsis-pc/ros2_humble/install/rqt_plot:/home/enelsis-pc/ros2_humble/install/rqt_action:/home/enelsis-pc/ros2_humble/install/rqt_msg:/home/enelsis-pc/ros2_humble/install/rqt_console:/home/enelsis-pc/ros2_humble/install/rqt:/home/enelsis-pc/ros2_humble/install/rqt_graph:/home/enelsis-pc/ros2_humble/install/rqt_gui_py:/home/enelsis-pc/ros2_humble/install/rqt_gui:/home/enelsis-pc/ros2_humble/install/ros2trace:/home/enelsis-pc/ros2_humble/install/ros2topic:/home/enelsis-pc/ros2_humble/install/ros2test:/home/enelsis-pc/ros2_humble/install/ros2component:/home/enelsis-pc/ros2_humble/install/ros2param:/home/enelsis-pc/ros2_humble/install/ros2lifecycle:/home/enelsis-pc/ros2_humble/install/ros2service:/home/enelsis-pc/ros2_humble/install/ros2run:/home/enelsis-pc/ros2_humble/install/ros2launch:/home/enelsis-pc/ros2_humble/install/ros2pkg:/home/enelsis-pc/ros2_humble/install/ros2node:/home/enelsis-pc/ros2_humble/install/ros2multicast:/home/enelsis-pc/ros2_humble/install/ros2interface:/home/enelsis-pc/ros2_humble/install/ros2doctor:/home/enelsis-pc/ros2_humble/install/ros2action:/home/enelsis-pc/ros2_humble/install/ros2cli:/home/enelsis-pc/ros2_humble/install/quality_of_service_demo_py:/home/enelsis-pc/ros2_humble/install/lifecycle_py:/home/enelsis-pc/ros2_humble/install/launch_testing_ros:/home/enelsis-pc/ros2_humble/install/launch_ros:/home/enelsis-pc/ros2_humble/install/examples_rclpy_pointcloud_publisher:/home/enelsis-pc/ros2_humble/install/examples_rclpy_minimal_subscriber:/home/enelsis-pc/ros2_humble/install/examples_rclpy_minimal_service:/home/enelsis-pc/ros2_humble/install/examples_rclpy_minimal_publisher:/home/enelsis-pc/ros2_humble/install/examples_rclpy_minimal_client:/home/enelsis-pc/ros2_humble/install/examples_rclpy_minimal_action_server:/home/enelsis-pc/ros2_humble/install/examples_rclpy_minimal_action_client:/home/enelsis-pc/ros2_humble/install/examples_rclpy_guard_conditions:/home/enelsis-pc/ros2_humble/install/examples_rclpy_executors:/home/enelsis-pc/ros2_humble/install/demo_nodes_py:/home/enelsis-pc/ros2_humble/install/camera_info_manager_py:/home/enelsis-pc/ros2_humble/install/action_tutorials_py:/home/enelsis-pc/ros2_humble/install/ament_uncrustify:/home/enelsis-pc/ros2_humble/install/tracetools_trace:/home/enelsis-pc/ros2_humble/install/tracetools_read:/home/enelsis-pc/ros2_humble/install/test_tracetools_launch:/home/enelsis-pc/ros2_humble/install/test_launch_ros:/home/enelsis-pc/ros2_humble/install/sensor_msgs_py:/home/enelsis-pc/ros2_humble/install/rpyutils:/home/enelsis-pc/ros2_humble/install/rosidl_runtime_py:/home/enelsis-pc/ros2_humble/install/rosidl_cli:/home/enelsis-pc/ros2_humble/install/launch_pytest:/home/enelsis-pc/ros2_humble/install/launch_testing:/home/enelsis-pc/ros2_humble/install/launch_yaml:/home/enelsis-pc/ros2_humble/install/launch_xml:/home/enelsis-pc/ros2_humble/install/launch:/home/enelsis-pc/ros2_humble/install/osrf_pycommon:/home/enelsis-pc/ros2_humble/install/domain_coordinator:/home/enelsis-pc/ros2_humble/install/ament_xmllint:/home/enelsis-pc/ros2_humble/install/ament_pyflakes:/home/enelsis-pc/ros2_humble/install/ament_pycodestyle:/home/enelsis-pc/ros2_humble/install/ament_pep257:/home/enelsis-pc/ros2_humble/install/ament_pclint:/home/enelsis-pc/ros2_humble/install/ament_package:/home/enelsis-pc/ros2_humble/install/ament_mypy:/home/enelsis-pc/ros2_humble/install/ament_lint_cmake:/home/enelsis-pc/ros2_humble/install/ament_flake8:/home/enelsis-pc/ros2_humble/install/ament_copyright:/home/enelsis-pc/ros2_humble/install/ament_lint:/home/enelsis-pc/ros2_humble/install/ament_index_python:/home/enelsis-pc/ros2_humble/install/ament_cpplint:/home/enelsis-pc/ros2_humble/install/ament_cppcheck:/home/enelsis-pc/ros2_humble/install/ament_clang_tidy:/home/enelsis-pc/ros2_humble/install/ament_clang_format:/opt/ros/humble /usr/bin/cmake --build /home/enelsis-pc/enelsis_moab_ws/build/rf2o_laser_odometry -- -j8 -l8
[1.423s] DEBUG:colcon.colcon_core.event_handler.log_command:Invoking command in '/home/enelsis-pc/enelsis_moab_ws/build/rf2o_laser_odometry': CMAKE_PREFIX_PATH=${CMAKE_PREFIX_PATH}:/home/enelsis-pc/enelsis_moab_ws/install/lidar_mavlink_bridge:/home/enelsis-pc/enelsis_moab_ws/install/enelsis_bringup:/home/enelsis-pc/mavlink_ws/install/lidar_mavlink_bridge:/home/enelsis-pc/ros2_humble/install/rqt_bag_plugins:/home/enelsis-pc/ros2_humble/install/rqt_bag:/home/enelsis-pc/ros2_humble/install/launch_testing_examples:/home/enelsis-pc/ros2_humble/install/ros2bag:/home/enelsis-pc/ros2_humble/install/tracetools_test:/home/enelsis-pc/ros2_humble/install/tracetools_launch:/home/enelsis-pc/ros2_humble/install/topic_monitor:/home/enelsis-pc/ros2_humble/install/tf2_tools:/home/enelsis-pc/ros2_humble/install/examples_tf2_py:/home/enelsis-pc/ros2_humble/install/tf2_ros_py:/home/enelsis-pc/ros2_humble/install/sros2:/home/enelsis-pc/ros2_humble/install/rqt_topic:/home/enelsis-pc/ros2_humble/install/rqt_srv:/home/enelsis-pc/ros2_humble/install/rqt_shell:/home/enelsis-pc/ros2_humble/install/rqt_service_caller:/home/enelsis-pc/ros2_humble/install/rqt_reconfigure:/home/enelsis-pc/ros2_humble/install/rqt_py_console:/home/enelsis-pc/ros2_humble/install/rqt_publisher:/home/enelsis-pc/ros2_humble/install/rqt_plot:/home/enelsis-pc/ros2_humble/install/rqt_action:/home/enelsis-pc/ros2_humble/install/rqt_msg:/home/enelsis-pc/ros2_humble/install/rqt_console:/home/enelsis-pc/ros2_humble/install/rqt:/home/enelsis-pc/ros2_humble/install/rqt_graph:/home/enelsis-pc/ros2_humble/install/rqt_gui_py:/home/enelsis-pc/ros2_humble/install/rqt_gui:/home/enelsis-pc/ros2_humble/install/ros2trace:/home/enelsis-pc/ros2_humble/install/ros2topic:/home/enelsis-pc/ros2_humble/install/ros2test:/home/enelsis-pc/ros2_humble/install/ros2component:/home/enelsis-pc/ros2_humble/install/ros2param:/home/enelsis-pc/ros2_humble/install/ros2lifecycle:/home/enelsis-pc/ros2_humble/install/ros2service:/home/enelsis-pc/ros2_humble/install/ros2run:/home/enelsis-pc/ros2_humble/install/ros2launch:/home/enelsis-pc/ros2_humble/install/ros2pkg:/home/enelsis-pc/ros2_humble/install/ros2node:/home/enelsis-pc/ros2_humble/install/ros2multicast:/home/enelsis-pc/ros2_humble/install/ros2interface:/home/enelsis-pc/ros2_humble/install/ros2doctor:/home/enelsis-pc/ros2_humble/install/ros2action:/home/enelsis-pc/ros2_humble/install/ros2cli:/home/enelsis-pc/ros2_humble/install/quality_of_service_demo_py:/home/enelsis-pc/ros2_humble/install/lifecycle_py:/home/enelsis-pc/ros2_humble/install/launch_testing_ros:/home/enelsis-pc/ros2_humble/install/launch_ros:/home/enelsis-pc/ros2_humble/install/examples_rclpy_pointcloud_publisher:/home/enelsis-pc/ros2_humble/install/examples_rclpy_minimal_subscriber:/home/enelsis-pc/ros2_humble/install/examples_rclpy_minimal_service:/home/enelsis-pc/ros2_humble/install/examples_rclpy_minimal_publisher:/home/enelsis-pc/ros2_humble/install/examples_rclpy_minimal_client:/home/enelsis-pc/ros2_humble/install/examples_rclpy_minimal_action_server:/home/enelsis-pc/ros2_humble/install/examples_rclpy_minimal_action_client:/home/enelsis-pc/ros2_humble/install/examples_rclpy_guard_conditions:/home/enelsis-pc/ros2_humble/install/examples_rclpy_executors:/home/enelsis-pc/ros2_humble/install/demo_nodes_py:/home/enelsis-pc/ros2_humble/install/camera_info_manager_py:/home/enelsis-pc/ros2_humble/install/action_tutorials_py:/home/enelsis-pc/ros2_humble/install/ament_uncrustify:/home/enelsis-pc/ros2_humble/install/tracetools_trace:/home/enelsis-pc/ros2_humble/install/tracetools_read:/home/enelsis-pc/ros2_humble/install/test_tracetools_launch:/home/enelsis-pc/ros2_humble/install/test_launch_ros:/home/enelsis-pc/ros2_humble/install/sensor_msgs_py:/home/enelsis-pc/ros2_humble/install/rpyutils:/home/enelsis-pc/ros2_humble/install/rosidl_runtime_py:/home/enelsis-pc/ros2_humble/install/rosidl_cli:/home/enelsis-pc/ros2_humble/install/launch_pytest:/home/enelsis-pc/ros2_humble/install/launch_testing:/home/enelsis-pc/ros2_humble/install/launch_yaml:/home/enelsis-pc/ros2_humble/install/launch_xml:/home/enelsis-pc/ros2_humble/install/launch:/home/enelsis-pc/ros2_humble/install/osrf_pycommon:/home/enelsis-pc/ros2_humble/install/domain_coordinator:/home/enelsis-pc/ros2_humble/install/ament_xmllint:/home/enelsis-pc/ros2_humble/install/ament_pyflakes:/home/enelsis-pc/ros2_humble/install/ament_pycodestyle:/home/enelsis-pc/ros2_humble/install/ament_pep257:/home/enelsis-pc/ros2_humble/install/ament_pclint:/home/enelsis-pc/ros2_humble/install/ament_package:/home/enelsis-pc/ros2_humble/install/ament_mypy:/home/enelsis-pc/ros2_humble/install/ament_lint_cmake:/home/enelsis-pc/ros2_humble/install/ament_flake8:/home/enelsis-pc/ros2_humble/install/ament_copyright:/home/enelsis-pc/ros2_humble/install/ament_lint:/home/enelsis-pc/ros2_humble/install/ament_index_python:/home/enelsis-pc/ros2_humble/install/ament_cpplint:/home/enelsis-pc/ros2_humble/install/ament_cppcheck:/home/enelsis-pc/ros2_humble/install/ament_clang_tidy:/home/enelsis-pc/ros2_humble/install/ament_clang_format:/opt/ros/humble /usr/bin/cmake --install /home/enelsis-pc/enelsis_moab_ws/build/rf2o_laser_odometry
[1.478s] Level 1:colcon.colcon_core.environment:create_environment_scripts_only(rf2o_laser_odometry)
[1.479s] DEBUG:colcon.colcon_core.event_handler.log_command:Invoked command in '/home/enelsis-pc/enelsis_moab_ws/build/rf2o_laser_odometry' returned '0': CMAKE_PREFIX_PATH=${CMAKE_PREFIX_PATH}:/home/enelsis-pc/enelsis_moab_ws/install/lidar_mavlink_bridge:/home/enelsis-pc/enelsis_moab_ws/install/enelsis_bringup:/home/enelsis-pc/mavlink_ws/install/lidar_mavlink_bridge:/home/enelsis-pc/ros2_humble/install/rqt_bag_plugins:/home/enelsis-pc/ros2_humble/install/rqt_bag:/home/enelsis-pc/ros2_humble/install/launch_testing_examples:/home/enelsis-pc/ros2_humble/install/ros2bag:/home/enelsis-pc/ros2_humble/install/tracetools_test:/home/enelsis-pc/ros2_humble/install/tracetools_launch:/home/enelsis-pc/ros2_humble/install/topic_monitor:/home/enelsis-pc/ros2_humble/install/tf2_tools:/home/enelsis-pc/ros2_humble/install/examples_tf2_py:/home/enelsis-pc/ros2_humble/install/tf2_ros_py:/home/enelsis-pc/ros2_humble/install/sros2:/home/enelsis-pc/ros2_humble/install/rqt_topic:/home/enelsis-pc/ros2_humble/install/rqt_srv:/home/enelsis-pc/ros2_humble/install/rqt_shell:/home/enelsis-pc/ros2_humble/install/rqt_service_caller:/home/enelsis-pc/ros2_humble/install/rqt_reconfigure:/home/enelsis-pc/ros2_humble/install/rqt_py_console:/home/enelsis-pc/ros2_humble/install/rqt_publisher:/home/enelsis-pc/ros2_humble/install/rqt_plot:/home/enelsis-pc/ros2_humble/install/rqt_action:/home/enelsis-pc/ros2_humble/install/rqt_msg:/home/enelsis-pc/ros2_humble/install/rqt_console:/home/enelsis-pc/ros2_humble/install/rqt:/home/enelsis-pc/ros2_humble/install/rqt_graph:/home/enelsis-pc/ros2_humble/install/rqt_gui_py:/home/enelsis-pc/ros2_humble/install/rqt_gui:/home/enelsis-pc/ros2_humble/install/ros2trace:/home/enelsis-pc/ros2_humble/install/ros2topic:/home/enelsis-pc/ros2_humble/install/ros2test:/home/enelsis-pc/ros2_humble/install/ros2component:/home/enelsis-pc/ros2_humble/install/ros2param:/home/enelsis-pc/ros2_humble/install/ros2lifecycle:/home/enelsis-pc/ros2_humble/install/ros2service:/home/enelsis-pc/ros2_humble/install/ros2run:/home/enelsis-pc/ros2_humble/install/ros2launch:/home/enelsis-pc/ros2_humble/install/ros2pkg:/home/enelsis-pc/ros2_humble/install/ros2node:/home/enelsis-pc/ros2_humble/install/ros2multicast:/home/enelsis-pc/ros2_humble/install/ros2interface:/home/enelsis-pc/ros2_humble/install/ros2doctor:/home/enelsis-pc/ros2_humble/install/ros2action:/home/enelsis-pc/ros2_humble/install/ros2cli:/home/enelsis-pc/ros2_humble/install/quality_of_service_demo_py:/home/enelsis-pc/ros2_humble/install/lifecycle_py:/home/enelsis-pc/ros2_humble/install/launch_testing_ros:/home/enelsis-pc/ros2_humble/install/launch_ros:/home/enelsis-pc/ros2_humble/install/examples_rclpy_pointcloud_publisher:/home/enelsis-pc/ros2_humble/install/examples_rclpy_minimal_subscriber:/home/enelsis-pc/ros2_humble/install/examples_rclpy_minimal_service:/home/enelsis-pc/ros2_humble/install/examples_rclpy_minimal_publisher:/home/enelsis-pc/ros2_humble/install/examples_rclpy_minimal_client:/home/enelsis-pc/ros2_humble/install/examples_rclpy_minimal_action_server:/home/enelsis-pc/ros2_humble/install/examples_rclpy_minimal_action_client:/home/enelsis-pc/ros2_humble/install/examples_rclpy_guard_conditions:/home/enelsis-pc/ros2_humble/install/examples_rclpy_executors:/home/enelsis-pc/ros2_humble/install/demo_nodes_py:/home/enelsis-pc/ros2_humble/install/camera_info_manager_py:/home/enelsis-pc/ros2_humble/install/action_tutorials_py:/home/enelsis-pc/ros2_humble/install/ament_uncrustify:/home/enelsis-pc/ros2_humble/install/tracetools_trace:/home/enelsis-pc/ros2_humble/install/tracetools_read:/home/enelsis-pc/ros2_humble/install/test_tracetools_launch:/home/enelsis-pc/ros2_humble/install/test_launch_ros:/home/enelsis-pc/ros2_humble/install/sensor_msgs_py:/home/enelsis-pc/ros2_humble/install/rpyutils:/home/enelsis-pc/ros2_humble/install/rosidl_runtime_py:/home/enelsis-pc/ros2_humble/install/rosidl_cli:/home/enelsis-pc/ros2_humble/install/launch_pytest:/home/enelsis-pc/ros2_humble/install/launch_testing:/home/enelsis-pc/ros2_humble/install/launch_yaml:/home/enelsis-pc/ros2_humble/install/launch_xml:/home/enelsis-pc/ros2_humble/install/launch:/home/enelsis-pc/ros2_humble/install/osrf_pycommon:/home/enelsis-pc/ros2_humble/install/domain_coordinator:/home/enelsis-pc/ros2_humble/install/ament_xmllint:/home/enelsis-pc/ros2_humble/install/ament_pyflakes:/home/enelsis-pc/ros2_humble/install/ament_pycodestyle:/home/enelsis-pc/ros2_humble/install/ament_pep257:/home/enelsis-pc/ros2_humble/install/ament_pclint:/home/enelsis-pc/ros2_humble/install/ament_package:/home/enelsis-pc/ros2_humble/install/ament_mypy:/home/enelsis-pc/ros2_humble/install/ament_lint_cmake:/home/enelsis-pc/ros2_humble/install/ament_flake8:/home/enelsis-pc/ros2_humble/install/ament_copyright:/home/enelsis-pc/ros2_humble/install/ament_lint:/home/enelsis-pc/ros2_humble/install/ament_index_python:/home/enelsis-pc/ros2_humble/install/ament_cpplint:/home/enelsis-pc/ros2_humble/install/ament_cppcheck:/home/enelsis-pc/ros2_humble/install/ament_clang_tidy:/home/enelsis-pc/ros2_humble/install/ament_clang_format:/opt/ros/humble /usr/bin/cmake --install /home/enelsis-pc/enelsis_moab_ws/build/rf2o_laser_odometry
[1.487s] Level 1:colcon.colcon_core.environment:checking '/home/enelsis-pc/enelsis_moab_ws/install/rf2o_laser_odometry' for CMake module files
[1.489s] Level 1:colcon.colcon_core.environment:checking '/home/enelsis-pc/enelsis_moab_ws/install/rf2o_laser_odometry' for CMake config files
[1.489s] Level 1:colcon.colcon_core.shell:create_environment_hook('rf2o_laser_odometry', 'cmake_prefix_path')
[1.490s] INFO:colcon.colcon_core.shell:Creating environment hook '/home/enelsis-pc/enelsis_moab_ws/install/rf2o_laser_odometry/share/rf2o_laser_odometry/hook/cmake_prefix_path.ps1'
[1.490s] INFO:colcon.colcon_core.shell:Creating environment descriptor '/home/enelsis-pc/enelsis_moab_ws/install/rf2o_laser_odometry/share/rf2o_laser_odometry/hook/cmake_prefix_path.dsv'
[1.491s] INFO:colcon.colcon_core.shell:Creating environment hook '/home/enelsis-pc/enelsis_moab_ws/install/rf2o_laser_odometry/share/rf2o_laser_odometry/hook/cmake_prefix_path.sh'
[1.492s] Level 1:colcon.colcon_core.environment:checking '/home/enelsis-pc/enelsis_moab_ws/install/rf2o_laser_odometry/lib'
[1.492s] Level 1:colcon.colcon_core.environment:checking '/home/enelsis-pc/enelsis_moab_ws/install/rf2o_laser_odometry/bin'
[1.492s] Level 1:colcon.colcon_core.environment:checking '/home/enelsis-pc/enelsis_moab_ws/install/rf2o_laser_odometry/lib/pkgconfig/rf2o_laser_odometry.pc'
[1.493s] Level 1:colcon.colcon_core.environment:checking '/home/enelsis-pc/enelsis_moab_ws/install/rf2o_laser_odometry/lib/python3.10/site-packages'
[1.493s] Level 1:colcon.colcon_core.environment:checking '/home/enelsis-pc/enelsis_moab_ws/install/rf2o_laser_odometry/bin'
[1.493s] INFO:colcon.colcon_core.shell:Creating package script '/home/enelsis-pc/enelsis_moab_ws/install/rf2o_laser_odometry/share/rf2o_laser_odometry/package.ps1'
[1.494s] INFO:colcon.colcon_core.shell:Creating package descriptor '/home/enelsis-pc/enelsis_moab_ws/install/rf2o_laser_odometry/share/rf2o_laser_odometry/package.dsv'
[1.495s] INFO:colcon.colcon_core.shell:Creating package script '/home/enelsis-pc/enelsis_moab_ws/install/rf2o_laser_odometry/share/rf2o_laser_odometry/package.sh'
[1.495s] INFO:colcon.colcon_core.shell:Creating package script '/home/enelsis-pc/enelsis_moab_ws/install/rf2o_laser_odometry/share/rf2o_laser_odometry/package.bash'
[1.499s] INFO:colcon.colcon_core.shell:Creating package script '/home/enelsis-pc/enelsis_moab_ws/install/rf2o_laser_odometry/share/rf2o_laser_odometry/package.zsh'
[1.499s] Level 1:colcon.colcon_core.environment:create_file_with_runtime_dependencies(/home/enelsis-pc/enelsis_moab_ws/install/rf2o_laser_odometry/share/colcon-core/packages/rf2o_laser_odometry)
[1.500s] Level 1:colcon.colcon_core.environment:create_environment_scripts_only(rf2o_laser_odometry)
[1.501s] Level 1:colcon.colcon_core.environment:checking '/home/enelsis-pc/enelsis_moab_ws/install/rf2o_laser_odometry' for CMake module files
[1.501s] Level 1:colcon.colcon_core.environment:checking '/home/enelsis-pc/enelsis_moab_ws/install/rf2o_laser_odometry' for CMake config files
[1.501s] Level 1:colcon.colcon_core.shell:create_environment_hook('rf2o_laser_odometry', 'cmake_prefix_path')
[1.502s] INFO:colcon.colcon_core.shell:Creating environment hook '/home/enelsis-pc/enelsis_moab_ws/install/rf2o_laser_odometry/share/rf2o_laser_odometry/hook/cmake_prefix_path.ps1'
[1.502s] INFO:colcon.colcon_core.shell:Creating environment descriptor '/home/enelsis-pc/enelsis_moab_ws/install/rf2o_laser_odometry/share/rf2o_laser_odometry/hook/cmake_prefix_path.dsv'
[1.503s] INFO:colcon.colcon_core.shell:Creating environment hook '/home/enelsis-pc/enelsis_moab_ws/install/rf2o_laser_odometry/share/rf2o_laser_odometry/hook/cmake_prefix_path.sh'
[1.503s] Level 1:colcon.colcon_core.environment:checking '/home/enelsis-pc/enelsis_moab_ws/install/rf2o_laser_odometry/lib'
[1.504s] Level 1:colcon.colcon_core.environment:checking '/home/enelsis-pc/enelsis_moab_ws/install/rf2o_laser_odometry/bin'
[1.504s] Level 1:colcon.colcon_core.environment:checking '/home/enelsis-pc/enelsis_moab_ws/install/rf2o_laser_odometry/lib/pkgconfig/rf2o_laser_odometry.pc'
[1.504s] Level 1:colcon.colcon_core.environment:checking '/home/enelsis-pc/enelsis_moab_ws/install/rf2o_laser_odometry/lib/python3.10/site-packages'
[1.504s] Level 1:colcon.colcon_core.environment:checking '/home/enelsis-pc/enelsis_moab_ws/install/rf2o_laser_odometry/bin'
[1.505s] INFO:colcon.colcon_core.shell:Creating package script '/home/enelsis-pc/enelsis_moab_ws/install/rf2o_laser_odometry/share/rf2o_laser_odometry/package.ps1'
[1.505s] INFO:colcon.colcon_core.shell:Creating package descriptor '/home/enelsis-pc/enelsis_moab_ws/install/rf2o_laser_odometry/share/rf2o_laser_odometry/package.dsv'
[1.506s] INFO:colcon.colcon_core.shell:Creating package script '/home/enelsis-pc/enelsis_moab_ws/install/rf2o_laser_odometry/share/rf2o_laser_odometry/package.sh'
[1.506s] INFO:colcon.colcon_core.shell:Creating package script '/home/enelsis-pc/enelsis_moab_ws/install/rf2o_laser_odometry/share/rf2o_laser_odometry/package.bash'
[1.507s] INFO:colcon.colcon_core.shell:Creating package script '/home/enelsis-pc/enelsis_moab_ws/install/rf2o_laser_odometry/share/rf2o_laser_odometry/package.zsh'
[1.507s] Level 1:colcon.colcon_core.environment:create_file_with_runtime_dependencies(/home/enelsis-pc/enelsis_moab_ws/install/rf2o_laser_odometry/share/colcon-core/packages/rf2o_laser_odometry)
[1.509s] Level 1:colcon.colcon_core.environment:create_environment_scripts_only(ydlidar_ros2_driver)
[1.509s] Level 1:colcon.colcon_core.environment:checking '/home/enelsis-pc/enelsis_moab_ws/install/ydlidar_ros2_driver' for CMake module files
[1.510s] DEBUG:colcon.colcon_core.event_handler.log_command:Invoked command in '/home/enelsis-pc/enelsis_moab_ws/build/ydlidar_ros2_driver' returned '0': CMAKE_PREFIX_PATH=${CMAKE_PREFIX_PATH}:/home/enelsis-pc/enelsis_moab_ws/install/lidar_mavlink_bridge:/home/enelsis-pc/enelsis_moab_ws/install/enelsis_bringup:/home/enelsis-pc/mavlink_ws/install/lidar_mavlink_bridge:/home/enelsis-pc/ros2_humble/install/rqt_bag_plugins:/home/enelsis-pc/ros2_humble/install/rqt_bag:/home/enelsis-pc/ros2_humble/install/launch_testing_examples:/home/enelsis-pc/ros2_humble/install/ros2bag:/home/enelsis-pc/ros2_humble/install/tracetools_test:/home/enelsis-pc/ros2_humble/install/tracetools_launch:/home/enelsis-pc/ros2_humble/install/topic_monitor:/home/enelsis-pc/ros2_humble/install/tf2_tools:/home/enelsis-pc/ros2_humble/install/examples_tf2_py:/home/enelsis-pc/ros2_humble/install/tf2_ros_py:/home/enelsis-pc/ros2_humble/install/sros2:/home/enelsis-pc/ros2_humble/install/rqt_topic:/home/enelsis-pc/ros2_humble/install/rqt_srv:/home/enelsis-pc/ros2_humble/install/rqt_shell:/home/enelsis-pc/ros2_humble/install/rqt_service_caller:/home/enelsis-pc/ros2_humble/install/rqt_reconfigure:/home/enelsis-pc/ros2_humble/install/rqt_py_console:/home/enelsis-pc/ros2_humble/install/rqt_publisher:/home/enelsis-pc/ros2_humble/install/rqt_plot:/home/enelsis-pc/ros2_humble/install/rqt_action:/home/enelsis-pc/ros2_humble/install/rqt_msg:/home/enelsis-pc/ros2_humble/install/rqt_console:/home/enelsis-pc/ros2_humble/install/rqt:/home/enelsis-pc/ros2_humble/install/rqt_graph:/home/enelsis-pc/ros2_humble/install/rqt_gui_py:/home/enelsis-pc/ros2_humble/install/rqt_gui:/home/enelsis-pc/ros2_humble/install/ros2trace:/home/enelsis-pc/ros2_humble/install/ros2topic:/home/enelsis-pc/ros2_humble/install/ros2test:/home/enelsis-pc/ros2_humble/install/ros2component:/home/enelsis-pc/ros2_humble/install/ros2param:/home/enelsis-pc/ros2_humble/install/ros2lifecycle:/home/enelsis-pc/ros2_humble/install/ros2service:/home/enelsis-pc/ros2_humble/install/ros2run:/home/enelsis-pc/ros2_humble/install/ros2launch:/home/enelsis-pc/ros2_humble/install/ros2pkg:/home/enelsis-pc/ros2_humble/install/ros2node:/home/enelsis-pc/ros2_humble/install/ros2multicast:/home/enelsis-pc/ros2_humble/install/ros2interface:/home/enelsis-pc/ros2_humble/install/ros2doctor:/home/enelsis-pc/ros2_humble/install/ros2action:/home/enelsis-pc/ros2_humble/install/ros2cli:/home/enelsis-pc/ros2_humble/install/quality_of_service_demo_py:/home/enelsis-pc/ros2_humble/install/lifecycle_py:/home/enelsis-pc/ros2_humble/install/launch_testing_ros:/home/enelsis-pc/ros2_humble/install/launch_ros:/home/enelsis-pc/ros2_humble/install/examples_rclpy_pointcloud_publisher:/home/enelsis-pc/ros2_humble/install/examples_rclpy_minimal_subscriber:/home/enelsis-pc/ros2_humble/install/examples_rclpy_minimal_service:/home/enelsis-pc/ros2_humble/install/examples_rclpy_minimal_publisher:/home/enelsis-pc/ros2_humble/install/examples_rclpy_minimal_client:/home/enelsis-pc/ros2_humble/install/examples_rclpy_minimal_action_server:/home/enelsis-pc/ros2_humble/install/examples_rclpy_minimal_action_client:/home/enelsis-pc/ros2_humble/install/examples_rclpy_guard_conditions:/home/enelsis-pc/ros2_humble/install/examples_rclpy_executors:/home/enelsis-pc/ros2_humble/install/demo_nodes_py:/home/enelsis-pc/ros2_humble/install/camera_info_manager_py:/home/enelsis-pc/ros2_humble/install/action_tutorials_py:/home/enelsis-pc/ros2_humble/install/ament_uncrustify:/home/enelsis-pc/ros2_humble/install/tracetools_trace:/home/enelsis-pc/ros2_humble/install/tracetools_read:/home/enelsis-pc/ros2_humble/install/test_tracetools_launch:/home/enelsis-pc/ros2_humble/install/test_launch_ros:/home/enelsis-pc/ros2_humble/install/sensor_msgs_py:/home/enelsis-pc/ros2_humble/install/rpyutils:/home/enelsis-pc/ros2_humble/install/rosidl_runtime_py:/home/enelsis-pc/ros2_humble/install/rosidl_cli:/home/enelsis-pc/ros2_humble/install/launch_pytest:/home/enelsis-pc/ros2_humble/install/launch_testing:/home/enelsis-pc/ros2_humble/install/launch_yaml:/home/enelsis-pc/ros2_humble/install/launch_xml:/home/enelsis-pc/ros2_humble/install/launch:/home/enelsis-pc/ros2_humble/install/osrf_pycommon:/home/enelsis-pc/ros2_humble/install/domain_coordinator:/home/enelsis-pc/ros2_humble/install/ament_xmllint:/home/enelsis-pc/ros2_humble/install/ament_pyflakes:/home/enelsis-pc/ros2_humble/install/ament_pycodestyle:/home/enelsis-pc/ros2_humble/install/ament_pep257:/home/enelsis-pc/ros2_humble/install/ament_pclint:/home/enelsis-pc/ros2_humble/install/ament_package:/home/enelsis-pc/ros2_humble/install/ament_mypy:/home/enelsis-pc/ros2_humble/install/ament_lint_cmake:/home/enelsis-pc/ros2_humble/install/ament_flake8:/home/enelsis-pc/ros2_humble/install/ament_copyright:/home/enelsis-pc/ros2_humble/install/ament_lint:/home/enelsis-pc/ros2_humble/install/ament_index_python:/home/enelsis-pc/ros2_humble/install/ament_cpplint:/home/enelsis-pc/ros2_humble/install/ament_cppcheck:/home/enelsis-pc/ros2_humble/install/ament_clang_tidy:/home/enelsis-pc/ros2_humble/install/ament_clang_format:/opt/ros/humble /usr/bin/cmake --install /home/enelsis-pc/enelsis_moab_ws/build/ydlidar_ros2_driver
[1.511s] Level 1:colcon.colcon_core.environment:checking '/home/enelsis-pc/enelsis_moab_ws/install/ydlidar_ros2_driver' for CMake config files
[1.511s] Level 1:colcon.colcon_core.shell:create_environment_hook('ydlidar_ros2_driver', 'cmake_prefix_path')
[1.512s] INFO:colcon.colcon_core.shell:Creating environment hook '/home/enelsis-pc/enelsis_moab_ws/install/ydlidar_ros2_driver/share/ydlidar_ros2_driver/hook/cmake_prefix_path.ps1'
[1.512s] INFO:colcon.colcon_core.shell:Creating environment descriptor '/home/enelsis-pc/enelsis_moab_ws/install/ydlidar_ros2_driver/share/ydlidar_ros2_driver/hook/cmake_prefix_path.dsv'
[1.513s] INFO:colcon.colcon_core.shell:Creating environment hook '/home/enelsis-pc/enelsis_moab_ws/install/ydlidar_ros2_driver/share/ydlidar_ros2_driver/hook/cmake_prefix_path.sh'
[1.514s] Level 1:colcon.colcon_core.environment:checking '/home/enelsis-pc/enelsis_moab_ws/install/ydlidar_ros2_driver/lib'
[1.514s] Level 1:colcon.colcon_core.environment:checking '/home/enelsis-pc/enelsis_moab_ws/install/ydlidar_ros2_driver/bin'
[1.514s] Level 1:colcon.colcon_core.environment:checking '/home/enelsis-pc/enelsis_moab_ws/install/ydlidar_ros2_driver/lib/pkgconfig/ydlidar_ros2_driver.pc'
[1.515s] Level 1:colcon.colcon_core.environment:checking '/home/enelsis-pc/enelsis_moab_ws/install/ydlidar_ros2_driver/lib/python3.10/site-packages'
[1.515s] Level 1:colcon.colcon_core.environment:checking '/home/enelsis-pc/enelsis_moab_ws/install/ydlidar_ros2_driver/bin'
[1.515s] INFO:colcon.colcon_core.shell:Creating package script '/home/enelsis-pc/enelsis_moab_ws/install/ydlidar_ros2_driver/share/ydlidar_ros2_driver/package.ps1'
[1.516s] INFO:colcon.colcon_core.shell:Creating package descriptor '/home/enelsis-pc/enelsis_moab_ws/install/ydlidar_ros2_driver/share/ydlidar_ros2_driver/package.dsv'
[1.517s] INFO:colcon.colcon_core.shell:Creating package script '/home/enelsis-pc/enelsis_moab_ws/install/ydlidar_ros2_driver/share/ydlidar_ros2_driver/package.sh'
[1.517s] INFO:colcon.colcon_core.shell:Creating package script '/home/enelsis-pc/enelsis_moab_ws/install/ydlidar_ros2_driver/share/ydlidar_ros2_driver/package.bash'
[1.517s] INFO:colcon.colcon_core.shell:Creating package script '/home/enelsis-pc/enelsis_moab_ws/install/ydlidar_ros2_driver/share/ydlidar_ros2_driver/package.zsh'
[1.518s] Level 1:colcon.colcon_core.environment:create_file_with_runtime_dependencies(/home/enelsis-pc/enelsis_moab_ws/install/ydlidar_ros2_driver/share/colcon-core/packages/ydlidar_ros2_driver)
[1.518s] Level 1:colcon.colcon_core.environment:create_environment_scripts_only(ydlidar_ros2_driver)
[1.519s] Level 1:colcon.colcon_core.environment:checking '/home/enelsis-pc/enelsis_moab_ws/install/ydlidar_ros2_driver' for CMake module files
[1.519s] Level 1:colcon.colcon_core.environment:checking '/home/enelsis-pc/enelsis_moab_ws/install/ydlidar_ros2_driver' for CMake config files
[1.520s] Level 1:colcon.colcon_core.shell:create_environment_hook('ydlidar_ros2_driver', 'cmake_prefix_path')
[1.520s] INFO:colcon.colcon_core.shell:Creating environment hook '/home/enelsis-pc/enelsis_moab_ws/install/ydlidar_ros2_driver/share/ydlidar_ros2_driver/hook/cmake_prefix_path.ps1'
[1.521s] INFO:colcon.colcon_core.shell:Creating environment descriptor '/home/enelsis-pc/enelsis_moab_ws/install/ydlidar_ros2_driver/share/ydlidar_ros2_driver/hook/cmake_prefix_path.dsv'
[1.521s] INFO:colcon.colcon_core.shell:Creating environment hook '/home/enelsis-pc/enelsis_moab_ws/install/ydlidar_ros2_driver/share/ydlidar_ros2_driver/hook/cmake_prefix_path.sh'
[1.522s] Level 1:colcon.colcon_core.environment:checking '/home/enelsis-pc/enelsis_moab_ws/install/ydlidar_ros2_driver/lib'
[1.522s] Level 1:colcon.colcon_core.environment:checking '/home/enelsis-pc/enelsis_moab_ws/install/ydlidar_ros2_driver/bin'
[1.522s] Level 1:colcon.colcon_core.environment:checking '/home/enelsis-pc/enelsis_moab_ws/install/ydlidar_ros2_driver/lib/pkgconfig/ydlidar_ros2_driver.pc'
[1.522s] Level 1:colcon.colcon_core.environment:checking '/home/enelsis-pc/enelsis_moab_ws/install/ydlidar_ros2_driver/lib/python3.10/site-packages'
[1.523s] Level 1:colcon.colcon_core.environment:checking '/home/enelsis-pc/enelsis_moab_ws/install/ydlidar_ros2_driver/bin'
[1.523s] INFO:colcon.colcon_core.shell:Creating package script '/home/enelsis-pc/enelsis_moab_ws/install/ydlidar_ros2_driver/share/ydlidar_ros2_driver/package.ps1'
[1.524s] INFO:colcon.colcon_core.shell:Creating package descriptor '/home/enelsis-pc/enelsis_moab_ws/install/ydlidar_ros2_driver/share/ydlidar_ros2_driver/package.dsv'
[1.524s] INFO:colcon.colcon_core.shell:Creating package script '/home/enelsis-pc/enelsis_moab_ws/install/ydlidar_ros2_driver/share/ydlidar_ros2_driver/package.sh'
[1.525s] INFO:colcon.colcon_core.shell:Creating package script '/home/enelsis-pc/enelsis_moab_ws/install/ydlidar_ros2_driver/share/ydlidar_ros2_driver/package.bash'
[1.525s] INFO:colcon.colcon_core.shell:Creating package script '/home/enelsis-pc/enelsis_moab_ws/install/ydlidar_ros2_driver/share/ydlidar_ros2_driver/package.zsh'
[1.525s] Level 1:colcon.colcon_core.environment:create_file_with_runtime_dependencies(/home/enelsis-pc/enelsis_moab_ws/install/ydlidar_ros2_driver/share/colcon-core/packages/ydlidar_ros2_driver)
[1.526s] DEBUG:colcon.colcon_parallel_executor.executor.parallel:closing loop
[1.526s] DEBUG:colcon.colcon_parallel_executor.executor.parallel:loop closed
[1.527s] DEBUG:colcon.colcon_parallel_executor.executor.parallel:run_until_complete finished with '0'
[1.527s] DEBUG:colcon.colcon_core.event_reactor:joining thread
[1.543s] INFO:colcon.colcon_core.plugin_system:Skipping extension 'colcon_notification.desktop_notification.terminal_notifier': Not used on non-Darwin systems
[1.543s] INFO:colcon.colcon_core.plugin_system:Skipping extension 'colcon_notification.desktop_notification.win32': Not used on non-Windows systems
[1.543s] INFO:colcon.colcon_notification.desktop_notification:Sending desktop notification using 'notify2'
[1.553s] DEBUG:colcon.colcon_core.event_reactor:joined thread
[1.554s] INFO:colcon.colcon_core.shell:Creating prefix script '/home/enelsis-pc/enelsis_moab_ws/install/local_setup.ps1'
[1.555s] INFO:colcon.colcon_core.shell:Creating prefix util module '/home/enelsis-pc/enelsis_moab_ws/install/_local_setup_util_ps1.py'
[1.557s] INFO:colcon.colcon_core.shell:Creating prefix chain script '/home/enelsis-pc/enelsis_moab_ws/install/setup.ps1'
[1.574s] INFO:colcon.colcon_core.shell:Creating prefix script '/home/enelsis-pc/enelsis_moab_ws/install/local_setup.sh'
[1.575s] INFO:colcon.colcon_core.shell:Creating prefix util module '/home/enelsis-pc/enelsis_moab_ws/install/_local_setup_util_sh.py'
[1.576s] INFO:colcon.colcon_core.shell:Creating prefix chain script '/home/enelsis-pc/enelsis_moab_ws/install/setup.sh'
[1.593s] INFO:colcon.colcon_core.shell:Creating prefix script '/home/enelsis-pc/enelsis_moab_ws/install/local_setup.bash'
[1.593s] INFO:colcon.colcon_core.shell:Creating prefix chain script '/home/enelsis-pc/enelsis_moab_ws/install/setup.bash'
[1.613s] INFO:colcon.colcon_core.shell:Creating prefix script '/home/enelsis-pc/enelsis_moab_ws/install/local_setup.zsh'
[1.614s] INFO:colcon.colcon_core.shell:Creating prefix chain script '/home/enelsis-pc/enelsis_moab_ws/install/setup.zsh'
