[0.303s] DEBUG:colcon:Command line arguments: ['/usr/bin/colcon', 'build', '--symlink-install', '--cmake-args', '-DCMAKE_BUILD_TYPE=Release']
[0.303s] DEBUG:colcon:Parsed command line arguments: Namespace(log_base=None, log_level=None, verb_name='build', build_base='build', install_base='install', merge_install=False, symlink_install=True, test_result_base=None, continue_on_error=False, executor='parallel', parallel_workers=8, event_handlers=None, ignore_user_meta=False, metas=['./colcon.meta'], base_paths=['.'], packages_ignore=None, packages_ignore_regex=None, paths=None, packages_up_to=None, packages_up_to_regex=None, packages_above=None, packages_above_and_dependencies=None, packages_above_depth=None, packages_select_by_dep=None, packages_skip_by_dep=None, packages_skip_up_to=None, packages_select_build_failed=False, packages_skip_build_finished=False, packages_select_test_failures=False, packages_skip_test_passed=False, packages_select=None, packages_skip=None, packages_select_regex=None, packages_skip_regex=None, packages_start=None, packages_end=None, allow_overriding=[], cmake_args=['-DCMAKE_BUILD_TYPE=Release'], cmake_target=None, cmake_target_skip_unavailable=False, cmake_clean_cache=False, cmake_clean_first=False, cmake_force_configure=False, ament_cmake_args=None, catkin_cmake_args=None, catkin_skip_building_tests=False, mixin_files=None, mixin=None, verb_parser=<colcon_mixin.mixin.mixin_argument.MixinArgumentDecorator object at 0x7fc2f92a35e0>, verb_extension=<colcon_core.verb.build.BuildVerb object at 0x7fc2f91f8c10>, main=<bound method BuildVerb.main of <colcon_core.verb.build.BuildVerb object at 0x7fc2f91f8c10>>, mixin_verb=('build',))
[0.749s] Level 1:colcon.colcon_core.package_discovery:discover_packages(colcon_meta) check parameters
[0.749s] Level 1:colcon.colcon_core.package_discovery:discover_packages(recursive) check parameters
[0.749s] Level 1:colcon.colcon_core.package_discovery:discover_packages(ignore) check parameters
[0.749s] Level 1:colcon.colcon_core.package_discovery:discover_packages(path) check parameters
[0.749s] Level 1:colcon.colcon_core.package_discovery:discover_packages(colcon_meta) discover
[0.749s] Level 1:colcon.colcon_core.package_discovery:discover_packages(recursive) discover
[0.749s] INFO:colcon.colcon_core.package_discovery:Crawling recursively for packages in '/home/enelsis-pc/enelsis_moab_ws'
[0.750s] Level 1:colcon.colcon_core.package_identification:_identify(.) by extensions ['ignore', 'ignore_ament_install']
[0.750s] Level 1:colcon.colcon_core.package_identification:_identify(.) by extension 'ignore'
[0.750s] Level 1:colcon.colcon_core.package_identification:_identify(.) by extension 'ignore_ament_install'
[0.750s] Level 1:colcon.colcon_core.package_identification:_identify(.) by extensions ['colcon_pkg']
[0.750s] Level 1:colcon.colcon_core.package_identification:_identify(.) by extension 'colcon_pkg'
[0.750s] Level 1:colcon.colcon_core.package_identification:_identify(.) by extensions ['colcon_meta']
[0.750s] Level 1:colcon.colcon_core.package_identification:_identify(.) by extension 'colcon_meta'
[0.750s] Level 1:colcon.colcon_core.package_identification:_identify(.) by extensions ['ros']
[0.750s] Level 1:colcon.colcon_core.package_identification:_identify(.) by extension 'ros'
[0.765s] Level 1:colcon.colcon_core.package_identification:_identify(.) by extensions ['cmake', 'python']
[0.765s] Level 1:colcon.colcon_core.package_identification:_identify(.) by extension 'cmake'
[0.765s] Level 1:colcon.colcon_core.package_identification:_identify(.) by extension 'python'
[0.765s] Level 1:colcon.colcon_core.package_identification:_identify(.) by extensions ['python_setup_py']
[0.765s] Level 1:colcon.colcon_core.package_identification:_identify(.) by extension 'python_setup_py'
[0.765s] Level 1:colcon.colcon_core.package_identification:_identify(build) by extensions ['ignore', 'ignore_ament_install']
[0.765s] Level 1:colcon.colcon_core.package_identification:_identify(build) by extension 'ignore'
[0.766s] Level 1:colcon.colcon_core.package_identification:_identify(build) ignored
[0.766s] Level 1:colcon.colcon_core.package_identification:_identify(config) by extensions ['ignore', 'ignore_ament_install']
[0.766s] Level 1:colcon.colcon_core.package_identification:_identify(config) by extension 'ignore'
[0.766s] Level 1:colcon.colcon_core.package_identification:_identify(config) by extension 'ignore_ament_install'
[0.766s] Level 1:colcon.colcon_core.package_identification:_identify(config) by extensions ['colcon_pkg']
[0.766s] Level 1:colcon.colcon_core.package_identification:_identify(config) by extension 'colcon_pkg'
[0.766s] Level 1:colcon.colcon_core.package_identification:_identify(config) by extensions ['colcon_meta']
[0.766s] Level 1:colcon.colcon_core.package_identification:_identify(config) by extension 'colcon_meta'
[0.766s] Level 1:colcon.colcon_core.package_identification:_identify(config) by extensions ['ros']
[0.767s] Level 1:colcon.colcon_core.package_identification:_identify(config) by extension 'ros'
[0.767s] Level 1:colcon.colcon_core.package_identification:_identify(config) by extensions ['cmake', 'python']
[0.767s] Level 1:colcon.colcon_core.package_identification:_identify(config) by extension 'cmake'
[0.767s] Level 1:colcon.colcon_core.package_identification:_identify(config) by extension 'python'
[0.767s] Level 1:colcon.colcon_core.package_identification:_identify(config) by extensions ['python_setup_py']
[0.767s] Level 1:colcon.colcon_core.package_identification:_identify(config) by extension 'python_setup_py'
[0.767s] Level 1:colcon.colcon_core.package_identification:_identify(install) by extensions ['ignore', 'ignore_ament_install']
[0.767s] Level 1:colcon.colcon_core.package_identification:_identify(install) by extension 'ignore'
[0.767s] Level 1:colcon.colcon_core.package_identification:_identify(install) ignored
[0.768s] Level 1:colcon.colcon_core.package_identification:_identify(log) by extensions ['ignore', 'ignore_ament_install']
[0.768s] Level 1:colcon.colcon_core.package_identification:_identify(log) by extension 'ignore'
[0.768s] Level 1:colcon.colcon_core.package_identification:_identify(log) ignored
[0.768s] Level 1:colcon.colcon_core.package_identification:_identify(src) by extensions ['ignore', 'ignore_ament_install']
[0.768s] Level 1:colcon.colcon_core.package_identification:_identify(src) by extension 'ignore'
[0.768s] Level 1:colcon.colcon_core.package_identification:_identify(src) by extension 'ignore_ament_install'
[0.768s] Level 1:colcon.colcon_core.package_identification:_identify(src) by extensions ['colcon_pkg']
[0.768s] Level 1:colcon.colcon_core.package_identification:_identify(src) by extension 'colcon_pkg'
[0.768s] Level 1:colcon.colcon_core.package_identification:_identify(src) by extensions ['colcon_meta']
[0.768s] Level 1:colcon.colcon_core.package_identification:_identify(src) by extension 'colcon_meta'
[0.768s] Level 1:colcon.colcon_core.package_identification:_identify(src) by extensions ['ros']
[0.768s] Level 1:colcon.colcon_core.package_identification:_identify(src) by extension 'ros'
[0.768s] Level 1:colcon.colcon_core.package_identification:_identify(src) by extensions ['cmake', 'python']
[0.768s] Level 1:colcon.colcon_core.package_identification:_identify(src) by extension 'cmake'
[0.768s] Level 1:colcon.colcon_core.package_identification:_identify(src) by extension 'python'
[0.768s] Level 1:colcon.colcon_core.package_identification:_identify(src) by extensions ['python_setup_py']
[0.768s] Level 1:colcon.colcon_core.package_identification:_identify(src) by extension 'python_setup_py'
[0.769s] Level 1:colcon.colcon_core.package_identification:_identify(src/atdrive_moab_tools) by extensions ['ignore', 'ignore_ament_install']
[0.769s] Level 1:colcon.colcon_core.package_identification:_identify(src/atdrive_moab_tools) by extension 'ignore'
[0.769s] Level 1:colcon.colcon_core.package_identification:_identify(src/atdrive_moab_tools) by extension 'ignore_ament_install'
[0.769s] Level 1:colcon.colcon_core.package_identification:_identify(src/atdrive_moab_tools) by extensions ['colcon_pkg']
[0.769s] Level 1:colcon.colcon_core.package_identification:_identify(src/atdrive_moab_tools) by extension 'colcon_pkg'
[0.769s] Level 1:colcon.colcon_core.package_identification:_identify(src/atdrive_moab_tools) by extensions ['colcon_meta']
[0.769s] Level 1:colcon.colcon_core.package_identification:_identify(src/atdrive_moab_tools) by extension 'colcon_meta'
[0.769s] Level 1:colcon.colcon_core.package_identification:_identify(src/atdrive_moab_tools) by extensions ['ros']
[0.769s] Level 1:colcon.colcon_core.package_identification:_identify(src/atdrive_moab_tools) by extension 'ros'
[0.769s] Level 1:colcon.colcon_core.package_identification:_identify(src/atdrive_moab_tools) by extensions ['cmake', 'python']
[0.769s] Level 1:colcon.colcon_core.package_identification:_identify(src/atdrive_moab_tools) by extension 'cmake'
[0.769s] Level 1:colcon.colcon_core.package_identification:_identify(src/atdrive_moab_tools) by extension 'python'
[0.769s] Level 1:colcon.colcon_core.package_identification:_identify(src/atdrive_moab_tools) by extensions ['python_setup_py']
[0.769s] Level 1:colcon.colcon_core.package_identification:_identify(src/atdrive_moab_tools) by extension 'python_setup_py'
[0.769s] Level 1:colcon.colcon_core.package_identification:_identify(src/atdrive_moab_tools/Notes) by extensions ['ignore', 'ignore_ament_install']
[0.770s] Level 1:colcon.colcon_core.package_identification:_identify(src/atdrive_moab_tools/Notes) by extension 'ignore'
[0.770s] Level 1:colcon.colcon_core.package_identification:_identify(src/atdrive_moab_tools/Notes) by extension 'ignore_ament_install'
[0.770s] Level 1:colcon.colcon_core.package_identification:_identify(src/atdrive_moab_tools/Notes) by extensions ['colcon_pkg']
[0.770s] Level 1:colcon.colcon_core.package_identification:_identify(src/atdrive_moab_tools/Notes) by extension 'colcon_pkg'
[0.770s] Level 1:colcon.colcon_core.package_identification:_identify(src/atdrive_moab_tools/Notes) by extensions ['colcon_meta']
[0.770s] Level 1:colcon.colcon_core.package_identification:_identify(src/atdrive_moab_tools/Notes) by extension 'colcon_meta'
[0.770s] Level 1:colcon.colcon_core.package_identification:_identify(src/atdrive_moab_tools/Notes) by extensions ['ros']
[0.770s] Level 1:colcon.colcon_core.package_identification:_identify(src/atdrive_moab_tools/Notes) by extension 'ros'
[0.770s] Level 1:colcon.colcon_core.package_identification:_identify(src/atdrive_moab_tools/Notes) by extensions ['cmake', 'python']
[0.770s] Level 1:colcon.colcon_core.package_identification:_identify(src/atdrive_moab_tools/Notes) by extension 'cmake'
[0.770s] Level 1:colcon.colcon_core.package_identification:_identify(src/atdrive_moab_tools/Notes) by extension 'python'
[0.770s] Level 1:colcon.colcon_core.package_identification:_identify(src/atdrive_moab_tools/Notes) by extensions ['python_setup_py']
[0.770s] Level 1:colcon.colcon_core.package_identification:_identify(src/atdrive_moab_tools/Notes) by extension 'python_setup_py'
[0.770s] Level 1:colcon.colcon_core.package_identification:_identify(src/atdrive_moab_tools/_3rd_party) by extensions ['ignore', 'ignore_ament_install']
[0.770s] Level 1:colcon.colcon_core.package_identification:_identify(src/atdrive_moab_tools/_3rd_party) by extension 'ignore'
[0.770s] Level 1:colcon.colcon_core.package_identification:_identify(src/atdrive_moab_tools/_3rd_party) by extension 'ignore_ament_install'
[0.770s] Level 1:colcon.colcon_core.package_identification:_identify(src/atdrive_moab_tools/_3rd_party) by extensions ['colcon_pkg']
[0.770s] Level 1:colcon.colcon_core.package_identification:_identify(src/atdrive_moab_tools/_3rd_party) by extension 'colcon_pkg'
[0.770s] Level 1:colcon.colcon_core.package_identification:_identify(src/atdrive_moab_tools/_3rd_party) by extensions ['colcon_meta']
[0.771s] Level 1:colcon.colcon_core.package_identification:_identify(src/atdrive_moab_tools/_3rd_party) by extension 'colcon_meta'
[0.771s] Level 1:colcon.colcon_core.package_identification:_identify(src/atdrive_moab_tools/_3rd_party) by extensions ['ros']
[0.771s] Level 1:colcon.colcon_core.package_identification:_identify(src/atdrive_moab_tools/_3rd_party) by extension 'ros'
[0.771s] Level 1:colcon.colcon_core.package_identification:_identify(src/atdrive_moab_tools/_3rd_party) by extensions ['cmake', 'python']
[0.771s] Level 1:colcon.colcon_core.package_identification:_identify(src/atdrive_moab_tools/_3rd_party) by extension 'cmake'
[0.771s] Level 1:colcon.colcon_core.package_identification:_identify(src/atdrive_moab_tools/_3rd_party) by extension 'python'
[0.771s] Level 1:colcon.colcon_core.package_identification:_identify(src/atdrive_moab_tools/_3rd_party) by extensions ['python_setup_py']
[0.771s] Level 1:colcon.colcon_core.package_identification:_identify(src/atdrive_moab_tools/_3rd_party) by extension 'python_setup_py'
[0.771s] Level 1:colcon.colcon_core.package_identification:_identify(src/atdrive_moab_tools/_3rd_party/pymap3d) by extensions ['ignore', 'ignore_ament_install']
[0.771s] Level 1:colcon.colcon_core.package_identification:_identify(src/atdrive_moab_tools/_3rd_party/pymap3d) by extension 'ignore'
[0.771s] Level 1:colcon.colcon_core.package_identification:_identify(src/atdrive_moab_tools/_3rd_party/pymap3d) by extension 'ignore_ament_install'
[0.771s] Level 1:colcon.colcon_core.package_identification:_identify(src/atdrive_moab_tools/_3rd_party/pymap3d) by extensions ['colcon_pkg']
[0.771s] Level 1:colcon.colcon_core.package_identification:_identify(src/atdrive_moab_tools/_3rd_party/pymap3d) by extension 'colcon_pkg'
[0.771s] Level 1:colcon.colcon_core.package_identification:_identify(src/atdrive_moab_tools/_3rd_party/pymap3d) by extensions ['colcon_meta']
[0.771s] Level 1:colcon.colcon_core.package_identification:_identify(src/atdrive_moab_tools/_3rd_party/pymap3d) by extension 'colcon_meta'
[0.771s] Level 1:colcon.colcon_core.package_identification:_identify(src/atdrive_moab_tools/_3rd_party/pymap3d) by extensions ['ros']
[0.771s] Level 1:colcon.colcon_core.package_identification:_identify(src/atdrive_moab_tools/_3rd_party/pymap3d) by extension 'ros'
[0.772s] Level 1:colcon.colcon_core.package_identification:_identify(src/atdrive_moab_tools/_3rd_party/pymap3d) by extensions ['cmake', 'python']
[0.772s] Level 1:colcon.colcon_core.package_identification:_identify(src/atdrive_moab_tools/_3rd_party/pymap3d) by extension 'cmake'
[0.772s] Level 1:colcon.colcon_core.package_identification:_identify(src/atdrive_moab_tools/_3rd_party/pymap3d) by extension 'python'
[0.772s] Level 1:colcon.colcon_core.package_identification:_identify(src/atdrive_moab_tools/_3rd_party/pymap3d) by extensions ['python_setup_py']
[0.772s] Level 1:colcon.colcon_core.package_identification:_identify(src/atdrive_moab_tools/_3rd_party/pymap3d) by extension 'python_setup_py'
[0.772s] Level 1:colcon.colcon_core.package_identification:_identify(src/atdrive_moab_tools/protocols) by extensions ['ignore', 'ignore_ament_install']
[0.772s] Level 1:colcon.colcon_core.package_identification:_identify(src/atdrive_moab_tools/protocols) by extension 'ignore'
[0.772s] Level 1:colcon.colcon_core.package_identification:_identify(src/atdrive_moab_tools/protocols) by extension 'ignore_ament_install'
[0.772s] Level 1:colcon.colcon_core.package_identification:_identify(src/atdrive_moab_tools/protocols) by extensions ['colcon_pkg']
[0.772s] Level 1:colcon.colcon_core.package_identification:_identify(src/atdrive_moab_tools/protocols) by extension 'colcon_pkg'
[0.772s] Level 1:colcon.colcon_core.package_identification:_identify(src/atdrive_moab_tools/protocols) by extensions ['colcon_meta']
[0.772s] Level 1:colcon.colcon_core.package_identification:_identify(src/atdrive_moab_tools/protocols) by extension 'colcon_meta'
[0.772s] Level 1:colcon.colcon_core.package_identification:_identify(src/atdrive_moab_tools/protocols) by extensions ['ros']
[0.772s] Level 1:colcon.colcon_core.package_identification:_identify(src/atdrive_moab_tools/protocols) by extension 'ros'
[0.772s] Level 1:colcon.colcon_core.package_identification:_identify(src/atdrive_moab_tools/protocols) by extensions ['cmake', 'python']
[0.772s] Level 1:colcon.colcon_core.package_identification:_identify(src/atdrive_moab_tools/protocols) by extension 'cmake'
[0.772s] Level 1:colcon.colcon_core.package_identification:_identify(src/atdrive_moab_tools/protocols) by extension 'python'
[0.772s] Level 1:colcon.colcon_core.package_identification:_identify(src/atdrive_moab_tools/protocols) by extensions ['python_setup_py']
[0.772s] Level 1:colcon.colcon_core.package_identification:_identify(src/atdrive_moab_tools/protocols) by extension 'python_setup_py'
[0.773s] Level 1:colcon.colcon_core.package_identification:_identify(src/atdrive_moab_tools/testing_tools) by extensions ['ignore', 'ignore_ament_install']
[0.773s] Level 1:colcon.colcon_core.package_identification:_identify(src/atdrive_moab_tools/testing_tools) by extension 'ignore'
[0.773s] Level 1:colcon.colcon_core.package_identification:_identify(src/atdrive_moab_tools/testing_tools) by extension 'ignore_ament_install'
[0.773s] Level 1:colcon.colcon_core.package_identification:_identify(src/atdrive_moab_tools/testing_tools) by extensions ['colcon_pkg']
[0.773s] Level 1:colcon.colcon_core.package_identification:_identify(src/atdrive_moab_tools/testing_tools) by extension 'colcon_pkg'
[0.773s] Level 1:colcon.colcon_core.package_identification:_identify(src/atdrive_moab_tools/testing_tools) by extensions ['colcon_meta']
[0.773s] Level 1:colcon.colcon_core.package_identification:_identify(src/atdrive_moab_tools/testing_tools) by extension 'colcon_meta'
[0.773s] Level 1:colcon.colcon_core.package_identification:_identify(src/atdrive_moab_tools/testing_tools) by extensions ['ros']
[0.773s] Level 1:colcon.colcon_core.package_identification:_identify(src/atdrive_moab_tools/testing_tools) by extension 'ros'
[0.773s] Level 1:colcon.colcon_core.package_identification:_identify(src/atdrive_moab_tools/testing_tools) by extensions ['cmake', 'python']
[0.773s] Level 1:colcon.colcon_core.package_identification:_identify(src/atdrive_moab_tools/testing_tools) by extension 'cmake'
[0.773s] Level 1:colcon.colcon_core.package_identification:_identify(src/atdrive_moab_tools/testing_tools) by extension 'python'
[0.773s] Level 1:colcon.colcon_core.package_identification:_identify(src/atdrive_moab_tools/testing_tools) by extensions ['python_setup_py']
[0.773s] Level 1:colcon.colcon_core.package_identification:_identify(src/atdrive_moab_tools/testing_tools) by extension 'python_setup_py'
[0.773s] Level 1:colcon.colcon_core.package_identification:_identify(src/atdrive_moab_tools/utils) by extensions ['ignore', 'ignore_ament_install']
[0.774s] Level 1:colcon.colcon_core.package_identification:_identify(src/atdrive_moab_tools/utils) by extension 'ignore'
[0.774s] Level 1:colcon.colcon_core.package_identification:_identify(src/atdrive_moab_tools/utils) by extension 'ignore_ament_install'
[0.774s] Level 1:colcon.colcon_core.package_identification:_identify(src/atdrive_moab_tools/utils) by extensions ['colcon_pkg']
[0.774s] Level 1:colcon.colcon_core.package_identification:_identify(src/atdrive_moab_tools/utils) by extension 'colcon_pkg'
[0.774s] Level 1:colcon.colcon_core.package_identification:_identify(src/atdrive_moab_tools/utils) by extensions ['colcon_meta']
[0.774s] Level 1:colcon.colcon_core.package_identification:_identify(src/atdrive_moab_tools/utils) by extension 'colcon_meta'
[0.774s] Level 1:colcon.colcon_core.package_identification:_identify(src/atdrive_moab_tools/utils) by extensions ['ros']
[0.774s] Level 1:colcon.colcon_core.package_identification:_identify(src/atdrive_moab_tools/utils) by extension 'ros'
[0.774s] Level 1:colcon.colcon_core.package_identification:_identify(src/atdrive_moab_tools/utils) by extensions ['cmake', 'python']
[0.774s] Level 1:colcon.colcon_core.package_identification:_identify(src/atdrive_moab_tools/utils) by extension 'cmake'
[0.774s] Level 1:colcon.colcon_core.package_identification:_identify(src/atdrive_moab_tools/utils) by extension 'python'
[0.774s] Level 1:colcon.colcon_core.package_identification:_identify(src/atdrive_moab_tools/utils) by extensions ['python_setup_py']
[0.774s] Level 1:colcon.colcon_core.package_identification:_identify(src/atdrive_moab_tools/utils) by extension 'python_setup_py'
[0.774s] Level 1:colcon.colcon_core.package_identification:_identify(src/enelsis_bringup) by extensions ['ignore', 'ignore_ament_install']
[0.774s] Level 1:colcon.colcon_core.package_identification:_identify(src/enelsis_bringup) by extension 'ignore'
[0.775s] Level 1:colcon.colcon_core.package_identification:_identify(src/enelsis_bringup) by extension 'ignore_ament_install'
[0.775s] Level 1:colcon.colcon_core.package_identification:_identify(src/enelsis_bringup) by extensions ['colcon_pkg']
[0.775s] Level 1:colcon.colcon_core.package_identification:_identify(src/enelsis_bringup) by extension 'colcon_pkg'
[0.775s] Level 1:colcon.colcon_core.package_identification:_identify(src/enelsis_bringup) by extensions ['colcon_meta']
[0.775s] Level 1:colcon.colcon_core.package_identification:_identify(src/enelsis_bringup) by extension 'colcon_meta'
[0.775s] Level 1:colcon.colcon_core.package_identification:_identify(src/enelsis_bringup) by extensions ['ros']
[0.775s] Level 1:colcon.colcon_core.package_identification:_identify(src/enelsis_bringup) by extension 'ros'
[0.778s] DEBUG:colcon.colcon_core.package_identification:Package 'src/enelsis_bringup' with type 'ros.ament_python' and name 'enelsis_bringup'
[0.779s] Level 1:colcon.colcon_core.package_identification:_identify(src/lidar_mavlink_bridge) by extensions ['ignore', 'ignore_ament_install']
[0.779s] Level 1:colcon.colcon_core.package_identification:_identify(src/lidar_mavlink_bridge) by extension 'ignore'
[0.779s] Level 1:colcon.colcon_core.package_identification:_identify(src/lidar_mavlink_bridge) by extension 'ignore_ament_install'
[0.779s] Level 1:colcon.colcon_core.package_identification:_identify(src/lidar_mavlink_bridge) by extensions ['colcon_pkg']
[0.779s] Level 1:colcon.colcon_core.package_identification:_identify(src/lidar_mavlink_bridge) by extension 'colcon_pkg'
[0.779s] Level 1:colcon.colcon_core.package_identification:_identify(src/lidar_mavlink_bridge) by extensions ['colcon_meta']
[0.779s] Level 1:colcon.colcon_core.package_identification:_identify(src/lidar_mavlink_bridge) by extension 'colcon_meta'
[0.779s] Level 1:colcon.colcon_core.package_identification:_identify(src/lidar_mavlink_bridge) by extensions ['ros']
[0.779s] Level 1:colcon.colcon_core.package_identification:_identify(src/lidar_mavlink_bridge) by extension 'ros'
[0.780s] DEBUG:colcon.colcon_core.package_identification:Package 'src/lidar_mavlink_bridge' with type 'ros.ament_python' and name 'lidar_mavlink_bridge'
[0.780s] Level 1:colcon.colcon_core.package_identification:_identify(src/rf2o_laser_odometry) by extensions ['ignore', 'ignore_ament_install']
[0.780s] Level 1:colcon.colcon_core.package_identification:_identify(src/rf2o_laser_odometry) by extension 'ignore'
[0.780s] Level 1:colcon.colcon_core.package_identification:_identify(src/rf2o_laser_odometry) by extension 'ignore_ament_install'
[0.780s] Level 1:colcon.colcon_core.package_identification:_identify(src/rf2o_laser_odometry) by extensions ['colcon_pkg']
[0.780s] Level 1:colcon.colcon_core.package_identification:_identify(src/rf2o_laser_odometry) by extension 'colcon_pkg'
[0.780s] Level 1:colcon.colcon_core.package_identification:_identify(src/rf2o_laser_odometry) by extensions ['colcon_meta']
[0.780s] Level 1:colcon.colcon_core.package_identification:_identify(src/rf2o_laser_odometry) by extension 'colcon_meta'
[0.781s] Level 1:colcon.colcon_core.package_identification:_identify(src/rf2o_laser_odometry) by extensions ['ros']
[0.781s] Level 1:colcon.colcon_core.package_identification:_identify(src/rf2o_laser_odometry) by extension 'ros'
[0.782s] DEBUG:colcon.colcon_core.package_identification:Package 'src/rf2o_laser_odometry' with type 'ros.ament_cmake' and name 'rf2o_laser_odometry'
[0.782s] Level 1:colcon.colcon_core.package_identification:_identify(src/ydlidar_ros2_driver) by extensions ['ignore', 'ignore_ament_install']
[0.782s] Level 1:colcon.colcon_core.package_identification:_identify(src/ydlidar_ros2_driver) by extension 'ignore'
[0.782s] Level 1:colcon.colcon_core.package_identification:_identify(src/ydlidar_ros2_driver) by extension 'ignore_ament_install'
[0.782s] Level 1:colcon.colcon_core.package_identification:_identify(src/ydlidar_ros2_driver) by extensions ['colcon_pkg']
[0.782s] Level 1:colcon.colcon_core.package_identification:_identify(src/ydlidar_ros2_driver) by extension 'colcon_pkg'
[0.782s] Level 1:colcon.colcon_core.package_identification:_identify(src/ydlidar_ros2_driver) by extensions ['colcon_meta']
[0.782s] Level 1:colcon.colcon_core.package_identification:_identify(src/ydlidar_ros2_driver) by extension 'colcon_meta'
[0.782s] Level 1:colcon.colcon_core.package_identification:_identify(src/ydlidar_ros2_driver) by extensions ['ros']
[0.782s] Level 1:colcon.colcon_core.package_identification:_identify(src/ydlidar_ros2_driver) by extension 'ros'
[0.783s] DEBUG:colcon.colcon_core.package_identification:Package 'src/ydlidar_ros2_driver' with type 'ros.ament_cmake' and name 'ydlidar_ros2_driver'
[0.783s] Level 1:colcon.colcon_core.package_discovery:discover_packages(recursive) using defaults
[0.783s] Level 1:colcon.colcon_core.package_discovery:discover_packages(ignore) discover
[0.783s] Level 1:colcon.colcon_core.package_discovery:discover_packages(ignore) using defaults
[0.783s] Level 1:colcon.colcon_core.package_discovery:discover_packages(path) discover
[0.783s] Level 1:colcon.colcon_core.package_discovery:discover_packages(path) using defaults
[0.838s] Level 1:colcon.colcon_core.package_discovery:discover_packages(prefix_path) check parameters
[0.838s] Level 1:colcon.colcon_core.package_discovery:discover_packages(prefix_path) discover
[0.854s] DEBUG:colcon.colcon_installed_package_information.package_discovery:Found 3 installed packages in /home/enelsis-pc/enelsis_moab_ws/install
[0.854s] DEBUG:colcon.colcon_installed_package_information.package_discovery:Found 1 installed packages in /home/enelsis-pc/ros2_ws/install
[0.855s] DEBUG:colcon.colcon_installed_package_information.package_discovery:Found 1 installed packages in /home/enelsis-pc/ydlidar_ros2_ws/install
[0.855s] DEBUG:colcon.colcon_installed_package_information.package_discovery:Found 5 installed packages in /home/enelsis-pc/mavlink_ws/install
[0.856s] DEBUG:colcon.colcon_installed_package_information.package_discovery:Found 2 installed packages in /home/enelsis-pc/harita_ws/install
[0.866s] DEBUG:colcon.colcon_installed_package_information.package_discovery:Found 346 installed packages in /home/enelsis-pc/ros2_humble/install
[0.868s] DEBUG:colcon.colcon_installed_package_information.package_discovery:Found 1 installed packages in /home/enelsis-pc/als_ros_ws/als_ros2/install
[0.870s] DEBUG:colcon.colcon_installed_package_information.package_discovery:Found 315 installed packages in /opt/ros/humble
[0.885s] Level 1:colcon.colcon_core.package_discovery:discover_packages(prefix_path) using defaults
[0.981s] Level 5:colcon.colcon_core.verb:set package 'enelsis_bringup' build argument 'cmake_args' from command line to '['-DCMAKE_BUILD_TYPE=Release']'
[0.981s] Level 5:colcon.colcon_core.verb:set package 'enelsis_bringup' build argument 'cmake_target' from command line to 'None'
[0.981s] Level 5:colcon.colcon_core.verb:set package 'enelsis_bringup' build argument 'cmake_target_skip_unavailable' from command line to 'False'
[0.981s] Level 5:colcon.colcon_core.verb:set package 'enelsis_bringup' build argument 'cmake_clean_cache' from command line to 'False'
[0.981s] Level 5:colcon.colcon_core.verb:set package 'enelsis_bringup' build argument 'cmake_clean_first' from command line to 'False'
[0.981s] Level 5:colcon.colcon_core.verb:set package 'enelsis_bringup' build argument 'cmake_force_configure' from command line to 'False'
[0.981s] Level 5:colcon.colcon_core.verb:set package 'enelsis_bringup' build argument 'ament_cmake_args' from command line to 'None'
[0.981s] Level 5:colcon.colcon_core.verb:set package 'enelsis_bringup' build argument 'catkin_cmake_args' from command line to 'None'
[0.981s] Level 5:colcon.colcon_core.verb:set package 'enelsis_bringup' build argument 'catkin_skip_building_tests' from command line to 'False'
[0.981s] DEBUG:colcon.colcon_core.verb:Building package 'enelsis_bringup' with the following arguments: {'ament_cmake_args': None, 'build_base': '/home/enelsis-pc/enelsis_moab_ws/build/enelsis_bringup', 'catkin_cmake_args': None, 'catkin_skip_building_tests': False, 'cmake_args': ['-DCMAKE_BUILD_TYPE=Release'], 'cmake_clean_cache': False, 'cmake_clean_first': False, 'cmake_force_configure': False, 'cmake_target': None, 'cmake_target_skip_unavailable': False, 'install_base': '/home/enelsis-pc/enelsis_moab_ws/install/enelsis_bringup', 'merge_install': False, 'path': '/home/enelsis-pc/enelsis_moab_ws/src/enelsis_bringup', 'symlink_install': True, 'test_result_base': None}
[0.981s] Level 5:colcon.colcon_core.verb:set package 'lidar_mavlink_bridge' build argument 'cmake_args' from command line to '['-DCMAKE_BUILD_TYPE=Release']'
[0.981s] Level 5:colcon.colcon_core.verb:set package 'lidar_mavlink_bridge' build argument 'cmake_target' from command line to 'None'
[0.982s] Level 5:colcon.colcon_core.verb:set package 'lidar_mavlink_bridge' build argument 'cmake_target_skip_unavailable' from command line to 'False'
[0.982s] Level 5:colcon.colcon_core.verb:set package 'lidar_mavlink_bridge' build argument 'cmake_clean_cache' from command line to 'False'
[0.982s] Level 5:colcon.colcon_core.verb:set package 'lidar_mavlink_bridge' build argument 'cmake_clean_first' from command line to 'False'
[0.982s] Level 5:colcon.colcon_core.verb:set package 'lidar_mavlink_bridge' build argument 'cmake_force_configure' from command line to 'False'
[0.982s] Level 5:colcon.colcon_core.verb:set package 'lidar_mavlink_bridge' build argument 'ament_cmake_args' from command line to 'None'
[0.982s] Level 5:colcon.colcon_core.verb:set package 'lidar_mavlink_bridge' build argument 'catkin_cmake_args' from command line to 'None'
[0.982s] Level 5:colcon.colcon_core.verb:set package 'lidar_mavlink_bridge' build argument 'catkin_skip_building_tests' from command line to 'False'
[0.982s] DEBUG:colcon.colcon_core.verb:Building package 'lidar_mavlink_bridge' with the following arguments: {'ament_cmake_args': None, 'build_base': '/home/enelsis-pc/enelsis_moab_ws/build/lidar_mavlink_bridge', 'catkin_cmake_args': None, 'catkin_skip_building_tests': False, 'cmake_args': ['-DCMAKE_BUILD_TYPE=Release'], 'cmake_clean_cache': False, 'cmake_clean_first': False, 'cmake_force_configure': False, 'cmake_target': None, 'cmake_target_skip_unavailable': False, 'install_base': '/home/enelsis-pc/enelsis_moab_ws/install/lidar_mavlink_bridge', 'merge_install': False, 'path': '/home/enelsis-pc/enelsis_moab_ws/src/lidar_mavlink_bridge', 'symlink_install': True, 'test_result_base': None}
[0.982s] Level 5:colcon.colcon_core.verb:set package 'rf2o_laser_odometry' build argument 'cmake_args' from command line to '['-DCMAKE_BUILD_TYPE=Release']'
[0.982s] Level 5:colcon.colcon_core.verb:set package 'rf2o_laser_odometry' build argument 'cmake_target' from command line to 'None'
[0.982s] Level 5:colcon.colcon_core.verb:set package 'rf2o_laser_odometry' build argument 'cmake_target_skip_unavailable' from command line to 'False'
[0.982s] Level 5:colcon.colcon_core.verb:set package 'rf2o_laser_odometry' build argument 'cmake_clean_cache' from command line to 'False'
[0.982s] Level 5:colcon.colcon_core.verb:set package 'rf2o_laser_odometry' build argument 'cmake_clean_first' from command line to 'False'
[0.982s] Level 5:colcon.colcon_core.verb:set package 'rf2o_laser_odometry' build argument 'cmake_force_configure' from command line to 'False'
[0.982s] Level 5:colcon.colcon_core.verb:set package 'rf2o_laser_odometry' build argument 'ament_cmake_args' from command line to 'None'
[0.982s] Level 5:colcon.colcon_core.verb:set package 'rf2o_laser_odometry' build argument 'catkin_cmake_args' from command line to 'None'
[0.982s] Level 5:colcon.colcon_core.verb:set package 'rf2o_laser_odometry' build argument 'catkin_skip_building_tests' from command line to 'False'
[0.983s] DEBUG:colcon.colcon_core.verb:Building package 'rf2o_laser_odometry' with the following arguments: {'ament_cmake_args': None, 'build_base': '/home/enelsis-pc/enelsis_moab_ws/build/rf2o_laser_odometry', 'catkin_cmake_args': None, 'catkin_skip_building_tests': False, 'cmake_args': ['-DCMAKE_BUILD_TYPE=Release'], 'cmake_clean_cache': False, 'cmake_clean_first': False, 'cmake_force_configure': False, 'cmake_target': None, 'cmake_target_skip_unavailable': False, 'install_base': '/home/enelsis-pc/enelsis_moab_ws/install/rf2o_laser_odometry', 'merge_install': False, 'path': '/home/enelsis-pc/enelsis_moab_ws/src/rf2o_laser_odometry', 'symlink_install': True, 'test_result_base': None}
[0.983s] Level 5:colcon.colcon_core.verb:set package 'ydlidar_ros2_driver' build argument 'cmake_args' from command line to '['-DCMAKE_BUILD_TYPE=Release']'
[0.983s] Level 5:colcon.colcon_core.verb:set package 'ydlidar_ros2_driver' build argument 'cmake_target' from command line to 'None'
[0.983s] Level 5:colcon.colcon_core.verb:set package 'ydlidar_ros2_driver' build argument 'cmake_target_skip_unavailable' from command line to 'False'
[0.983s] Level 5:colcon.colcon_core.verb:set package 'ydlidar_ros2_driver' build argument 'cmake_clean_cache' from command line to 'False'
[0.983s] Level 5:colcon.colcon_core.verb:set package 'ydlidar_ros2_driver' build argument 'cmake_clean_first' from command line to 'False'
[0.983s] Level 5:colcon.colcon_core.verb:set package 'ydlidar_ros2_driver' build argument 'cmake_force_configure' from command line to 'False'
[0.983s] Level 5:colcon.colcon_core.verb:set package 'ydlidar_ros2_driver' build argument 'ament_cmake_args' from command line to 'None'
[0.983s] Level 5:colcon.colcon_core.verb:set package 'ydlidar_ros2_driver' build argument 'catkin_cmake_args' from command line to 'None'
[0.983s] Level 5:colcon.colcon_core.verb:set package 'ydlidar_ros2_driver' build argument 'catkin_skip_building_tests' from command line to 'False'
[0.983s] DEBUG:colcon.colcon_core.verb:Building package 'ydlidar_ros2_driver' with the following arguments: {'ament_cmake_args': None, 'build_base': '/home/enelsis-pc/enelsis_moab_ws/build/ydlidar_ros2_driver', 'catkin_cmake_args': None, 'catkin_skip_building_tests': False, 'cmake_args': ['-DCMAKE_BUILD_TYPE=Release'], 'cmake_clean_cache': False, 'cmake_clean_first': False, 'cmake_force_configure': False, 'cmake_target': None, 'cmake_target_skip_unavailable': False, 'install_base': '/home/enelsis-pc/enelsis_moab_ws/install/ydlidar_ros2_driver', 'merge_install': False, 'path': '/home/enelsis-pc/enelsis_moab_ws/src/ydlidar_ros2_driver', 'symlink_install': True, 'test_result_base': None}
[0.983s] INFO:colcon.colcon_core.executor:Executing jobs using 'parallel' executor
[0.985s] DEBUG:colcon.colcon_parallel_executor.executor.parallel:run_until_complete
[0.985s] INFO:colcon.colcon_ros.task.ament_python.build:Building ROS package in '/home/enelsis-pc/enelsis_moab_ws/src/enelsis_bringup' with build type 'ament_python'
[0.985s] Level 1:colcon.colcon_core.shell:create_environment_hook('enelsis_bringup', 'ament_prefix_path')
[0.993s] INFO:colcon.colcon_core.plugin_system:Skipping extension 'colcon_core.shell.bat': Not used on non-Windows systems
[0.993s] INFO:colcon.colcon_core.shell:Creating environment hook '/home/enelsis-pc/enelsis_moab_ws/install/enelsis_bringup/share/enelsis_bringup/hook/ament_prefix_path.ps1'
[0.994s] INFO:colcon.colcon_core.shell:Creating environment descriptor '/home/enelsis-pc/enelsis_moab_ws/install/enelsis_bringup/share/enelsis_bringup/hook/ament_prefix_path.dsv'
[0.995s] INFO:colcon.colcon_core.shell:Creating environment hook '/home/enelsis-pc/enelsis_moab_ws/install/enelsis_bringup/share/enelsis_bringup/hook/ament_prefix_path.sh'
[0.996s] INFO:colcon.colcon_core.shell:Skip shell extension 'powershell' for command environment: Not usable outside of PowerShell
[0.996s] DEBUG:colcon.colcon_core.shell:Skip shell extension 'dsv' for command environment
[1.025s] INFO:colcon.colcon_ros.task.ament_python.build:Building ROS package in '/home/enelsis-pc/enelsis_moab_ws/src/lidar_mavlink_bridge' with build type 'ament_python'
[1.026s] Level 1:colcon.colcon_core.shell:create_environment_hook('lidar_mavlink_bridge', 'ament_prefix_path')
[1.026s] INFO:colcon.colcon_core.shell:Creating environment hook '/home/enelsis-pc/enelsis_moab_ws/install/lidar_mavlink_bridge/share/lidar_mavlink_bridge/hook/ament_prefix_path.ps1'
[1.027s] INFO:colcon.colcon_core.shell:Creating environment descriptor '/home/enelsis-pc/enelsis_moab_ws/install/lidar_mavlink_bridge/share/lidar_mavlink_bridge/hook/ament_prefix_path.dsv'
[1.028s] INFO:colcon.colcon_core.shell:Creating environment hook '/home/enelsis-pc/enelsis_moab_ws/install/lidar_mavlink_bridge/share/lidar_mavlink_bridge/hook/ament_prefix_path.sh'
[1.028s] INFO:colcon.colcon_core.shell:Skip shell extension 'powershell' for command environment: Not usable outside of PowerShell
[1.028s] DEBUG:colcon.colcon_core.shell:Skip shell extension 'dsv' for command environment
[1.058s] INFO:colcon.colcon_ros.task.ament_cmake.build:Building ROS package in '/home/enelsis-pc/enelsis_moab_ws/src/rf2o_laser_odometry' with build type 'ament_cmake'
[1.058s] INFO:colcon.colcon_cmake.task.cmake.build:Building CMake package in '/home/enelsis-pc/enelsis_moab_ws/src/rf2o_laser_odometry'
[1.059s] INFO:colcon.colcon_core.shell:Skip shell extension 'powershell' for command environment: Not usable outside of PowerShell
[1.059s] DEBUG:colcon.colcon_core.shell:Skip shell extension 'dsv' for command environment
[1.091s] INFO:colcon.colcon_ros.task.ament_cmake.build:Building ROS package in '/home/enelsis-pc/enelsis_moab_ws/src/ydlidar_ros2_driver' with build type 'ament_cmake'
[1.092s] INFO:colcon.colcon_cmake.task.cmake.build:Building CMake package in '/home/enelsis-pc/enelsis_moab_ws/src/ydlidar_ros2_driver'
[1.092s] INFO:colcon.colcon_core.shell:Skip shell extension 'powershell' for command environment: Not usable outside of PowerShell
[1.092s] DEBUG:colcon.colcon_core.shell:Skip shell extension 'dsv' for command environment
[1.958s] INFO:colcon.colcon_core.task.python.build:Building Python package in '/home/enelsis-pc/enelsis_moab_ws/src/enelsis_bringup'
[1.959s] INFO:colcon.colcon_core.shell:Skip shell extension 'powershell' for command environment: Not usable outside of PowerShell
[1.959s] DEBUG:colcon.colcon_core.shell:Skip shell extension 'dsv' for command environment
[2.757s] INFO:colcon.colcon_core.task.python.build:Building Python package in '/home/enelsis-pc/enelsis_moab_ws/src/lidar_mavlink_bridge'
[2.757s] INFO:colcon.colcon_core.shell:Skip shell extension 'powershell' for command environment: Not usable outside of PowerShell
[2.758s] DEBUG:colcon.colcon_core.shell:Skip shell extension 'dsv' for command environment
[2.790s] DEBUG:colcon.colcon_core.event_handler.log_command:Invoking command in '/home/enelsis-pc/enelsis_moab_ws/build/rf2o_laser_odometry': CMAKE_PREFIX_PATH=${CMAKE_PREFIX_PATH}:/home/enelsis-pc/enelsis_moab_ws/install/enelsis_bringup:/home/enelsis-pc/mavlink_ws/install/lidar_mavlink_bridge:/home/enelsis-pc/ros2_humble/install/rqt_bag_plugins:/home/enelsis-pc/ros2_humble/install/rqt_bag:/home/enelsis-pc/ros2_humble/install/launch_testing_examples:/home/enelsis-pc/ros2_humble/install/ros2bag:/home/enelsis-pc/ros2_humble/install/tracetools_test:/home/enelsis-pc/ros2_humble/install/tracetools_launch:/home/enelsis-pc/ros2_humble/install/topic_monitor:/home/enelsis-pc/ros2_humble/install/tf2_tools:/home/enelsis-pc/ros2_humble/install/examples_tf2_py:/home/enelsis-pc/ros2_humble/install/tf2_ros_py:/home/enelsis-pc/ros2_humble/install/sros2:/home/enelsis-pc/ros2_humble/install/rqt_topic:/home/enelsis-pc/ros2_humble/install/rqt_srv:/home/enelsis-pc/ros2_humble/install/rqt_shell:/home/enelsis-pc/ros2_humble/install/rqt_service_caller:/home/enelsis-pc/ros2_humble/install/rqt_reconfigure:/home/enelsis-pc/ros2_humble/install/rqt_py_console:/home/enelsis-pc/ros2_humble/install/rqt_publisher:/home/enelsis-pc/ros2_humble/install/rqt_plot:/home/enelsis-pc/ros2_humble/install/rqt_action:/home/enelsis-pc/ros2_humble/install/rqt_msg:/home/enelsis-pc/ros2_humble/install/rqt_console:/home/enelsis-pc/ros2_humble/install/rqt:/home/enelsis-pc/ros2_humble/install/rqt_graph:/home/enelsis-pc/ros2_humble/install/rqt_gui_py:/home/enelsis-pc/ros2_humble/install/rqt_gui:/home/enelsis-pc/ros2_humble/install/ros2trace:/home/enelsis-pc/ros2_humble/install/ros2topic:/home/enelsis-pc/ros2_humble/install/ros2test:/home/enelsis-pc/ros2_humble/install/ros2component:/home/enelsis-pc/ros2_humble/install/ros2param:/home/enelsis-pc/ros2_humble/install/ros2lifecycle:/home/enelsis-pc/ros2_humble/install/ros2service:/home/enelsis-pc/ros2_humble/install/ros2run:/home/enelsis-pc/ros2_humble/install/ros2launch:/home/enelsis-pc/ros2_humble/install/ros2pkg:/home/enelsis-pc/ros2_humble/install/ros2node:/home/enelsis-pc/ros2_humble/install/ros2multicast:/home/enelsis-pc/ros2_humble/install/ros2interface:/home/enelsis-pc/ros2_humble/install/ros2doctor:/home/enelsis-pc/ros2_humble/install/ros2action:/home/enelsis-pc/ros2_humble/install/ros2cli:/home/enelsis-pc/ros2_humble/install/quality_of_service_demo_py:/home/enelsis-pc/ros2_humble/install/lifecycle_py:/home/enelsis-pc/ros2_humble/install/launch_testing_ros:/home/enelsis-pc/ros2_humble/install/launch_ros:/home/enelsis-pc/ros2_humble/install/examples_rclpy_pointcloud_publisher:/home/enelsis-pc/ros2_humble/install/examples_rclpy_minimal_subscriber:/home/enelsis-pc/ros2_humble/install/examples_rclpy_minimal_service:/home/enelsis-pc/ros2_humble/install/examples_rclpy_minimal_publisher:/home/enelsis-pc/ros2_humble/install/examples_rclpy_minimal_client:/home/enelsis-pc/ros2_humble/install/examples_rclpy_minimal_action_server:/home/enelsis-pc/ros2_humble/install/examples_rclpy_minimal_action_client:/home/enelsis-pc/ros2_humble/install/examples_rclpy_guard_conditions:/home/enelsis-pc/ros2_humble/install/examples_rclpy_executors:/home/enelsis-pc/ros2_humble/install/demo_nodes_py:/home/enelsis-pc/ros2_humble/install/camera_info_manager_py:/home/enelsis-pc/ros2_humble/install/action_tutorials_py:/home/enelsis-pc/ros2_humble/install/ament_uncrustify:/home/enelsis-pc/ros2_humble/install/tracetools_trace:/home/enelsis-pc/ros2_humble/install/tracetools_read:/home/enelsis-pc/ros2_humble/install/test_tracetools_launch:/home/enelsis-pc/ros2_humble/install/test_launch_ros:/home/enelsis-pc/ros2_humble/install/sensor_msgs_py:/home/enelsis-pc/ros2_humble/install/rpyutils:/home/enelsis-pc/ros2_humble/install/rosidl_runtime_py:/home/enelsis-pc/ros2_humble/install/rosidl_cli:/home/enelsis-pc/ros2_humble/install/launch_pytest:/home/enelsis-pc/ros2_humble/install/launch_testing:/home/enelsis-pc/ros2_humble/install/launch_yaml:/home/enelsis-pc/ros2_humble/install/launch_xml:/home/enelsis-pc/ros2_humble/install/launch:/home/enelsis-pc/ros2_humble/install/osrf_pycommon:/home/enelsis-pc/ros2_humble/install/domain_coordinator:/home/enelsis-pc/ros2_humble/install/ament_xmllint:/home/enelsis-pc/ros2_humble/install/ament_pyflakes:/home/enelsis-pc/ros2_humble/install/ament_pycodestyle:/home/enelsis-pc/ros2_humble/install/ament_pep257:/home/enelsis-pc/ros2_humble/install/ament_pclint:/home/enelsis-pc/ros2_humble/install/ament_package:/home/enelsis-pc/ros2_humble/install/ament_mypy:/home/enelsis-pc/ros2_humble/install/ament_lint_cmake:/home/enelsis-pc/ros2_humble/install/ament_flake8:/home/enelsis-pc/ros2_humble/install/ament_copyright:/home/enelsis-pc/ros2_humble/install/ament_lint:/home/enelsis-pc/ros2_humble/install/ament_index_python:/home/enelsis-pc/ros2_humble/install/ament_cpplint:/home/enelsis-pc/ros2_humble/install/ament_cppcheck:/home/enelsis-pc/ros2_humble/install/ament_clang_tidy:/home/enelsis-pc/ros2_humble/install/ament_clang_format:/opt/ros/humble /usr/bin/cmake /home/enelsis-pc/enelsis_moab_ws/src/rf2o_laser_odometry -DCMAKE_BUILD_TYPE=Release -DAMENT_CMAKE_SYMLINK_INSTALL=1 -DCMAKE_INSTALL_PREFIX=/home/enelsis-pc/enelsis_moab_ws/install/rf2o_laser_odometry
[2.813s] DEBUG:colcon.colcon_core.event_handler.log_command:Invoking command in '/home/enelsis-pc/enelsis_moab_ws/build/ydlidar_ros2_driver': CMAKE_PREFIX_PATH=${CMAKE_PREFIX_PATH}:/home/enelsis-pc/enelsis_moab_ws/install/enelsis_bringup:/home/enelsis-pc/mavlink_ws/install/lidar_mavlink_bridge:/home/enelsis-pc/ros2_humble/install/rqt_bag_plugins:/home/enelsis-pc/ros2_humble/install/rqt_bag:/home/enelsis-pc/ros2_humble/install/launch_testing_examples:/home/enelsis-pc/ros2_humble/install/ros2bag:/home/enelsis-pc/ros2_humble/install/tracetools_test:/home/enelsis-pc/ros2_humble/install/tracetools_launch:/home/enelsis-pc/ros2_humble/install/topic_monitor:/home/enelsis-pc/ros2_humble/install/tf2_tools:/home/enelsis-pc/ros2_humble/install/examples_tf2_py:/home/enelsis-pc/ros2_humble/install/tf2_ros_py:/home/enelsis-pc/ros2_humble/install/sros2:/home/enelsis-pc/ros2_humble/install/rqt_topic:/home/enelsis-pc/ros2_humble/install/rqt_srv:/home/enelsis-pc/ros2_humble/install/rqt_shell:/home/enelsis-pc/ros2_humble/install/rqt_service_caller:/home/enelsis-pc/ros2_humble/install/rqt_reconfigure:/home/enelsis-pc/ros2_humble/install/rqt_py_console:/home/enelsis-pc/ros2_humble/install/rqt_publisher:/home/enelsis-pc/ros2_humble/install/rqt_plot:/home/enelsis-pc/ros2_humble/install/rqt_action:/home/enelsis-pc/ros2_humble/install/rqt_msg:/home/enelsis-pc/ros2_humble/install/rqt_console:/home/enelsis-pc/ros2_humble/install/rqt:/home/enelsis-pc/ros2_humble/install/rqt_graph:/home/enelsis-pc/ros2_humble/install/rqt_gui_py:/home/enelsis-pc/ros2_humble/install/rqt_gui:/home/enelsis-pc/ros2_humble/install/ros2trace:/home/enelsis-pc/ros2_humble/install/ros2topic:/home/enelsis-pc/ros2_humble/install/ros2test:/home/enelsis-pc/ros2_humble/install/ros2component:/home/enelsis-pc/ros2_humble/install/ros2param:/home/enelsis-pc/ros2_humble/install/ros2lifecycle:/home/enelsis-pc/ros2_humble/install/ros2service:/home/enelsis-pc/ros2_humble/install/ros2run:/home/enelsis-pc/ros2_humble/install/ros2launch:/home/enelsis-pc/ros2_humble/install/ros2pkg:/home/enelsis-pc/ros2_humble/install/ros2node:/home/enelsis-pc/ros2_humble/install/ros2multicast:/home/enelsis-pc/ros2_humble/install/ros2interface:/home/enelsis-pc/ros2_humble/install/ros2doctor:/home/enelsis-pc/ros2_humble/install/ros2action:/home/enelsis-pc/ros2_humble/install/ros2cli:/home/enelsis-pc/ros2_humble/install/quality_of_service_demo_py:/home/enelsis-pc/ros2_humble/install/lifecycle_py:/home/enelsis-pc/ros2_humble/install/launch_testing_ros:/home/enelsis-pc/ros2_humble/install/launch_ros:/home/enelsis-pc/ros2_humble/install/examples_rclpy_pointcloud_publisher:/home/enelsis-pc/ros2_humble/install/examples_rclpy_minimal_subscriber:/home/enelsis-pc/ros2_humble/install/examples_rclpy_minimal_service:/home/enelsis-pc/ros2_humble/install/examples_rclpy_minimal_publisher:/home/enelsis-pc/ros2_humble/install/examples_rclpy_minimal_client:/home/enelsis-pc/ros2_humble/install/examples_rclpy_minimal_action_server:/home/enelsis-pc/ros2_humble/install/examples_rclpy_minimal_action_client:/home/enelsis-pc/ros2_humble/install/examples_rclpy_guard_conditions:/home/enelsis-pc/ros2_humble/install/examples_rclpy_executors:/home/enelsis-pc/ros2_humble/install/demo_nodes_py:/home/enelsis-pc/ros2_humble/install/camera_info_manager_py:/home/enelsis-pc/ros2_humble/install/action_tutorials_py:/home/enelsis-pc/ros2_humble/install/ament_uncrustify:/home/enelsis-pc/ros2_humble/install/tracetools_trace:/home/enelsis-pc/ros2_humble/install/tracetools_read:/home/enelsis-pc/ros2_humble/install/test_tracetools_launch:/home/enelsis-pc/ros2_humble/install/test_launch_ros:/home/enelsis-pc/ros2_humble/install/sensor_msgs_py:/home/enelsis-pc/ros2_humble/install/rpyutils:/home/enelsis-pc/ros2_humble/install/rosidl_runtime_py:/home/enelsis-pc/ros2_humble/install/rosidl_cli:/home/enelsis-pc/ros2_humble/install/launch_pytest:/home/enelsis-pc/ros2_humble/install/launch_testing:/home/enelsis-pc/ros2_humble/install/launch_yaml:/home/enelsis-pc/ros2_humble/install/launch_xml:/home/enelsis-pc/ros2_humble/install/launch:/home/enelsis-pc/ros2_humble/install/osrf_pycommon:/home/enelsis-pc/ros2_humble/install/domain_coordinator:/home/enelsis-pc/ros2_humble/install/ament_xmllint:/home/enelsis-pc/ros2_humble/install/ament_pyflakes:/home/enelsis-pc/ros2_humble/install/ament_pycodestyle:/home/enelsis-pc/ros2_humble/install/ament_pep257:/home/enelsis-pc/ros2_humble/install/ament_pclint:/home/enelsis-pc/ros2_humble/install/ament_package:/home/enelsis-pc/ros2_humble/install/ament_mypy:/home/enelsis-pc/ros2_humble/install/ament_lint_cmake:/home/enelsis-pc/ros2_humble/install/ament_flake8:/home/enelsis-pc/ros2_humble/install/ament_copyright:/home/enelsis-pc/ros2_humble/install/ament_lint:/home/enelsis-pc/ros2_humble/install/ament_index_python:/home/enelsis-pc/ros2_humble/install/ament_cpplint:/home/enelsis-pc/ros2_humble/install/ament_cppcheck:/home/enelsis-pc/ros2_humble/install/ament_clang_tidy:/home/enelsis-pc/ros2_humble/install/ament_clang_format:/opt/ros/humble /usr/bin/cmake /home/enelsis-pc/enelsis_moab_ws/src/ydlidar_ros2_driver -DCMAKE_BUILD_TYPE=Release -DAMENT_CMAKE_SYMLINK_INSTALL=1 -DCMAKE_INSTALL_PREFIX=/home/enelsis-pc/enelsis_moab_ws/install/ydlidar_ros2_driver
[4.246s] DEBUG:colcon.colcon_core.event_handler.log_command:Invoking command in '/home/enelsis-pc/enelsis_moab_ws/build/enelsis_bringup': PYTHONPATH=/home/enelsis-pc/enelsis_moab_ws/build/enelsis_bringup/prefix_override:/usr/lib/python3/dist-packages/colcon_core/task/python/colcon_distutils_commands:/home/enelsis-pc/enelsis_moab_ws/install/enelsis_bringup/lib/python3.10/site-packages:${PYTHONPATH} /usr/bin/python3 -W ignore:setup.py install is deprecated -W ignore:easy_install command is deprecated setup.py develop --editable --build-directory /home/enelsis-pc/enelsis_moab_ws/build/enelsis_bringup/build --no-deps symlink_data
[4.378s] DEBUG:colcon.colcon_core.event_handler.log_command:Invoking command in '/home/enelsis-pc/enelsis_moab_ws/build/lidar_mavlink_bridge': PYTHONPATH=/home/enelsis-pc/enelsis_moab_ws/build/lidar_mavlink_bridge/prefix_override:/usr/lib/python3/dist-packages/colcon_core/task/python/colcon_distutils_commands:/home/enelsis-pc/enelsis_moab_ws/install/lidar_mavlink_bridge/lib/python3.10/site-packages:${PYTHONPATH} /usr/bin/python3 -W ignore:setup.py install is deprecated -W ignore:easy_install command is deprecated setup.py develop --editable --build-directory /home/enelsis-pc/enelsis_moab_ws/build/lidar_mavlink_bridge/build --no-deps symlink_data
[5.216s] DEBUG:colcon.colcon_core.event_handler.log_command:Invoked command in '/home/enelsis-pc/enelsis_moab_ws/build/ydlidar_ros2_driver' returned '0': CMAKE_PREFIX_PATH=${CMAKE_PREFIX_PATH}:/home/enelsis-pc/enelsis_moab_ws/install/enelsis_bringup:/home/enelsis-pc/mavlink_ws/install/lidar_mavlink_bridge:/home/enelsis-pc/ros2_humble/install/rqt_bag_plugins:/home/enelsis-pc/ros2_humble/install/rqt_bag:/home/enelsis-pc/ros2_humble/install/launch_testing_examples:/home/enelsis-pc/ros2_humble/install/ros2bag:/home/enelsis-pc/ros2_humble/install/tracetools_test:/home/enelsis-pc/ros2_humble/install/tracetools_launch:/home/enelsis-pc/ros2_humble/install/topic_monitor:/home/enelsis-pc/ros2_humble/install/tf2_tools:/home/enelsis-pc/ros2_humble/install/examples_tf2_py:/home/enelsis-pc/ros2_humble/install/tf2_ros_py:/home/enelsis-pc/ros2_humble/install/sros2:/home/enelsis-pc/ros2_humble/install/rqt_topic:/home/enelsis-pc/ros2_humble/install/rqt_srv:/home/enelsis-pc/ros2_humble/install/rqt_shell:/home/enelsis-pc/ros2_humble/install/rqt_service_caller:/home/enelsis-pc/ros2_humble/install/rqt_reconfigure:/home/enelsis-pc/ros2_humble/install/rqt_py_console:/home/enelsis-pc/ros2_humble/install/rqt_publisher:/home/enelsis-pc/ros2_humble/install/rqt_plot:/home/enelsis-pc/ros2_humble/install/rqt_action:/home/enelsis-pc/ros2_humble/install/rqt_msg:/home/enelsis-pc/ros2_humble/install/rqt_console:/home/enelsis-pc/ros2_humble/install/rqt:/home/enelsis-pc/ros2_humble/install/rqt_graph:/home/enelsis-pc/ros2_humble/install/rqt_gui_py:/home/enelsis-pc/ros2_humble/install/rqt_gui:/home/enelsis-pc/ros2_humble/install/ros2trace:/home/enelsis-pc/ros2_humble/install/ros2topic:/home/enelsis-pc/ros2_humble/install/ros2test:/home/enelsis-pc/ros2_humble/install/ros2component:/home/enelsis-pc/ros2_humble/install/ros2param:/home/enelsis-pc/ros2_humble/install/ros2lifecycle:/home/enelsis-pc/ros2_humble/install/ros2service:/home/enelsis-pc/ros2_humble/install/ros2run:/home/enelsis-pc/ros2_humble/install/ros2launch:/home/enelsis-pc/ros2_humble/install/ros2pkg:/home/enelsis-pc/ros2_humble/install/ros2node:/home/enelsis-pc/ros2_humble/install/ros2multicast:/home/enelsis-pc/ros2_humble/install/ros2interface:/home/enelsis-pc/ros2_humble/install/ros2doctor:/home/enelsis-pc/ros2_humble/install/ros2action:/home/enelsis-pc/ros2_humble/install/ros2cli:/home/enelsis-pc/ros2_humble/install/quality_of_service_demo_py:/home/enelsis-pc/ros2_humble/install/lifecycle_py:/home/enelsis-pc/ros2_humble/install/launch_testing_ros:/home/enelsis-pc/ros2_humble/install/launch_ros:/home/enelsis-pc/ros2_humble/install/examples_rclpy_pointcloud_publisher:/home/enelsis-pc/ros2_humble/install/examples_rclpy_minimal_subscriber:/home/enelsis-pc/ros2_humble/install/examples_rclpy_minimal_service:/home/enelsis-pc/ros2_humble/install/examples_rclpy_minimal_publisher:/home/enelsis-pc/ros2_humble/install/examples_rclpy_minimal_client:/home/enelsis-pc/ros2_humble/install/examples_rclpy_minimal_action_server:/home/enelsis-pc/ros2_humble/install/examples_rclpy_minimal_action_client:/home/enelsis-pc/ros2_humble/install/examples_rclpy_guard_conditions:/home/enelsis-pc/ros2_humble/install/examples_rclpy_executors:/home/enelsis-pc/ros2_humble/install/demo_nodes_py:/home/enelsis-pc/ros2_humble/install/camera_info_manager_py:/home/enelsis-pc/ros2_humble/install/action_tutorials_py:/home/enelsis-pc/ros2_humble/install/ament_uncrustify:/home/enelsis-pc/ros2_humble/install/tracetools_trace:/home/enelsis-pc/ros2_humble/install/tracetools_read:/home/enelsis-pc/ros2_humble/install/test_tracetools_launch:/home/enelsis-pc/ros2_humble/install/test_launch_ros:/home/enelsis-pc/ros2_humble/install/sensor_msgs_py:/home/enelsis-pc/ros2_humble/install/rpyutils:/home/enelsis-pc/ros2_humble/install/rosidl_runtime_py:/home/enelsis-pc/ros2_humble/install/rosidl_cli:/home/enelsis-pc/ros2_humble/install/launch_pytest:/home/enelsis-pc/ros2_humble/install/launch_testing:/home/enelsis-pc/ros2_humble/install/launch_yaml:/home/enelsis-pc/ros2_humble/install/launch_xml:/home/enelsis-pc/ros2_humble/install/launch:/home/enelsis-pc/ros2_humble/install/osrf_pycommon:/home/enelsis-pc/ros2_humble/install/domain_coordinator:/home/enelsis-pc/ros2_humble/install/ament_xmllint:/home/enelsis-pc/ros2_humble/install/ament_pyflakes:/home/enelsis-pc/ros2_humble/install/ament_pycodestyle:/home/enelsis-pc/ros2_humble/install/ament_pep257:/home/enelsis-pc/ros2_humble/install/ament_pclint:/home/enelsis-pc/ros2_humble/install/ament_package:/home/enelsis-pc/ros2_humble/install/ament_mypy:/home/enelsis-pc/ros2_humble/install/ament_lint_cmake:/home/enelsis-pc/ros2_humble/install/ament_flake8:/home/enelsis-pc/ros2_humble/install/ament_copyright:/home/enelsis-pc/ros2_humble/install/ament_lint:/home/enelsis-pc/ros2_humble/install/ament_index_python:/home/enelsis-pc/ros2_humble/install/ament_cpplint:/home/enelsis-pc/ros2_humble/install/ament_cppcheck:/home/enelsis-pc/ros2_humble/install/ament_clang_tidy:/home/enelsis-pc/ros2_humble/install/ament_clang_format:/opt/ros/humble /usr/bin/cmake /home/enelsis-pc/enelsis_moab_ws/src/ydlidar_ros2_driver -DCMAKE_BUILD_TYPE=Release -DAMENT_CMAKE_SYMLINK_INSTALL=1 -DCMAKE_INSTALL_PREFIX=/home/enelsis-pc/enelsis_moab_ws/install/ydlidar_ros2_driver
[5.218s] DEBUG:colcon.colcon_core.event_handler.log_command:Invoking command in '/home/enelsis-pc/enelsis_moab_ws/build/ydlidar_ros2_driver': CMAKE_PREFIX_PATH=${CMAKE_PREFIX_PATH}:/home/enelsis-pc/enelsis_moab_ws/install/enelsis_bringup:/home/enelsis-pc/mavlink_ws/install/lidar_mavlink_bridge:/home/enelsis-pc/ros2_humble/install/rqt_bag_plugins:/home/enelsis-pc/ros2_humble/install/rqt_bag:/home/enelsis-pc/ros2_humble/install/launch_testing_examples:/home/enelsis-pc/ros2_humble/install/ros2bag:/home/enelsis-pc/ros2_humble/install/tracetools_test:/home/enelsis-pc/ros2_humble/install/tracetools_launch:/home/enelsis-pc/ros2_humble/install/topic_monitor:/home/enelsis-pc/ros2_humble/install/tf2_tools:/home/enelsis-pc/ros2_humble/install/examples_tf2_py:/home/enelsis-pc/ros2_humble/install/tf2_ros_py:/home/enelsis-pc/ros2_humble/install/sros2:/home/enelsis-pc/ros2_humble/install/rqt_topic:/home/enelsis-pc/ros2_humble/install/rqt_srv:/home/enelsis-pc/ros2_humble/install/rqt_shell:/home/enelsis-pc/ros2_humble/install/rqt_service_caller:/home/enelsis-pc/ros2_humble/install/rqt_reconfigure:/home/enelsis-pc/ros2_humble/install/rqt_py_console:/home/enelsis-pc/ros2_humble/install/rqt_publisher:/home/enelsis-pc/ros2_humble/install/rqt_plot:/home/enelsis-pc/ros2_humble/install/rqt_action:/home/enelsis-pc/ros2_humble/install/rqt_msg:/home/enelsis-pc/ros2_humble/install/rqt_console:/home/enelsis-pc/ros2_humble/install/rqt:/home/enelsis-pc/ros2_humble/install/rqt_graph:/home/enelsis-pc/ros2_humble/install/rqt_gui_py:/home/enelsis-pc/ros2_humble/install/rqt_gui:/home/enelsis-pc/ros2_humble/install/ros2trace:/home/enelsis-pc/ros2_humble/install/ros2topic:/home/enelsis-pc/ros2_humble/install/ros2test:/home/enelsis-pc/ros2_humble/install/ros2component:/home/enelsis-pc/ros2_humble/install/ros2param:/home/enelsis-pc/ros2_humble/install/ros2lifecycle:/home/enelsis-pc/ros2_humble/install/ros2service:/home/enelsis-pc/ros2_humble/install/ros2run:/home/enelsis-pc/ros2_humble/install/ros2launch:/home/enelsis-pc/ros2_humble/install/ros2pkg:/home/enelsis-pc/ros2_humble/install/ros2node:/home/enelsis-pc/ros2_humble/install/ros2multicast:/home/enelsis-pc/ros2_humble/install/ros2interface:/home/enelsis-pc/ros2_humble/install/ros2doctor:/home/enelsis-pc/ros2_humble/install/ros2action:/home/enelsis-pc/ros2_humble/install/ros2cli:/home/enelsis-pc/ros2_humble/install/quality_of_service_demo_py:/home/enelsis-pc/ros2_humble/install/lifecycle_py:/home/enelsis-pc/ros2_humble/install/launch_testing_ros:/home/enelsis-pc/ros2_humble/install/launch_ros:/home/enelsis-pc/ros2_humble/install/examples_rclpy_pointcloud_publisher:/home/enelsis-pc/ros2_humble/install/examples_rclpy_minimal_subscriber:/home/enelsis-pc/ros2_humble/install/examples_rclpy_minimal_service:/home/enelsis-pc/ros2_humble/install/examples_rclpy_minimal_publisher:/home/enelsis-pc/ros2_humble/install/examples_rclpy_minimal_client:/home/enelsis-pc/ros2_humble/install/examples_rclpy_minimal_action_server:/home/enelsis-pc/ros2_humble/install/examples_rclpy_minimal_action_client:/home/enelsis-pc/ros2_humble/install/examples_rclpy_guard_conditions:/home/enelsis-pc/ros2_humble/install/examples_rclpy_executors:/home/enelsis-pc/ros2_humble/install/demo_nodes_py:/home/enelsis-pc/ros2_humble/install/camera_info_manager_py:/home/enelsis-pc/ros2_humble/install/action_tutorials_py:/home/enelsis-pc/ros2_humble/install/ament_uncrustify:/home/enelsis-pc/ros2_humble/install/tracetools_trace:/home/enelsis-pc/ros2_humble/install/tracetools_read:/home/enelsis-pc/ros2_humble/install/test_tracetools_launch:/home/enelsis-pc/ros2_humble/install/test_launch_ros:/home/enelsis-pc/ros2_humble/install/sensor_msgs_py:/home/enelsis-pc/ros2_humble/install/rpyutils:/home/enelsis-pc/ros2_humble/install/rosidl_runtime_py:/home/enelsis-pc/ros2_humble/install/rosidl_cli:/home/enelsis-pc/ros2_humble/install/launch_pytest:/home/enelsis-pc/ros2_humble/install/launch_testing:/home/enelsis-pc/ros2_humble/install/launch_yaml:/home/enelsis-pc/ros2_humble/install/launch_xml:/home/enelsis-pc/ros2_humble/install/launch:/home/enelsis-pc/ros2_humble/install/osrf_pycommon:/home/enelsis-pc/ros2_humble/install/domain_coordinator:/home/enelsis-pc/ros2_humble/install/ament_xmllint:/home/enelsis-pc/ros2_humble/install/ament_pyflakes:/home/enelsis-pc/ros2_humble/install/ament_pycodestyle:/home/enelsis-pc/ros2_humble/install/ament_pep257:/home/enelsis-pc/ros2_humble/install/ament_pclint:/home/enelsis-pc/ros2_humble/install/ament_package:/home/enelsis-pc/ros2_humble/install/ament_mypy:/home/enelsis-pc/ros2_humble/install/ament_lint_cmake:/home/enelsis-pc/ros2_humble/install/ament_flake8:/home/enelsis-pc/ros2_humble/install/ament_copyright:/home/enelsis-pc/ros2_humble/install/ament_lint:/home/enelsis-pc/ros2_humble/install/ament_index_python:/home/enelsis-pc/ros2_humble/install/ament_cpplint:/home/enelsis-pc/ros2_humble/install/ament_cppcheck:/home/enelsis-pc/ros2_humble/install/ament_clang_tidy:/home/enelsis-pc/ros2_humble/install/ament_clang_format:/opt/ros/humble /usr/bin/cmake --build /home/enelsis-pc/enelsis_moab_ws/build/ydlidar_ros2_driver -- -j8 -l8
[5.406s] DEBUG:colcon.colcon_core.event_handler.log_command:Invoked command in '/home/enelsis-pc/enelsis_moab_ws/build/rf2o_laser_odometry' returned '0': CMAKE_PREFIX_PATH=${CMAKE_PREFIX_PATH}:/home/enelsis-pc/enelsis_moab_ws/install/enelsis_bringup:/home/enelsis-pc/mavlink_ws/install/lidar_mavlink_bridge:/home/enelsis-pc/ros2_humble/install/rqt_bag_plugins:/home/enelsis-pc/ros2_humble/install/rqt_bag:/home/enelsis-pc/ros2_humble/install/launch_testing_examples:/home/enelsis-pc/ros2_humble/install/ros2bag:/home/enelsis-pc/ros2_humble/install/tracetools_test:/home/enelsis-pc/ros2_humble/install/tracetools_launch:/home/enelsis-pc/ros2_humble/install/topic_monitor:/home/enelsis-pc/ros2_humble/install/tf2_tools:/home/enelsis-pc/ros2_humble/install/examples_tf2_py:/home/enelsis-pc/ros2_humble/install/tf2_ros_py:/home/enelsis-pc/ros2_humble/install/sros2:/home/enelsis-pc/ros2_humble/install/rqt_topic:/home/enelsis-pc/ros2_humble/install/rqt_srv:/home/enelsis-pc/ros2_humble/install/rqt_shell:/home/enelsis-pc/ros2_humble/install/rqt_service_caller:/home/enelsis-pc/ros2_humble/install/rqt_reconfigure:/home/enelsis-pc/ros2_humble/install/rqt_py_console:/home/enelsis-pc/ros2_humble/install/rqt_publisher:/home/enelsis-pc/ros2_humble/install/rqt_plot:/home/enelsis-pc/ros2_humble/install/rqt_action:/home/enelsis-pc/ros2_humble/install/rqt_msg:/home/enelsis-pc/ros2_humble/install/rqt_console:/home/enelsis-pc/ros2_humble/install/rqt:/home/enelsis-pc/ros2_humble/install/rqt_graph:/home/enelsis-pc/ros2_humble/install/rqt_gui_py:/home/enelsis-pc/ros2_humble/install/rqt_gui:/home/enelsis-pc/ros2_humble/install/ros2trace:/home/enelsis-pc/ros2_humble/install/ros2topic:/home/enelsis-pc/ros2_humble/install/ros2test:/home/enelsis-pc/ros2_humble/install/ros2component:/home/enelsis-pc/ros2_humble/install/ros2param:/home/enelsis-pc/ros2_humble/install/ros2lifecycle:/home/enelsis-pc/ros2_humble/install/ros2service:/home/enelsis-pc/ros2_humble/install/ros2run:/home/enelsis-pc/ros2_humble/install/ros2launch:/home/enelsis-pc/ros2_humble/install/ros2pkg:/home/enelsis-pc/ros2_humble/install/ros2node:/home/enelsis-pc/ros2_humble/install/ros2multicast:/home/enelsis-pc/ros2_humble/install/ros2interface:/home/enelsis-pc/ros2_humble/install/ros2doctor:/home/enelsis-pc/ros2_humble/install/ros2action:/home/enelsis-pc/ros2_humble/install/ros2cli:/home/enelsis-pc/ros2_humble/install/quality_of_service_demo_py:/home/enelsis-pc/ros2_humble/install/lifecycle_py:/home/enelsis-pc/ros2_humble/install/launch_testing_ros:/home/enelsis-pc/ros2_humble/install/launch_ros:/home/enelsis-pc/ros2_humble/install/examples_rclpy_pointcloud_publisher:/home/enelsis-pc/ros2_humble/install/examples_rclpy_minimal_subscriber:/home/enelsis-pc/ros2_humble/install/examples_rclpy_minimal_service:/home/enelsis-pc/ros2_humble/install/examples_rclpy_minimal_publisher:/home/enelsis-pc/ros2_humble/install/examples_rclpy_minimal_client:/home/enelsis-pc/ros2_humble/install/examples_rclpy_minimal_action_server:/home/enelsis-pc/ros2_humble/install/examples_rclpy_minimal_action_client:/home/enelsis-pc/ros2_humble/install/examples_rclpy_guard_conditions:/home/enelsis-pc/ros2_humble/install/examples_rclpy_executors:/home/enelsis-pc/ros2_humble/install/demo_nodes_py:/home/enelsis-pc/ros2_humble/install/camera_info_manager_py:/home/enelsis-pc/ros2_humble/install/action_tutorials_py:/home/enelsis-pc/ros2_humble/install/ament_uncrustify:/home/enelsis-pc/ros2_humble/install/tracetools_trace:/home/enelsis-pc/ros2_humble/install/tracetools_read:/home/enelsis-pc/ros2_humble/install/test_tracetools_launch:/home/enelsis-pc/ros2_humble/install/test_launch_ros:/home/enelsis-pc/ros2_humble/install/sensor_msgs_py:/home/enelsis-pc/ros2_humble/install/rpyutils:/home/enelsis-pc/ros2_humble/install/rosidl_runtime_py:/home/enelsis-pc/ros2_humble/install/rosidl_cli:/home/enelsis-pc/ros2_humble/install/launch_pytest:/home/enelsis-pc/ros2_humble/install/launch_testing:/home/enelsis-pc/ros2_humble/install/launch_yaml:/home/enelsis-pc/ros2_humble/install/launch_xml:/home/enelsis-pc/ros2_humble/install/launch:/home/enelsis-pc/ros2_humble/install/osrf_pycommon:/home/enelsis-pc/ros2_humble/install/domain_coordinator:/home/enelsis-pc/ros2_humble/install/ament_xmllint:/home/enelsis-pc/ros2_humble/install/ament_pyflakes:/home/enelsis-pc/ros2_humble/install/ament_pycodestyle:/home/enelsis-pc/ros2_humble/install/ament_pep257:/home/enelsis-pc/ros2_humble/install/ament_pclint:/home/enelsis-pc/ros2_humble/install/ament_package:/home/enelsis-pc/ros2_humble/install/ament_mypy:/home/enelsis-pc/ros2_humble/install/ament_lint_cmake:/home/enelsis-pc/ros2_humble/install/ament_flake8:/home/enelsis-pc/ros2_humble/install/ament_copyright:/home/enelsis-pc/ros2_humble/install/ament_lint:/home/enelsis-pc/ros2_humble/install/ament_index_python:/home/enelsis-pc/ros2_humble/install/ament_cpplint:/home/enelsis-pc/ros2_humble/install/ament_cppcheck:/home/enelsis-pc/ros2_humble/install/ament_clang_tidy:/home/enelsis-pc/ros2_humble/install/ament_clang_format:/opt/ros/humble /usr/bin/cmake /home/enelsis-pc/enelsis_moab_ws/src/rf2o_laser_odometry -DCMAKE_BUILD_TYPE=Release -DAMENT_CMAKE_SYMLINK_INSTALL=1 -DCMAKE_INSTALL_PREFIX=/home/enelsis-pc/enelsis_moab_ws/install/rf2o_laser_odometry
[5.409s] DEBUG:colcon.colcon_core.event_handler.log_command:Invoking command in '/home/enelsis-pc/enelsis_moab_ws/build/rf2o_laser_odometry': CMAKE_PREFIX_PATH=${CMAKE_PREFIX_PATH}:/home/enelsis-pc/enelsis_moab_ws/install/enelsis_bringup:/home/enelsis-pc/mavlink_ws/install/lidar_mavlink_bridge:/home/enelsis-pc/ros2_humble/install/rqt_bag_plugins:/home/enelsis-pc/ros2_humble/install/rqt_bag:/home/enelsis-pc/ros2_humble/install/launch_testing_examples:/home/enelsis-pc/ros2_humble/install/ros2bag:/home/enelsis-pc/ros2_humble/install/tracetools_test:/home/enelsis-pc/ros2_humble/install/tracetools_launch:/home/enelsis-pc/ros2_humble/install/topic_monitor:/home/enelsis-pc/ros2_humble/install/tf2_tools:/home/enelsis-pc/ros2_humble/install/examples_tf2_py:/home/enelsis-pc/ros2_humble/install/tf2_ros_py:/home/enelsis-pc/ros2_humble/install/sros2:/home/enelsis-pc/ros2_humble/install/rqt_topic:/home/enelsis-pc/ros2_humble/install/rqt_srv:/home/enelsis-pc/ros2_humble/install/rqt_shell:/home/enelsis-pc/ros2_humble/install/rqt_service_caller:/home/enelsis-pc/ros2_humble/install/rqt_reconfigure:/home/enelsis-pc/ros2_humble/install/rqt_py_console:/home/enelsis-pc/ros2_humble/install/rqt_publisher:/home/enelsis-pc/ros2_humble/install/rqt_plot:/home/enelsis-pc/ros2_humble/install/rqt_action:/home/enelsis-pc/ros2_humble/install/rqt_msg:/home/enelsis-pc/ros2_humble/install/rqt_console:/home/enelsis-pc/ros2_humble/install/rqt:/home/enelsis-pc/ros2_humble/install/rqt_graph:/home/enelsis-pc/ros2_humble/install/rqt_gui_py:/home/enelsis-pc/ros2_humble/install/rqt_gui:/home/enelsis-pc/ros2_humble/install/ros2trace:/home/enelsis-pc/ros2_humble/install/ros2topic:/home/enelsis-pc/ros2_humble/install/ros2test:/home/enelsis-pc/ros2_humble/install/ros2component:/home/enelsis-pc/ros2_humble/install/ros2param:/home/enelsis-pc/ros2_humble/install/ros2lifecycle:/home/enelsis-pc/ros2_humble/install/ros2service:/home/enelsis-pc/ros2_humble/install/ros2run:/home/enelsis-pc/ros2_humble/install/ros2launch:/home/enelsis-pc/ros2_humble/install/ros2pkg:/home/enelsis-pc/ros2_humble/install/ros2node:/home/enelsis-pc/ros2_humble/install/ros2multicast:/home/enelsis-pc/ros2_humble/install/ros2interface:/home/enelsis-pc/ros2_humble/install/ros2doctor:/home/enelsis-pc/ros2_humble/install/ros2action:/home/enelsis-pc/ros2_humble/install/ros2cli:/home/enelsis-pc/ros2_humble/install/quality_of_service_demo_py:/home/enelsis-pc/ros2_humble/install/lifecycle_py:/home/enelsis-pc/ros2_humble/install/launch_testing_ros:/home/enelsis-pc/ros2_humble/install/launch_ros:/home/enelsis-pc/ros2_humble/install/examples_rclpy_pointcloud_publisher:/home/enelsis-pc/ros2_humble/install/examples_rclpy_minimal_subscriber:/home/enelsis-pc/ros2_humble/install/examples_rclpy_minimal_service:/home/enelsis-pc/ros2_humble/install/examples_rclpy_minimal_publisher:/home/enelsis-pc/ros2_humble/install/examples_rclpy_minimal_client:/home/enelsis-pc/ros2_humble/install/examples_rclpy_minimal_action_server:/home/enelsis-pc/ros2_humble/install/examples_rclpy_minimal_action_client:/home/enelsis-pc/ros2_humble/install/examples_rclpy_guard_conditions:/home/enelsis-pc/ros2_humble/install/examples_rclpy_executors:/home/enelsis-pc/ros2_humble/install/demo_nodes_py:/home/enelsis-pc/ros2_humble/install/camera_info_manager_py:/home/enelsis-pc/ros2_humble/install/action_tutorials_py:/home/enelsis-pc/ros2_humble/install/ament_uncrustify:/home/enelsis-pc/ros2_humble/install/tracetools_trace:/home/enelsis-pc/ros2_humble/install/tracetools_read:/home/enelsis-pc/ros2_humble/install/test_tracetools_launch:/home/enelsis-pc/ros2_humble/install/test_launch_ros:/home/enelsis-pc/ros2_humble/install/sensor_msgs_py:/home/enelsis-pc/ros2_humble/install/rpyutils:/home/enelsis-pc/ros2_humble/install/rosidl_runtime_py:/home/enelsis-pc/ros2_humble/install/rosidl_cli:/home/enelsis-pc/ros2_humble/install/launch_pytest:/home/enelsis-pc/ros2_humble/install/launch_testing:/home/enelsis-pc/ros2_humble/install/launch_yaml:/home/enelsis-pc/ros2_humble/install/launch_xml:/home/enelsis-pc/ros2_humble/install/launch:/home/enelsis-pc/ros2_humble/install/osrf_pycommon:/home/enelsis-pc/ros2_humble/install/domain_coordinator:/home/enelsis-pc/ros2_humble/install/ament_xmllint:/home/enelsis-pc/ros2_humble/install/ament_pyflakes:/home/enelsis-pc/ros2_humble/install/ament_pycodestyle:/home/enelsis-pc/ros2_humble/install/ament_pep257:/home/enelsis-pc/ros2_humble/install/ament_pclint:/home/enelsis-pc/ros2_humble/install/ament_package:/home/enelsis-pc/ros2_humble/install/ament_mypy:/home/enelsis-pc/ros2_humble/install/ament_lint_cmake:/home/enelsis-pc/ros2_humble/install/ament_flake8:/home/enelsis-pc/ros2_humble/install/ament_copyright:/home/enelsis-pc/ros2_humble/install/ament_lint:/home/enelsis-pc/ros2_humble/install/ament_index_python:/home/enelsis-pc/ros2_humble/install/ament_cpplint:/home/enelsis-pc/ros2_humble/install/ament_cppcheck:/home/enelsis-pc/ros2_humble/install/ament_clang_tidy:/home/enelsis-pc/ros2_humble/install/ament_clang_format:/opt/ros/humble /usr/bin/cmake --build /home/enelsis-pc/enelsis_moab_ws/build/rf2o_laser_odometry -- -j8 -l8
[6.169s] Level 1:colcon.colcon_core.shell:create_environment_hook('enelsis_bringup', 'pythonpath_develop')
[6.170s] INFO:colcon.colcon_core.shell:Creating environment hook '/home/enelsis-pc/enelsis_moab_ws/build/enelsis_bringup/share/enelsis_bringup/hook/pythonpath_develop.ps1'
[6.170s] DEBUG:colcon.colcon_core.event_handler.log_command:Invoked command in '/home/enelsis-pc/enelsis_moab_ws/build/enelsis_bringup' returned '0': PYTHONPATH=/home/enelsis-pc/enelsis_moab_ws/build/enelsis_bringup/prefix_override:/usr/lib/python3/dist-packages/colcon_core/task/python/colcon_distutils_commands:/home/enelsis-pc/enelsis_moab_ws/install/enelsis_bringup/lib/python3.10/site-packages:${PYTHONPATH} /usr/bin/python3 -W ignore:setup.py install is deprecated -W ignore:easy_install command is deprecated setup.py develop --editable --build-directory /home/enelsis-pc/enelsis_moab_ws/build/enelsis_bringup/build --no-deps symlink_data
[6.171s] INFO:colcon.colcon_core.shell:Creating environment descriptor '/home/enelsis-pc/enelsis_moab_ws/build/enelsis_bringup/share/enelsis_bringup/hook/pythonpath_develop.dsv'
[6.172s] INFO:colcon.colcon_core.shell:Creating environment hook '/home/enelsis-pc/enelsis_moab_ws/build/enelsis_bringup/share/enelsis_bringup/hook/pythonpath_develop.sh'
[6.187s] Level 1:colcon.colcon_core.environment:checking '/home/enelsis-pc/enelsis_moab_ws/install/enelsis_bringup' for CMake module files
[6.188s] Level 1:colcon.colcon_core.environment:checking '/home/enelsis-pc/enelsis_moab_ws/install/enelsis_bringup' for CMake config files
[6.189s] Level 1:colcon.colcon_core.environment:checking '/home/enelsis-pc/enelsis_moab_ws/install/enelsis_bringup/lib'
[6.190s] Level 1:colcon.colcon_core.environment:checking '/home/enelsis-pc/enelsis_moab_ws/install/enelsis_bringup/bin'
[6.190s] Level 1:colcon.colcon_core.environment:checking '/home/enelsis-pc/enelsis_moab_ws/install/enelsis_bringup/lib/pkgconfig/enelsis_bringup.pc'
[6.191s] Level 1:colcon.colcon_core.environment:checking '/home/enelsis-pc/enelsis_moab_ws/install/enelsis_bringup/lib/python3.10/site-packages'
[6.191s] Level 1:colcon.colcon_core.shell:create_environment_hook('enelsis_bringup', 'pythonpath')
[6.192s] INFO:colcon.colcon_core.shell:Creating environment hook '/home/enelsis-pc/enelsis_moab_ws/install/enelsis_bringup/share/enelsis_bringup/hook/pythonpath.ps1'
[6.193s] INFO:colcon.colcon_core.shell:Creating environment descriptor '/home/enelsis-pc/enelsis_moab_ws/install/enelsis_bringup/share/enelsis_bringup/hook/pythonpath.dsv'
[6.194s] INFO:colcon.colcon_core.shell:Creating environment hook '/home/enelsis-pc/enelsis_moab_ws/install/enelsis_bringup/share/enelsis_bringup/hook/pythonpath.sh'
[6.196s] Level 1:colcon.colcon_core.environment:checking '/home/enelsis-pc/enelsis_moab_ws/install/enelsis_bringup/bin'
[6.197s] Level 1:colcon.colcon_core.environment:create_environment_scripts_only(enelsis_bringup)
[6.198s] INFO:colcon.colcon_core.shell:Creating package script '/home/enelsis-pc/enelsis_moab_ws/install/enelsis_bringup/share/enelsis_bringup/package.ps1'
[6.200s] INFO:colcon.colcon_core.shell:Creating package descriptor '/home/enelsis-pc/enelsis_moab_ws/install/enelsis_bringup/share/enelsis_bringup/package.dsv'
[6.201s] INFO:colcon.colcon_core.shell:Creating package script '/home/enelsis-pc/enelsis_moab_ws/install/enelsis_bringup/share/enelsis_bringup/package.sh'
[6.203s] INFO:colcon.colcon_core.shell:Creating package script '/home/enelsis-pc/enelsis_moab_ws/install/enelsis_bringup/share/enelsis_bringup/package.bash'
[6.205s] INFO:colcon.colcon_core.shell:Creating package script '/home/enelsis-pc/enelsis_moab_ws/install/enelsis_bringup/share/enelsis_bringup/package.zsh'
[6.206s] Level 1:colcon.colcon_core.environment:create_file_with_runtime_dependencies(/home/enelsis-pc/enelsis_moab_ws/install/enelsis_bringup/share/colcon-core/packages/enelsis_bringup)
[6.401s] Level 1:colcon.colcon_core.shell:create_environment_hook('lidar_mavlink_bridge', 'pythonpath_develop')
[6.402s] INFO:colcon.colcon_core.shell:Creating environment hook '/home/enelsis-pc/enelsis_moab_ws/build/lidar_mavlink_bridge/share/lidar_mavlink_bridge/hook/pythonpath_develop.ps1'
[6.403s] INFO:colcon.colcon_core.shell:Creating environment descriptor '/home/enelsis-pc/enelsis_moab_ws/build/lidar_mavlink_bridge/share/lidar_mavlink_bridge/hook/pythonpath_develop.dsv'
[6.403s] INFO:colcon.colcon_core.shell:Creating environment hook '/home/enelsis-pc/enelsis_moab_ws/build/lidar_mavlink_bridge/share/lidar_mavlink_bridge/hook/pythonpath_develop.sh'
[6.405s] Level 1:colcon.colcon_core.environment:checking '/home/enelsis-pc/enelsis_moab_ws/install/lidar_mavlink_bridge' for CMake module files
[6.405s] Level 1:colcon.colcon_core.environment:checking '/home/enelsis-pc/enelsis_moab_ws/install/lidar_mavlink_bridge' for CMake config files
[6.406s] Level 1:colcon.colcon_core.environment:checking '/home/enelsis-pc/enelsis_moab_ws/install/lidar_mavlink_bridge/lib'
[6.406s] Level 1:colcon.colcon_core.environment:checking '/home/enelsis-pc/enelsis_moab_ws/install/lidar_mavlink_bridge/bin'
[6.406s] Level 1:colcon.colcon_core.environment:checking '/home/enelsis-pc/enelsis_moab_ws/install/lidar_mavlink_bridge/lib/pkgconfig/lidar_mavlink_bridge.pc'
[6.415s] Level 1:colcon.colcon_core.environment:checking '/home/enelsis-pc/enelsis_moab_ws/install/lidar_mavlink_bridge/lib/python3.10/site-packages'
[6.415s] DEBUG:colcon.colcon_core.event_handler.log_command:Invoked command in '/home/enelsis-pc/enelsis_moab_ws/build/lidar_mavlink_bridge' returned '0': PYTHONPATH=/home/enelsis-pc/enelsis_moab_ws/build/lidar_mavlink_bridge/prefix_override:/usr/lib/python3/dist-packages/colcon_core/task/python/colcon_distutils_commands:/home/enelsis-pc/enelsis_moab_ws/install/lidar_mavlink_bridge/lib/python3.10/site-packages:${PYTHONPATH} /usr/bin/python3 -W ignore:setup.py install is deprecated -W ignore:easy_install command is deprecated setup.py develop --editable --build-directory /home/enelsis-pc/enelsis_moab_ws/build/lidar_mavlink_bridge/build --no-deps symlink_data
[6.416s] Level 1:colcon.colcon_core.shell:create_environment_hook('lidar_mavlink_bridge', 'pythonpath')
[6.416s] INFO:colcon.colcon_core.shell:Creating environment hook '/home/enelsis-pc/enelsis_moab_ws/install/lidar_mavlink_bridge/share/lidar_mavlink_bridge/hook/pythonpath.ps1'
[6.417s] INFO:colcon.colcon_core.shell:Creating environment descriptor '/home/enelsis-pc/enelsis_moab_ws/install/lidar_mavlink_bridge/share/lidar_mavlink_bridge/hook/pythonpath.dsv'
[6.417s] INFO:colcon.colcon_core.shell:Creating environment hook '/home/enelsis-pc/enelsis_moab_ws/install/lidar_mavlink_bridge/share/lidar_mavlink_bridge/hook/pythonpath.sh'
[6.418s] Level 1:colcon.colcon_core.environment:checking '/home/enelsis-pc/enelsis_moab_ws/install/lidar_mavlink_bridge/bin'
[6.418s] Level 1:colcon.colcon_core.environment:create_environment_scripts_only(lidar_mavlink_bridge)
[6.418s] INFO:colcon.colcon_core.shell:Creating package script '/home/enelsis-pc/enelsis_moab_ws/install/lidar_mavlink_bridge/share/lidar_mavlink_bridge/package.ps1'
[6.420s] INFO:colcon.colcon_core.shell:Creating package descriptor '/home/enelsis-pc/enelsis_moab_ws/install/lidar_mavlink_bridge/share/lidar_mavlink_bridge/package.dsv'
[6.422s] INFO:colcon.colcon_core.shell:Creating package script '/home/enelsis-pc/enelsis_moab_ws/install/lidar_mavlink_bridge/share/lidar_mavlink_bridge/package.sh'
[6.424s] INFO:colcon.colcon_core.shell:Creating package script '/home/enelsis-pc/enelsis_moab_ws/install/lidar_mavlink_bridge/share/lidar_mavlink_bridge/package.bash'
[6.424s] INFO:colcon.colcon_core.shell:Creating package script '/home/enelsis-pc/enelsis_moab_ws/install/lidar_mavlink_bridge/share/lidar_mavlink_bridge/package.zsh'
[6.425s] Level 1:colcon.colcon_core.environment:create_file_with_runtime_dependencies(/home/enelsis-pc/enelsis_moab_ws/install/lidar_mavlink_bridge/share/colcon-core/packages/lidar_mavlink_bridge)
