[3.352s] Invoking command in '/home/enelsis-pc/enelsis_moab_ws/build/lidar_mavlink_bridge': PYTHONPATH=/home/enelsis-pc/enelsis_moab_ws/build/lidar_mavlink_bridge/prefix_override:/usr/lib/python3/dist-packages/colcon_core/task/python/colcon_distutils_commands:/home/enelsis-pc/enelsis_moab_ws/install/lidar_mavlink_bridge/lib/python3.10/site-packages:${PYTHONPATH} /usr/bin/python3 -W ignore:setup.py install is deprecated -W ignore:easy_install command is deprecated setup.py develop --editable --build-directory /home/enelsis-pc/enelsis_moab_ws/build/lidar_mavlink_bridge/build --no-deps symlink_data
[4.325s] running develop
[5.182s] running egg_info
[5.182s] creating lidar_mavlink_bridge.egg-info
[5.185s] writing lidar_mavlink_bridge.egg-info/PKG-INFO
[5.187s] writing dependency_links to lidar_mavlink_bridge.egg-info/dependency_links.txt
[5.188s] writing entry points to lidar_mavlink_bridge.egg-info/entry_points.txt
[5.209s] writing requirements to lidar_mavlink_bridge.egg-info/requires.txt
[5.209s] writing top-level names to lidar_mavlink_bridge.egg-info/top_level.txt
[5.209s] writing manifest file 'lidar_mavlink_bridge.egg-info/SOURCES.txt'
[5.264s] reading manifest file 'lidar_mavlink_bridge.egg-info/SOURCES.txt'
[5.265s] writing manifest file 'lidar_mavlink_bridge.egg-info/SOURCES.txt'
[5.278s] running build_ext
[5.278s] Creating /home/enelsis-pc/enelsis_moab_ws/install/lidar_mavlink_bridge/lib/python3.10/site-packages/lidar-mavlink-bridge.egg-link (link to .)
[5.286s] Installing lidar_mavlink_bridge script to /home/enelsis-pc/enelsis_moab_ws/install/lidar_mavlink_bridge/lib/lidar_mavlink_bridge
[5.287s] 
[5.288s] Installed /home/enelsis-pc/enelsis_moab_ws/build/lidar_mavlink_bridge
[5.290s] running symlink_data
[5.292s] creating /home/enelsis-pc/enelsis_moab_ws/install/lidar_mavlink_bridge/share/ament_index
[5.293s] creating /home/enelsis-pc/enelsis_moab_ws/install/lidar_mavlink_bridge/share/ament_index/resource_index
[5.295s] creating /home/enelsis-pc/enelsis_moab_ws/install/lidar_mavlink_bridge/share/ament_index/resource_index/packages
[5.297s] symbolically linking /home/enelsis-pc/enelsis_moab_ws/build/lidar_mavlink_bridge/resource/lidar_mavlink_bridge -> /home/enelsis-pc/enelsis_moab_ws/install/lidar_mavlink_bridge/share/ament_index/resource_index/packages
[5.299s] symbolically linking /home/enelsis-pc/enelsis_moab_ws/build/lidar_mavlink_bridge/package.xml -> /home/enelsis-pc/enelsis_moab_ws/install/lidar_mavlink_bridge/share/lidar_mavlink_bridge
[5.389s] Invoked command in '/home/enelsis-pc/enelsis_moab_ws/build/lidar_mavlink_bridge' returned '0': PYTHONPATH=/home/enelsis-pc/enelsis_moab_ws/build/lidar_mavlink_bridge/prefix_override:/usr/lib/python3/dist-packages/colcon_core/task/python/colcon_distutils_commands:/home/enelsis-pc/enelsis_moab_ws/install/lidar_mavlink_bridge/lib/python3.10/site-packages:${PYTHONPATH} /usr/bin/python3 -W ignore:setup.py install is deprecated -W ignore:easy_install command is deprecated setup.py develop --editable --build-directory /home/enelsis-pc/enelsis_moab_ws/build/lidar_mavlink_bridge/build --no-deps symlink_data
