[0.298s] DEBUG:colcon:Command line arguments: ['/usr/bin/colcon', 'build', '--packages-select', 'ydlidar_ros2_driver', 'rf2o_laser_odometry']
[0.298s] DEBUG:colcon:Parsed command line arguments: Namespace(log_base=None, log_level=None, verb_name='build', build_base='build', install_base='install', merge_install=False, symlink_install=False, test_result_base=None, continue_on_error=False, executor='parallel', parallel_workers=8, event_handlers=None, ignore_user_meta=False, metas=['./colcon.meta'], base_paths=['.'], packages_ignore=None, packages_ignore_regex=None, paths=None, packages_up_to=None, packages_up_to_regex=None, packages_above=None, packages_above_and_dependencies=None, packages_above_depth=None, packages_select_by_dep=None, packages_skip_by_dep=None, packages_skip_up_to=None, packages_select_build_failed=False, packages_skip_build_finished=False, packages_select_test_failures=False, packages_skip_test_passed=False, packages_select=['ydlidar_ros2_driver', 'rf2o_laser_odometry'], packages_skip=None, packages_select_regex=None, packages_skip_regex=None, packages_start=None, packages_end=None, allow_overriding=[], cmake_args=None, cmake_target=None, cmake_target_skip_unavailable=False, cmake_clean_cache=False, cmake_clean_first=False, cmake_force_configure=False, ament_cmake_args=None, catkin_cmake_args=None, catkin_skip_building_tests=False, mixin_files=None, mixin=None, verb_parser=<colcon_mixin.mixin.mixin_argument.MixinArgumentDecorator object at 0x7f9158427ac0>, verb_extension=<colcon_core.verb.build.BuildVerb object at 0x7f91583710f0>, main=<bound method BuildVerb.main of <colcon_core.verb.build.BuildVerb object at 0x7f91583710f0>>, mixin_verb=('build',))
[0.746s] Level 1:colcon.colcon_core.package_discovery:discover_packages(colcon_meta) check parameters
[0.747s] Level 1:colcon.colcon_core.package_discovery:discover_packages(recursive) check parameters
[0.747s] Level 1:colcon.colcon_core.package_discovery:discover_packages(ignore) check parameters
[0.747s] Level 1:colcon.colcon_core.package_discovery:discover_packages(path) check parameters
[0.747s] Level 1:colcon.colcon_core.package_discovery:discover_packages(colcon_meta) discover
[0.747s] Level 1:colcon.colcon_core.package_discovery:discover_packages(recursive) discover
[0.747s] INFO:colcon.colcon_core.package_discovery:Crawling recursively for packages in '/home/enelsis-pc/enelsis_moab_ws'
[0.747s] Level 1:colcon.colcon_core.package_identification:_identify(.) by extensions ['ignore', 'ignore_ament_install']
[0.747s] Level 1:colcon.colcon_core.package_identification:_identify(.) by extension 'ignore'
[0.747s] Level 1:colcon.colcon_core.package_identification:_identify(.) by extension 'ignore_ament_install'
[0.747s] Level 1:colcon.colcon_core.package_identification:_identify(.) by extensions ['colcon_pkg']
[0.747s] Level 1:colcon.colcon_core.package_identification:_identify(.) by extension 'colcon_pkg'
[0.747s] Level 1:colcon.colcon_core.package_identification:_identify(.) by extensions ['colcon_meta']
[0.747s] Level 1:colcon.colcon_core.package_identification:_identify(.) by extension 'colcon_meta'
[0.747s] Level 1:colcon.colcon_core.package_identification:_identify(.) by extensions ['ros']
[0.748s] Level 1:colcon.colcon_core.package_identification:_identify(.) by extension 'ros'
[0.763s] Level 1:colcon.colcon_core.package_identification:_identify(.) by extensions ['cmake', 'python']
[0.764s] Level 1:colcon.colcon_core.package_identification:_identify(.) by extension 'cmake'
[0.764s] Level 1:colcon.colcon_core.package_identification:_identify(.) by extension 'python'
[0.764s] Level 1:colcon.colcon_core.package_identification:_identify(.) by extensions ['python_setup_py']
[0.764s] Level 1:colcon.colcon_core.package_identification:_identify(.) by extension 'python_setup_py'
[0.764s] Level 1:colcon.colcon_core.package_identification:_identify(build) by extensions ['ignore', 'ignore_ament_install']
[0.764s] Level 1:colcon.colcon_core.package_identification:_identify(build) by extension 'ignore'
[0.764s] Level 1:colcon.colcon_core.package_identification:_identify(build) ignored
[0.764s] Level 1:colcon.colcon_core.package_identification:_identify(config) by extensions ['ignore', 'ignore_ament_install']
[0.764s] Level 1:colcon.colcon_core.package_identification:_identify(config) by extension 'ignore'
[0.765s] Level 1:colcon.colcon_core.package_identification:_identify(config) by extension 'ignore_ament_install'
[0.765s] Level 1:colcon.colcon_core.package_identification:_identify(config) by extensions ['colcon_pkg']
[0.765s] Level 1:colcon.colcon_core.package_identification:_identify(config) by extension 'colcon_pkg'
[0.765s] Level 1:colcon.colcon_core.package_identification:_identify(config) by extensions ['colcon_meta']
[0.765s] Level 1:colcon.colcon_core.package_identification:_identify(config) by extension 'colcon_meta'
[0.765s] Level 1:colcon.colcon_core.package_identification:_identify(config) by extensions ['ros']
[0.765s] Level 1:colcon.colcon_core.package_identification:_identify(config) by extension 'ros'
[0.765s] Level 1:colcon.colcon_core.package_identification:_identify(config) by extensions ['cmake', 'python']
[0.765s] Level 1:colcon.colcon_core.package_identification:_identify(config) by extension 'cmake'
[0.765s] Level 1:colcon.colcon_core.package_identification:_identify(config) by extension 'python'
[0.765s] Level 1:colcon.colcon_core.package_identification:_identify(config) by extensions ['python_setup_py']
[0.765s] Level 1:colcon.colcon_core.package_identification:_identify(config) by extension 'python_setup_py'
[0.765s] Level 1:colcon.colcon_core.package_identification:_identify(install) by extensions ['ignore', 'ignore_ament_install']
[0.765s] Level 1:colcon.colcon_core.package_identification:_identify(install) by extension 'ignore'
[0.765s] Level 1:colcon.colcon_core.package_identification:_identify(install) ignored
[0.766s] Level 1:colcon.colcon_core.package_identification:_identify(log) by extensions ['ignore', 'ignore_ament_install']
[0.766s] Level 1:colcon.colcon_core.package_identification:_identify(log) by extension 'ignore'
[0.766s] Level 1:colcon.colcon_core.package_identification:_identify(log) ignored
[0.766s] Level 1:colcon.colcon_core.package_identification:_identify(maps) by extensions ['ignore', 'ignore_ament_install']
[0.766s] Level 1:colcon.colcon_core.package_identification:_identify(maps) by extension 'ignore'
[0.766s] Level 1:colcon.colcon_core.package_identification:_identify(maps) by extension 'ignore_ament_install'
[0.766s] Level 1:colcon.colcon_core.package_identification:_identify(maps) by extensions ['colcon_pkg']
[0.766s] Level 1:colcon.colcon_core.package_identification:_identify(maps) by extension 'colcon_pkg'
[0.766s] Level 1:colcon.colcon_core.package_identification:_identify(maps) by extensions ['colcon_meta']
[0.766s] Level 1:colcon.colcon_core.package_identification:_identify(maps) by extension 'colcon_meta'
[0.766s] Level 1:colcon.colcon_core.package_identification:_identify(maps) by extensions ['ros']
[0.766s] Level 1:colcon.colcon_core.package_identification:_identify(maps) by extension 'ros'
[0.767s] Level 1:colcon.colcon_core.package_identification:_identify(maps) by extensions ['cmake', 'python']
[0.767s] Level 1:colcon.colcon_core.package_identification:_identify(maps) by extension 'cmake'
[0.767s] Level 1:colcon.colcon_core.package_identification:_identify(maps) by extension 'python'
[0.767s] Level 1:colcon.colcon_core.package_identification:_identify(maps) by extensions ['python_setup_py']
[0.767s] Level 1:colcon.colcon_core.package_identification:_identify(maps) by extension 'python_setup_py'
[0.767s] Level 1:colcon.colcon_core.package_identification:_identify(src) by extensions ['ignore', 'ignore_ament_install']
[0.767s] Level 1:colcon.colcon_core.package_identification:_identify(src) by extension 'ignore'
[0.767s] Level 1:colcon.colcon_core.package_identification:_identify(src) by extension 'ignore_ament_install'
[0.767s] Level 1:colcon.colcon_core.package_identification:_identify(src) by extensions ['colcon_pkg']
[0.767s] Level 1:colcon.colcon_core.package_identification:_identify(src) by extension 'colcon_pkg'
[0.767s] Level 1:colcon.colcon_core.package_identification:_identify(src) by extensions ['colcon_meta']
[0.767s] Level 1:colcon.colcon_core.package_identification:_identify(src) by extension 'colcon_meta'
[0.767s] Level 1:colcon.colcon_core.package_identification:_identify(src) by extensions ['ros']
[0.767s] Level 1:colcon.colcon_core.package_identification:_identify(src) by extension 'ros'
[0.767s] Level 1:colcon.colcon_core.package_identification:_identify(src) by extensions ['cmake', 'python']
[0.767s] Level 1:colcon.colcon_core.package_identification:_identify(src) by extension 'cmake'
[0.767s] Level 1:colcon.colcon_core.package_identification:_identify(src) by extension 'python'
[0.768s] Level 1:colcon.colcon_core.package_identification:_identify(src) by extensions ['python_setup_py']
[0.768s] Level 1:colcon.colcon_core.package_identification:_identify(src) by extension 'python_setup_py'
[0.768s] Level 1:colcon.colcon_core.package_identification:_identify(src/atdrive_moab_tools) by extensions ['ignore', 'ignore_ament_install']
[0.768s] Level 1:colcon.colcon_core.package_identification:_identify(src/atdrive_moab_tools) by extension 'ignore'
[0.768s] Level 1:colcon.colcon_core.package_identification:_identify(src/atdrive_moab_tools) by extension 'ignore_ament_install'
[0.768s] Level 1:colcon.colcon_core.package_identification:_identify(src/atdrive_moab_tools) by extensions ['colcon_pkg']
[0.768s] Level 1:colcon.colcon_core.package_identification:_identify(src/atdrive_moab_tools) by extension 'colcon_pkg'
[0.768s] Level 1:colcon.colcon_core.package_identification:_identify(src/atdrive_moab_tools) by extensions ['colcon_meta']
[0.768s] Level 1:colcon.colcon_core.package_identification:_identify(src/atdrive_moab_tools) by extension 'colcon_meta'
[0.768s] Level 1:colcon.colcon_core.package_identification:_identify(src/atdrive_moab_tools) by extensions ['ros']
[0.768s] Level 1:colcon.colcon_core.package_identification:_identify(src/atdrive_moab_tools) by extension 'ros'
[0.768s] Level 1:colcon.colcon_core.package_identification:_identify(src/atdrive_moab_tools) by extensions ['cmake', 'python']
[0.768s] Level 1:colcon.colcon_core.package_identification:_identify(src/atdrive_moab_tools) by extension 'cmake'
[0.768s] Level 1:colcon.colcon_core.package_identification:_identify(src/atdrive_moab_tools) by extension 'python'
[0.769s] Level 1:colcon.colcon_core.package_identification:_identify(src/atdrive_moab_tools) by extensions ['python_setup_py']
[0.769s] Level 1:colcon.colcon_core.package_identification:_identify(src/atdrive_moab_tools) by extension 'python_setup_py'
[0.769s] Level 1:colcon.colcon_core.package_identification:_identify(src/atdrive_moab_tools/Notes) by extensions ['ignore', 'ignore_ament_install']
[0.769s] Level 1:colcon.colcon_core.package_identification:_identify(src/atdrive_moab_tools/Notes) by extension 'ignore'
[0.769s] Level 1:colcon.colcon_core.package_identification:_identify(src/atdrive_moab_tools/Notes) by extension 'ignore_ament_install'
[0.769s] Level 1:colcon.colcon_core.package_identification:_identify(src/atdrive_moab_tools/Notes) by extensions ['colcon_pkg']
[0.769s] Level 1:colcon.colcon_core.package_identification:_identify(src/atdrive_moab_tools/Notes) by extension 'colcon_pkg'
[0.769s] Level 1:colcon.colcon_core.package_identification:_identify(src/atdrive_moab_tools/Notes) by extensions ['colcon_meta']
[0.769s] Level 1:colcon.colcon_core.package_identification:_identify(src/atdrive_moab_tools/Notes) by extension 'colcon_meta'
[0.769s] Level 1:colcon.colcon_core.package_identification:_identify(src/atdrive_moab_tools/Notes) by extensions ['ros']
[0.769s] Level 1:colcon.colcon_core.package_identification:_identify(src/atdrive_moab_tools/Notes) by extension 'ros'
[0.769s] Level 1:colcon.colcon_core.package_identification:_identify(src/atdrive_moab_tools/Notes) by extensions ['cmake', 'python']
[0.769s] Level 1:colcon.colcon_core.package_identification:_identify(src/atdrive_moab_tools/Notes) by extension 'cmake'
[0.769s] Level 1:colcon.colcon_core.package_identification:_identify(src/atdrive_moab_tools/Notes) by extension 'python'
[0.769s] Level 1:colcon.colcon_core.package_identification:_identify(src/atdrive_moab_tools/Notes) by extensions ['python_setup_py']
[0.769s] Level 1:colcon.colcon_core.package_identification:_identify(src/atdrive_moab_tools/Notes) by extension 'python_setup_py'
[0.770s] Level 1:colcon.colcon_core.package_identification:_identify(src/atdrive_moab_tools/_3rd_party) by extensions ['ignore', 'ignore_ament_install']
[0.770s] Level 1:colcon.colcon_core.package_identification:_identify(src/atdrive_moab_tools/_3rd_party) by extension 'ignore'
[0.770s] Level 1:colcon.colcon_core.package_identification:_identify(src/atdrive_moab_tools/_3rd_party) by extension 'ignore_ament_install'
[0.770s] Level 1:colcon.colcon_core.package_identification:_identify(src/atdrive_moab_tools/_3rd_party) by extensions ['colcon_pkg']
[0.770s] Level 1:colcon.colcon_core.package_identification:_identify(src/atdrive_moab_tools/_3rd_party) by extension 'colcon_pkg'
[0.770s] Level 1:colcon.colcon_core.package_identification:_identify(src/atdrive_moab_tools/_3rd_party) by extensions ['colcon_meta']
[0.770s] Level 1:colcon.colcon_core.package_identification:_identify(src/atdrive_moab_tools/_3rd_party) by extension 'colcon_meta'
[0.770s] Level 1:colcon.colcon_core.package_identification:_identify(src/atdrive_moab_tools/_3rd_party) by extensions ['ros']
[0.770s] Level 1:colcon.colcon_core.package_identification:_identify(src/atdrive_moab_tools/_3rd_party) by extension 'ros'
[0.770s] Level 1:colcon.colcon_core.package_identification:_identify(src/atdrive_moab_tools/_3rd_party) by extensions ['cmake', 'python']
[0.770s] Level 1:colcon.colcon_core.package_identification:_identify(src/atdrive_moab_tools/_3rd_party) by extension 'cmake'
[0.770s] Level 1:colcon.colcon_core.package_identification:_identify(src/atdrive_moab_tools/_3rd_party) by extension 'python'
[0.770s] Level 1:colcon.colcon_core.package_identification:_identify(src/atdrive_moab_tools/_3rd_party) by extensions ['python_setup_py']
[0.770s] Level 1:colcon.colcon_core.package_identification:_identify(src/atdrive_moab_tools/_3rd_party) by extension 'python_setup_py'
[0.770s] Level 1:colcon.colcon_core.package_identification:_identify(src/atdrive_moab_tools/_3rd_party/pymap3d) by extensions ['ignore', 'ignore_ament_install']
[0.771s] Level 1:colcon.colcon_core.package_identification:_identify(src/atdrive_moab_tools/_3rd_party/pymap3d) by extension 'ignore'
[0.771s] Level 1:colcon.colcon_core.package_identification:_identify(src/atdrive_moab_tools/_3rd_party/pymap3d) by extension 'ignore_ament_install'
[0.771s] Level 1:colcon.colcon_core.package_identification:_identify(src/atdrive_moab_tools/_3rd_party/pymap3d) by extensions ['colcon_pkg']
[0.771s] Level 1:colcon.colcon_core.package_identification:_identify(src/atdrive_moab_tools/_3rd_party/pymap3d) by extension 'colcon_pkg'
[0.771s] Level 1:colcon.colcon_core.package_identification:_identify(src/atdrive_moab_tools/_3rd_party/pymap3d) by extensions ['colcon_meta']
[0.771s] Level 1:colcon.colcon_core.package_identification:_identify(src/atdrive_moab_tools/_3rd_party/pymap3d) by extension 'colcon_meta'
[0.771s] Level 1:colcon.colcon_core.package_identification:_identify(src/atdrive_moab_tools/_3rd_party/pymap3d) by extensions ['ros']
[0.771s] Level 1:colcon.colcon_core.package_identification:_identify(src/atdrive_moab_tools/_3rd_party/pymap3d) by extension 'ros'
[0.771s] Level 1:colcon.colcon_core.package_identification:_identify(src/atdrive_moab_tools/_3rd_party/pymap3d) by extensions ['cmake', 'python']
[0.771s] Level 1:colcon.colcon_core.package_identification:_identify(src/atdrive_moab_tools/_3rd_party/pymap3d) by extension 'cmake'
[0.771s] Level 1:colcon.colcon_core.package_identification:_identify(src/atdrive_moab_tools/_3rd_party/pymap3d) by extension 'python'
[0.771s] Level 1:colcon.colcon_core.package_identification:_identify(src/atdrive_moab_tools/_3rd_party/pymap3d) by extensions ['python_setup_py']
[0.771s] Level 1:colcon.colcon_core.package_identification:_identify(src/atdrive_moab_tools/_3rd_party/pymap3d) by extension 'python_setup_py'
[0.771s] Level 1:colcon.colcon_core.package_identification:_identify(src/atdrive_moab_tools/protocols) by extensions ['ignore', 'ignore_ament_install']
[0.771s] Level 1:colcon.colcon_core.package_identification:_identify(src/atdrive_moab_tools/protocols) by extension 'ignore'
[0.771s] Level 1:colcon.colcon_core.package_identification:_identify(src/atdrive_moab_tools/protocols) by extension 'ignore_ament_install'
[0.771s] Level 1:colcon.colcon_core.package_identification:_identify(src/atdrive_moab_tools/protocols) by extensions ['colcon_pkg']
[0.771s] Level 1:colcon.colcon_core.package_identification:_identify(src/atdrive_moab_tools/protocols) by extension 'colcon_pkg'
[0.772s] Level 1:colcon.colcon_core.package_identification:_identify(src/atdrive_moab_tools/protocols) by extensions ['colcon_meta']
[0.772s] Level 1:colcon.colcon_core.package_identification:_identify(src/atdrive_moab_tools/protocols) by extension 'colcon_meta'
[0.772s] Level 1:colcon.colcon_core.package_identification:_identify(src/atdrive_moab_tools/protocols) by extensions ['ros']
[0.772s] Level 1:colcon.colcon_core.package_identification:_identify(src/atdrive_moab_tools/protocols) by extension 'ros'
[0.772s] Level 1:colcon.colcon_core.package_identification:_identify(src/atdrive_moab_tools/protocols) by extensions ['cmake', 'python']
[0.772s] Level 1:colcon.colcon_core.package_identification:_identify(src/atdrive_moab_tools/protocols) by extension 'cmake'
[0.772s] Level 1:colcon.colcon_core.package_identification:_identify(src/atdrive_moab_tools/protocols) by extension 'python'
[0.772s] Level 1:colcon.colcon_core.package_identification:_identify(src/atdrive_moab_tools/protocols) by extensions ['python_setup_py']
[0.772s] Level 1:colcon.colcon_core.package_identification:_identify(src/atdrive_moab_tools/protocols) by extension 'python_setup_py'
[0.772s] Level 1:colcon.colcon_core.package_identification:_identify(src/atdrive_moab_tools/testing_tools) by extensions ['ignore', 'ignore_ament_install']
[0.772s] Level 1:colcon.colcon_core.package_identification:_identify(src/atdrive_moab_tools/testing_tools) by extension 'ignore'
[0.772s] Level 1:colcon.colcon_core.package_identification:_identify(src/atdrive_moab_tools/testing_tools) by extension 'ignore_ament_install'
[0.772s] Level 1:colcon.colcon_core.package_identification:_identify(src/atdrive_moab_tools/testing_tools) by extensions ['colcon_pkg']
[0.772s] Level 1:colcon.colcon_core.package_identification:_identify(src/atdrive_moab_tools/testing_tools) by extension 'colcon_pkg'
[0.772s] Level 1:colcon.colcon_core.package_identification:_identify(src/atdrive_moab_tools/testing_tools) by extensions ['colcon_meta']
[0.773s] Level 1:colcon.colcon_core.package_identification:_identify(src/atdrive_moab_tools/testing_tools) by extension 'colcon_meta'
[0.773s] Level 1:colcon.colcon_core.package_identification:_identify(src/atdrive_moab_tools/testing_tools) by extensions ['ros']
[0.773s] Level 1:colcon.colcon_core.package_identification:_identify(src/atdrive_moab_tools/testing_tools) by extension 'ros'
[0.773s] Level 1:colcon.colcon_core.package_identification:_identify(src/atdrive_moab_tools/testing_tools) by extensions ['cmake', 'python']
[0.773s] Level 1:colcon.colcon_core.package_identification:_identify(src/atdrive_moab_tools/testing_tools) by extension 'cmake'
[0.773s] Level 1:colcon.colcon_core.package_identification:_identify(src/atdrive_moab_tools/testing_tools) by extension 'python'
[0.773s] Level 1:colcon.colcon_core.package_identification:_identify(src/atdrive_moab_tools/testing_tools) by extensions ['python_setup_py']
[0.773s] Level 1:colcon.colcon_core.package_identification:_identify(src/atdrive_moab_tools/testing_tools) by extension 'python_setup_py'
[0.773s] Level 1:colcon.colcon_core.package_identification:_identify(src/atdrive_moab_tools/utils) by extensions ['ignore', 'ignore_ament_install']
[0.773s] Level 1:colcon.colcon_core.package_identification:_identify(src/atdrive_moab_tools/utils) by extension 'ignore'
[0.773s] Level 1:colcon.colcon_core.package_identification:_identify(src/atdrive_moab_tools/utils) by extension 'ignore_ament_install'
[0.773s] Level 1:colcon.colcon_core.package_identification:_identify(src/atdrive_moab_tools/utils) by extensions ['colcon_pkg']
[0.773s] Level 1:colcon.colcon_core.package_identification:_identify(src/atdrive_moab_tools/utils) by extension 'colcon_pkg'
[0.773s] Level 1:colcon.colcon_core.package_identification:_identify(src/atdrive_moab_tools/utils) by extensions ['colcon_meta']
[0.774s] Level 1:colcon.colcon_core.package_identification:_identify(src/atdrive_moab_tools/utils) by extension 'colcon_meta'
[0.774s] Level 1:colcon.colcon_core.package_identification:_identify(src/atdrive_moab_tools/utils) by extensions ['ros']
[0.774s] Level 1:colcon.colcon_core.package_identification:_identify(src/atdrive_moab_tools/utils) by extension 'ros'
[0.774s] Level 1:colcon.colcon_core.package_identification:_identify(src/atdrive_moab_tools/utils) by extensions ['cmake', 'python']
[0.774s] Level 1:colcon.colcon_core.package_identification:_identify(src/atdrive_moab_tools/utils) by extension 'cmake'
[0.774s] Level 1:colcon.colcon_core.package_identification:_identify(src/atdrive_moab_tools/utils) by extension 'python'
[0.774s] Level 1:colcon.colcon_core.package_identification:_identify(src/atdrive_moab_tools/utils) by extensions ['python_setup_py']
[0.774s] Level 1:colcon.colcon_core.package_identification:_identify(src/atdrive_moab_tools/utils) by extension 'python_setup_py'
[0.774s] Level 1:colcon.colcon_core.package_identification:_identify(src/enelsis_bringup) by extensions ['ignore', 'ignore_ament_install']
[0.775s] Level 1:colcon.colcon_core.package_identification:_identify(src/enelsis_bringup) by extension 'ignore'
[0.775s] Level 1:colcon.colcon_core.package_identification:_identify(src/enelsis_bringup) by extension 'ignore_ament_install'
[0.775s] Level 1:colcon.colcon_core.package_identification:_identify(src/enelsis_bringup) by extensions ['colcon_pkg']
[0.775s] Level 1:colcon.colcon_core.package_identification:_identify(src/enelsis_bringup) by extension 'colcon_pkg'
[0.775s] Level 1:colcon.colcon_core.package_identification:_identify(src/enelsis_bringup) by extensions ['colcon_meta']
[0.775s] Level 1:colcon.colcon_core.package_identification:_identify(src/enelsis_bringup) by extension 'colcon_meta'
[0.775s] Level 1:colcon.colcon_core.package_identification:_identify(src/enelsis_bringup) by extensions ['ros']
[0.775s] Level 1:colcon.colcon_core.package_identification:_identify(src/enelsis_bringup) by extension 'ros'
[0.778s] DEBUG:colcon.colcon_core.package_identification:Package 'src/enelsis_bringup' with type 'ros.ament_python' and name 'enelsis_bringup'
[0.779s] Level 1:colcon.colcon_core.package_identification:_identify(src/lidar_mavlink_bridge) by extensions ['ignore', 'ignore_ament_install']
[0.779s] Level 1:colcon.colcon_core.package_identification:_identify(src/lidar_mavlink_bridge) by extension 'ignore'
[0.779s] Level 1:colcon.colcon_core.package_identification:_identify(src/lidar_mavlink_bridge) by extension 'ignore_ament_install'
[0.779s] Level 1:colcon.colcon_core.package_identification:_identify(src/lidar_mavlink_bridge) by extensions ['colcon_pkg']
[0.779s] Level 1:colcon.colcon_core.package_identification:_identify(src/lidar_mavlink_bridge) by extension 'colcon_pkg'
[0.779s] Level 1:colcon.colcon_core.package_identification:_identify(src/lidar_mavlink_bridge) by extensions ['colcon_meta']
[0.779s] Level 1:colcon.colcon_core.package_identification:_identify(src/lidar_mavlink_bridge) by extension 'colcon_meta'
[0.779s] Level 1:colcon.colcon_core.package_identification:_identify(src/lidar_mavlink_bridge) by extensions ['ros']
[0.779s] Level 1:colcon.colcon_core.package_identification:_identify(src/lidar_mavlink_bridge) by extension 'ros'
[0.780s] DEBUG:colcon.colcon_core.package_identification:Package 'src/lidar_mavlink_bridge' with type 'ros.ament_python' and name 'lidar_mavlink_bridge'
[0.780s] Level 1:colcon.colcon_core.package_identification:_identify(src/rf2o_laser_odometry) by extensions ['ignore', 'ignore_ament_install']
[0.780s] Level 1:colcon.colcon_core.package_identification:_identify(src/rf2o_laser_odometry) by extension 'ignore'
[0.780s] Level 1:colcon.colcon_core.package_identification:_identify(src/rf2o_laser_odometry) by extension 'ignore_ament_install'
[0.780s] Level 1:colcon.colcon_core.package_identification:_identify(src/rf2o_laser_odometry) by extensions ['colcon_pkg']
[0.780s] Level 1:colcon.colcon_core.package_identification:_identify(src/rf2o_laser_odometry) by extension 'colcon_pkg'
[0.781s] Level 1:colcon.colcon_core.package_identification:_identify(src/rf2o_laser_odometry) by extensions ['colcon_meta']
[0.781s] Level 1:colcon.colcon_core.package_identification:_identify(src/rf2o_laser_odometry) by extension 'colcon_meta'
[0.781s] Level 1:colcon.colcon_core.package_identification:_identify(src/rf2o_laser_odometry) by extensions ['ros']
[0.781s] Level 1:colcon.colcon_core.package_identification:_identify(src/rf2o_laser_odometry) by extension 'ros'
[0.782s] DEBUG:colcon.colcon_core.package_identification:Package 'src/rf2o_laser_odometry' with type 'ros.ament_cmake' and name 'rf2o_laser_odometry'
[0.782s] Level 1:colcon.colcon_core.package_identification:_identify(src/ydlidar_ros2_driver) by extensions ['ignore', 'ignore_ament_install']
[0.782s] Level 1:colcon.colcon_core.package_identification:_identify(src/ydlidar_ros2_driver) by extension 'ignore'
[0.782s] Level 1:colcon.colcon_core.package_identification:_identify(src/ydlidar_ros2_driver) by extension 'ignore_ament_install'
[0.782s] Level 1:colcon.colcon_core.package_identification:_identify(src/ydlidar_ros2_driver) by extensions ['colcon_pkg']
[0.782s] Level 1:colcon.colcon_core.package_identification:_identify(src/ydlidar_ros2_driver) by extension 'colcon_pkg'
[0.782s] Level 1:colcon.colcon_core.package_identification:_identify(src/ydlidar_ros2_driver) by extensions ['colcon_meta']
[0.782s] Level 1:colcon.colcon_core.package_identification:_identify(src/ydlidar_ros2_driver) by extension 'colcon_meta'
[0.782s] Level 1:colcon.colcon_core.package_identification:_identify(src/ydlidar_ros2_driver) by extensions ['ros']
[0.782s] Level 1:colcon.colcon_core.package_identification:_identify(src/ydlidar_ros2_driver) by extension 'ros'
[0.783s] DEBUG:colcon.colcon_core.package_identification:Package 'src/ydlidar_ros2_driver' with type 'ros.ament_cmake' and name 'ydlidar_ros2_driver'
[0.783s] Level 1:colcon.colcon_core.package_discovery:discover_packages(recursive) using defaults
[0.783s] Level 1:colcon.colcon_core.package_discovery:discover_packages(ignore) discover
[0.783s] Level 1:colcon.colcon_core.package_discovery:discover_packages(ignore) using defaults
[0.783s] Level 1:colcon.colcon_core.package_discovery:discover_packages(path) discover
[0.783s] Level 1:colcon.colcon_core.package_discovery:discover_packages(path) using defaults
[0.844s] INFO:colcon.colcon_core.package_selection:Skipping not selected package 'enelsis_bringup' in 'src/enelsis_bringup'
[0.844s] INFO:colcon.colcon_core.package_selection:Skipping not selected package 'lidar_mavlink_bridge' in 'src/lidar_mavlink_bridge'
[0.844s] Level 1:colcon.colcon_core.package_discovery:discover_packages(prefix_path) check parameters
[0.844s] Level 1:colcon.colcon_core.package_discovery:discover_packages(prefix_path) discover
[0.858s] DEBUG:colcon.colcon_installed_package_information.package_discovery:Found 4 installed packages in /home/enelsis-pc/enelsis_moab_ws/install
[0.859s] DEBUG:colcon.colcon_installed_package_information.package_discovery:Found 1 installed packages in /home/enelsis-pc/ros2_ws/install
[0.859s] DEBUG:colcon.colcon_installed_package_information.package_discovery:Found 1 installed packages in /home/enelsis-pc/ydlidar_ros2_ws/install
[0.860s] DEBUG:colcon.colcon_installed_package_information.package_discovery:Found 5 installed packages in /home/enelsis-pc/mavlink_ws/install
[0.860s] DEBUG:colcon.colcon_installed_package_information.package_discovery:Found 2 installed packages in /home/enelsis-pc/harita_ws/install
[0.869s] DEBUG:colcon.colcon_installed_package_information.package_discovery:Found 346 installed packages in /home/enelsis-pc/ros2_humble/install
[0.872s] DEBUG:colcon.colcon_installed_package_information.package_discovery:Found 1 installed packages in /home/enelsis-pc/als_ros_ws/als_ros2/install
[0.873s] DEBUG:colcon.colcon_installed_package_information.package_discovery:Found 317 installed packages in /opt/ros/humble
[0.896s] Level 1:colcon.colcon_core.package_discovery:discover_packages(prefix_path) using defaults
[1.003s] Level 5:colcon.colcon_core.verb:set package 'rf2o_laser_odometry' build argument 'cmake_args' from command line to 'None'
[1.003s] Level 5:colcon.colcon_core.verb:set package 'rf2o_laser_odometry' build argument 'cmake_target' from command line to 'None'
[1.003s] Level 5:colcon.colcon_core.verb:set package 'rf2o_laser_odometry' build argument 'cmake_target_skip_unavailable' from command line to 'False'
[1.003s] Level 5:colcon.colcon_core.verb:set package 'rf2o_laser_odometry' build argument 'cmake_clean_cache' from command line to 'False'
[1.003s] Level 5:colcon.colcon_core.verb:set package 'rf2o_laser_odometry' build argument 'cmake_clean_first' from command line to 'False'
[1.003s] Level 5:colcon.colcon_core.verb:set package 'rf2o_laser_odometry' build argument 'cmake_force_configure' from command line to 'False'
[1.004s] Level 5:colcon.colcon_core.verb:set package 'rf2o_laser_odometry' build argument 'ament_cmake_args' from command line to 'None'
[1.004s] Level 5:colcon.colcon_core.verb:set package 'rf2o_laser_odometry' build argument 'catkin_cmake_args' from command line to 'None'
[1.004s] Level 5:colcon.colcon_core.verb:set package 'rf2o_laser_odometry' build argument 'catkin_skip_building_tests' from command line to 'False'
[1.004s] DEBUG:colcon.colcon_core.verb:Building package 'rf2o_laser_odometry' with the following arguments: {'ament_cmake_args': None, 'build_base': '/home/enelsis-pc/enelsis_moab_ws/build/rf2o_laser_odometry', 'catkin_cmake_args': None, 'catkin_skip_building_tests': False, 'cmake_args': None, 'cmake_clean_cache': False, 'cmake_clean_first': False, 'cmake_force_configure': False, 'cmake_target': None, 'cmake_target_skip_unavailable': False, 'install_base': '/home/enelsis-pc/enelsis_moab_ws/install/rf2o_laser_odometry', 'merge_install': False, 'path': '/home/enelsis-pc/enelsis_moab_ws/src/rf2o_laser_odometry', 'symlink_install': False, 'test_result_base': None}
[1.004s] Level 5:colcon.colcon_core.verb:set package 'ydlidar_ros2_driver' build argument 'cmake_args' from command line to 'None'
[1.004s] Level 5:colcon.colcon_core.verb:set package 'ydlidar_ros2_driver' build argument 'cmake_target' from command line to 'None'
[1.004s] Level 5:colcon.colcon_core.verb:set package 'ydlidar_ros2_driver' build argument 'cmake_target_skip_unavailable' from command line to 'False'
[1.004s] Level 5:colcon.colcon_core.verb:set package 'ydlidar_ros2_driver' build argument 'cmake_clean_cache' from command line to 'False'
[1.004s] Level 5:colcon.colcon_core.verb:set package 'ydlidar_ros2_driver' build argument 'cmake_clean_first' from command line to 'False'
[1.004s] Level 5:colcon.colcon_core.verb:set package 'ydlidar_ros2_driver' build argument 'cmake_force_configure' from command line to 'False'
[1.004s] Level 5:colcon.colcon_core.verb:set package 'ydlidar_ros2_driver' build argument 'ament_cmake_args' from command line to 'None'
[1.004s] Level 5:colcon.colcon_core.verb:set package 'ydlidar_ros2_driver' build argument 'catkin_cmake_args' from command line to 'None'
[1.005s] Level 5:colcon.colcon_core.verb:set package 'ydlidar_ros2_driver' build argument 'catkin_skip_building_tests' from command line to 'False'
[1.005s] DEBUG:colcon.colcon_core.verb:Building package 'ydlidar_ros2_driver' with the following arguments: {'ament_cmake_args': None, 'build_base': '/home/enelsis-pc/enelsis_moab_ws/build/ydlidar_ros2_driver', 'catkin_cmake_args': None, 'catkin_skip_building_tests': False, 'cmake_args': None, 'cmake_clean_cache': False, 'cmake_clean_first': False, 'cmake_force_configure': False, 'cmake_target': None, 'cmake_target_skip_unavailable': False, 'install_base': '/home/enelsis-pc/enelsis_moab_ws/install/ydlidar_ros2_driver', 'merge_install': False, 'path': '/home/enelsis-pc/enelsis_moab_ws/src/ydlidar_ros2_driver', 'symlink_install': False, 'test_result_base': None}
[1.005s] INFO:colcon.colcon_core.executor:Executing jobs using 'parallel' executor
[1.006s] DEBUG:colcon.colcon_parallel_executor.executor.parallel:run_until_complete
[1.006s] INFO:colcon.colcon_ros.task.ament_cmake.build:Building ROS package in '/home/enelsis-pc/enelsis_moab_ws/src/rf2o_laser_odometry' with build type 'ament_cmake'
[1.007s] INFO:colcon.colcon_cmake.task.cmake.build:Building CMake package in '/home/enelsis-pc/enelsis_moab_ws/src/rf2o_laser_odometry'
[1.014s] INFO:colcon.colcon_core.plugin_system:Skipping extension 'colcon_core.shell.bat': Not used on non-Windows systems
[1.015s] INFO:colcon.colcon_core.shell:Skip shell extension 'powershell' for command environment: Not usable outside of PowerShell
[1.015s] DEBUG:colcon.colcon_core.shell:Skip shell extension 'dsv' for command environment
[1.048s] INFO:colcon.colcon_ros.task.ament_cmake.build:Building ROS package in '/home/enelsis-pc/enelsis_moab_ws/src/ydlidar_ros2_driver' with build type 'ament_cmake'
[1.048s] INFO:colcon.colcon_cmake.task.cmake.build:Building CMake package in '/home/enelsis-pc/enelsis_moab_ws/src/ydlidar_ros2_driver'
[1.048s] INFO:colcon.colcon_core.shell:Skip shell extension 'powershell' for command environment: Not usable outside of PowerShell
[1.049s] DEBUG:colcon.colcon_core.shell:Skip shell extension 'dsv' for command environment
[1.092s] DEBUG:colcon.colcon_core.event_handler.log_command:Invoking command in '/home/enelsis-pc/enelsis_moab_ws/build/rf2o_laser_odometry': CMAKE_PREFIX_PATH=${CMAKE_PREFIX_PATH}:/home/enelsis-pc/enelsis_moab_ws/install/lidar_mavlink_bridge:/home/enelsis-pc/enelsis_moab_ws/install/enelsis_bringup:/home/enelsis-pc/mavlink_ws/install/lidar_mavlink_bridge:/home/enelsis-pc/ros2_humble/install/rqt_bag_plugins:/home/enelsis-pc/ros2_humble/install/rqt_bag:/home/enelsis-pc/ros2_humble/install/launch_testing_examples:/home/enelsis-pc/ros2_humble/install/ros2bag:/home/enelsis-pc/ros2_humble/install/tracetools_test:/home/enelsis-pc/ros2_humble/install/tracetools_launch:/home/enelsis-pc/ros2_humble/install/topic_monitor:/home/enelsis-pc/ros2_humble/install/tf2_tools:/home/enelsis-pc/ros2_humble/install/examples_tf2_py:/home/enelsis-pc/ros2_humble/install/tf2_ros_py:/home/enelsis-pc/ros2_humble/install/sros2:/home/enelsis-pc/ros2_humble/install/rqt_topic:/home/enelsis-pc/ros2_humble/install/rqt_srv:/home/enelsis-pc/ros2_humble/install/rqt_shell:/home/enelsis-pc/ros2_humble/install/rqt_service_caller:/home/enelsis-pc/ros2_humble/install/rqt_reconfigure:/home/enelsis-pc/ros2_humble/install/rqt_py_console:/home/enelsis-pc/ros2_humble/install/rqt_publisher:/home/enelsis-pc/ros2_humble/install/rqt_plot:/home/enelsis-pc/ros2_humble/install/rqt_action:/home/enelsis-pc/ros2_humble/install/rqt_msg:/home/enelsis-pc/ros2_humble/install/rqt_console:/home/enelsis-pc/ros2_humble/install/rqt:/home/enelsis-pc/ros2_humble/install/rqt_graph:/home/enelsis-pc/ros2_humble/install/rqt_gui_py:/home/enelsis-pc/ros2_humble/install/rqt_gui:/home/enelsis-pc/ros2_humble/install/ros2trace:/home/enelsis-pc/ros2_humble/install/ros2topic:/home/enelsis-pc/ros2_humble/install/ros2test:/home/enelsis-pc/ros2_humble/install/ros2component:/home/enelsis-pc/ros2_humble/install/ros2param:/home/enelsis-pc/ros2_humble/install/ros2lifecycle:/home/enelsis-pc/ros2_humble/install/ros2service:/home/enelsis-pc/ros2_humble/install/ros2run:/home/enelsis-pc/ros2_humble/install/ros2launch:/home/enelsis-pc/ros2_humble/install/ros2pkg:/home/enelsis-pc/ros2_humble/install/ros2node:/home/enelsis-pc/ros2_humble/install/ros2multicast:/home/enelsis-pc/ros2_humble/install/ros2interface:/home/enelsis-pc/ros2_humble/install/ros2doctor:/home/enelsis-pc/ros2_humble/install/ros2action:/home/enelsis-pc/ros2_humble/install/ros2cli:/home/enelsis-pc/ros2_humble/install/quality_of_service_demo_py:/home/enelsis-pc/ros2_humble/install/lifecycle_py:/home/enelsis-pc/ros2_humble/install/launch_testing_ros:/home/enelsis-pc/ros2_humble/install/launch_ros:/home/enelsis-pc/ros2_humble/install/examples_rclpy_pointcloud_publisher:/home/enelsis-pc/ros2_humble/install/examples_rclpy_minimal_subscriber:/home/enelsis-pc/ros2_humble/install/examples_rclpy_minimal_service:/home/enelsis-pc/ros2_humble/install/examples_rclpy_minimal_publisher:/home/enelsis-pc/ros2_humble/install/examples_rclpy_minimal_client:/home/enelsis-pc/ros2_humble/install/examples_rclpy_minimal_action_server:/home/enelsis-pc/ros2_humble/install/examples_rclpy_minimal_action_client:/home/enelsis-pc/ros2_humble/install/examples_rclpy_guard_conditions:/home/enelsis-pc/ros2_humble/install/examples_rclpy_executors:/home/enelsis-pc/ros2_humble/install/demo_nodes_py:/home/enelsis-pc/ros2_humble/install/camera_info_manager_py:/home/enelsis-pc/ros2_humble/install/action_tutorials_py:/home/enelsis-pc/ros2_humble/install/ament_uncrustify:/home/enelsis-pc/ros2_humble/install/tracetools_trace:/home/enelsis-pc/ros2_humble/install/tracetools_read:/home/enelsis-pc/ros2_humble/install/test_tracetools_launch:/home/enelsis-pc/ros2_humble/install/test_launch_ros:/home/enelsis-pc/ros2_humble/install/sensor_msgs_py:/home/enelsis-pc/ros2_humble/install/rpyutils:/home/enelsis-pc/ros2_humble/install/rosidl_runtime_py:/home/enelsis-pc/ros2_humble/install/rosidl_cli:/home/enelsis-pc/ros2_humble/install/launch_pytest:/home/enelsis-pc/ros2_humble/install/launch_testing:/home/enelsis-pc/ros2_humble/install/launch_yaml:/home/enelsis-pc/ros2_humble/install/launch_xml:/home/enelsis-pc/ros2_humble/install/launch:/home/enelsis-pc/ros2_humble/install/osrf_pycommon:/home/enelsis-pc/ros2_humble/install/domain_coordinator:/home/enelsis-pc/ros2_humble/install/ament_xmllint:/home/enelsis-pc/ros2_humble/install/ament_pyflakes:/home/enelsis-pc/ros2_humble/install/ament_pycodestyle:/home/enelsis-pc/ros2_humble/install/ament_pep257:/home/enelsis-pc/ros2_humble/install/ament_pclint:/home/enelsis-pc/ros2_humble/install/ament_package:/home/enelsis-pc/ros2_humble/install/ament_mypy:/home/enelsis-pc/ros2_humble/install/ament_lint_cmake:/home/enelsis-pc/ros2_humble/install/ament_flake8:/home/enelsis-pc/ros2_humble/install/ament_copyright:/home/enelsis-pc/ros2_humble/install/ament_lint:/home/enelsis-pc/ros2_humble/install/ament_index_python:/home/enelsis-pc/ros2_humble/install/ament_cpplint:/home/enelsis-pc/ros2_humble/install/ament_cppcheck:/home/enelsis-pc/ros2_humble/install/ament_clang_tidy:/home/enelsis-pc/ros2_humble/install/ament_clang_format:/opt/ros/humble /usr/bin/cmake --build /home/enelsis-pc/enelsis_moab_ws/build/rf2o_laser_odometry -- -j8 -l8
[1.110s] DEBUG:colcon.colcon_core.event_handler.log_command:Invoking command in '/home/enelsis-pc/enelsis_moab_ws/build/ydlidar_ros2_driver': CMAKE_PREFIX_PATH=${CMAKE_PREFIX_PATH}:/home/enelsis-pc/enelsis_moab_ws/install/lidar_mavlink_bridge:/home/enelsis-pc/enelsis_moab_ws/install/enelsis_bringup:/home/enelsis-pc/mavlink_ws/install/lidar_mavlink_bridge:/home/enelsis-pc/ros2_humble/install/rqt_bag_plugins:/home/enelsis-pc/ros2_humble/install/rqt_bag:/home/enelsis-pc/ros2_humble/install/launch_testing_examples:/home/enelsis-pc/ros2_humble/install/ros2bag:/home/enelsis-pc/ros2_humble/install/tracetools_test:/home/enelsis-pc/ros2_humble/install/tracetools_launch:/home/enelsis-pc/ros2_humble/install/topic_monitor:/home/enelsis-pc/ros2_humble/install/tf2_tools:/home/enelsis-pc/ros2_humble/install/examples_tf2_py:/home/enelsis-pc/ros2_humble/install/tf2_ros_py:/home/enelsis-pc/ros2_humble/install/sros2:/home/enelsis-pc/ros2_humble/install/rqt_topic:/home/enelsis-pc/ros2_humble/install/rqt_srv:/home/enelsis-pc/ros2_humble/install/rqt_shell:/home/enelsis-pc/ros2_humble/install/rqt_service_caller:/home/enelsis-pc/ros2_humble/install/rqt_reconfigure:/home/enelsis-pc/ros2_humble/install/rqt_py_console:/home/enelsis-pc/ros2_humble/install/rqt_publisher:/home/enelsis-pc/ros2_humble/install/rqt_plot:/home/enelsis-pc/ros2_humble/install/rqt_action:/home/enelsis-pc/ros2_humble/install/rqt_msg:/home/enelsis-pc/ros2_humble/install/rqt_console:/home/enelsis-pc/ros2_humble/install/rqt:/home/enelsis-pc/ros2_humble/install/rqt_graph:/home/enelsis-pc/ros2_humble/install/rqt_gui_py:/home/enelsis-pc/ros2_humble/install/rqt_gui:/home/enelsis-pc/ros2_humble/install/ros2trace:/home/enelsis-pc/ros2_humble/install/ros2topic:/home/enelsis-pc/ros2_humble/install/ros2test:/home/enelsis-pc/ros2_humble/install/ros2component:/home/enelsis-pc/ros2_humble/install/ros2param:/home/enelsis-pc/ros2_humble/install/ros2lifecycle:/home/enelsis-pc/ros2_humble/install/ros2service:/home/enelsis-pc/ros2_humble/install/ros2run:/home/enelsis-pc/ros2_humble/install/ros2launch:/home/enelsis-pc/ros2_humble/install/ros2pkg:/home/enelsis-pc/ros2_humble/install/ros2node:/home/enelsis-pc/ros2_humble/install/ros2multicast:/home/enelsis-pc/ros2_humble/install/ros2interface:/home/enelsis-pc/ros2_humble/install/ros2doctor:/home/enelsis-pc/ros2_humble/install/ros2action:/home/enelsis-pc/ros2_humble/install/ros2cli:/home/enelsis-pc/ros2_humble/install/quality_of_service_demo_py:/home/enelsis-pc/ros2_humble/install/lifecycle_py:/home/enelsis-pc/ros2_humble/install/launch_testing_ros:/home/enelsis-pc/ros2_humble/install/launch_ros:/home/enelsis-pc/ros2_humble/install/examples_rclpy_pointcloud_publisher:/home/enelsis-pc/ros2_humble/install/examples_rclpy_minimal_subscriber:/home/enelsis-pc/ros2_humble/install/examples_rclpy_minimal_service:/home/enelsis-pc/ros2_humble/install/examples_rclpy_minimal_publisher:/home/enelsis-pc/ros2_humble/install/examples_rclpy_minimal_client:/home/enelsis-pc/ros2_humble/install/examples_rclpy_minimal_action_server:/home/enelsis-pc/ros2_humble/install/examples_rclpy_minimal_action_client:/home/enelsis-pc/ros2_humble/install/examples_rclpy_guard_conditions:/home/enelsis-pc/ros2_humble/install/examples_rclpy_executors:/home/enelsis-pc/ros2_humble/install/demo_nodes_py:/home/enelsis-pc/ros2_humble/install/camera_info_manager_py:/home/enelsis-pc/ros2_humble/install/action_tutorials_py:/home/enelsis-pc/ros2_humble/install/ament_uncrustify:/home/enelsis-pc/ros2_humble/install/tracetools_trace:/home/enelsis-pc/ros2_humble/install/tracetools_read:/home/enelsis-pc/ros2_humble/install/test_tracetools_launch:/home/enelsis-pc/ros2_humble/install/test_launch_ros:/home/enelsis-pc/ros2_humble/install/sensor_msgs_py:/home/enelsis-pc/ros2_humble/install/rpyutils:/home/enelsis-pc/ros2_humble/install/rosidl_runtime_py:/home/enelsis-pc/ros2_humble/install/rosidl_cli:/home/enelsis-pc/ros2_humble/install/launch_pytest:/home/enelsis-pc/ros2_humble/install/launch_testing:/home/enelsis-pc/ros2_humble/install/launch_yaml:/home/enelsis-pc/ros2_humble/install/launch_xml:/home/enelsis-pc/ros2_humble/install/launch:/home/enelsis-pc/ros2_humble/install/osrf_pycommon:/home/enelsis-pc/ros2_humble/install/domain_coordinator:/home/enelsis-pc/ros2_humble/install/ament_xmllint:/home/enelsis-pc/ros2_humble/install/ament_pyflakes:/home/enelsis-pc/ros2_humble/install/ament_pycodestyle:/home/enelsis-pc/ros2_humble/install/ament_pep257:/home/enelsis-pc/ros2_humble/install/ament_pclint:/home/enelsis-pc/ros2_humble/install/ament_package:/home/enelsis-pc/ros2_humble/install/ament_mypy:/home/enelsis-pc/ros2_humble/install/ament_lint_cmake:/home/enelsis-pc/ros2_humble/install/ament_flake8:/home/enelsis-pc/ros2_humble/install/ament_copyright:/home/enelsis-pc/ros2_humble/install/ament_lint:/home/enelsis-pc/ros2_humble/install/ament_index_python:/home/enelsis-pc/ros2_humble/install/ament_cpplint:/home/enelsis-pc/ros2_humble/install/ament_cppcheck:/home/enelsis-pc/ros2_humble/install/ament_clang_tidy:/home/enelsis-pc/ros2_humble/install/ament_clang_format:/opt/ros/humble /usr/bin/cmake --build /home/enelsis-pc/enelsis_moab_ws/build/ydlidar_ros2_driver -- -j8 -l8
[1.367s] DEBUG:colcon.colcon_core.event_handler.log_command:Invoked command in '/home/enelsis-pc/enelsis_moab_ws/build/rf2o_laser_odometry' returned '0': CMAKE_PREFIX_PATH=${CMAKE_PREFIX_PATH}:/home/enelsis-pc/enelsis_moab_ws/install/lidar_mavlink_bridge:/home/enelsis-pc/enelsis_moab_ws/install/enelsis_bringup:/home/enelsis-pc/mavlink_ws/install/lidar_mavlink_bridge:/home/enelsis-pc/ros2_humble/install/rqt_bag_plugins:/home/enelsis-pc/ros2_humble/install/rqt_bag:/home/enelsis-pc/ros2_humble/install/launch_testing_examples:/home/enelsis-pc/ros2_humble/install/ros2bag:/home/enelsis-pc/ros2_humble/install/tracetools_test:/home/enelsis-pc/ros2_humble/install/tracetools_launch:/home/enelsis-pc/ros2_humble/install/topic_monitor:/home/enelsis-pc/ros2_humble/install/tf2_tools:/home/enelsis-pc/ros2_humble/install/examples_tf2_py:/home/enelsis-pc/ros2_humble/install/tf2_ros_py:/home/enelsis-pc/ros2_humble/install/sros2:/home/enelsis-pc/ros2_humble/install/rqt_topic:/home/enelsis-pc/ros2_humble/install/rqt_srv:/home/enelsis-pc/ros2_humble/install/rqt_shell:/home/enelsis-pc/ros2_humble/install/rqt_service_caller:/home/enelsis-pc/ros2_humble/install/rqt_reconfigure:/home/enelsis-pc/ros2_humble/install/rqt_py_console:/home/enelsis-pc/ros2_humble/install/rqt_publisher:/home/enelsis-pc/ros2_humble/install/rqt_plot:/home/enelsis-pc/ros2_humble/install/rqt_action:/home/enelsis-pc/ros2_humble/install/rqt_msg:/home/enelsis-pc/ros2_humble/install/rqt_console:/home/enelsis-pc/ros2_humble/install/rqt:/home/enelsis-pc/ros2_humble/install/rqt_graph:/home/enelsis-pc/ros2_humble/install/rqt_gui_py:/home/enelsis-pc/ros2_humble/install/rqt_gui:/home/enelsis-pc/ros2_humble/install/ros2trace:/home/enelsis-pc/ros2_humble/install/ros2topic:/home/enelsis-pc/ros2_humble/install/ros2test:/home/enelsis-pc/ros2_humble/install/ros2component:/home/enelsis-pc/ros2_humble/install/ros2param:/home/enelsis-pc/ros2_humble/install/ros2lifecycle:/home/enelsis-pc/ros2_humble/install/ros2service:/home/enelsis-pc/ros2_humble/install/ros2run:/home/enelsis-pc/ros2_humble/install/ros2launch:/home/enelsis-pc/ros2_humble/install/ros2pkg:/home/enelsis-pc/ros2_humble/install/ros2node:/home/enelsis-pc/ros2_humble/install/ros2multicast:/home/enelsis-pc/ros2_humble/install/ros2interface:/home/enelsis-pc/ros2_humble/install/ros2doctor:/home/enelsis-pc/ros2_humble/install/ros2action:/home/enelsis-pc/ros2_humble/install/ros2cli:/home/enelsis-pc/ros2_humble/install/quality_of_service_demo_py:/home/enelsis-pc/ros2_humble/install/lifecycle_py:/home/enelsis-pc/ros2_humble/install/launch_testing_ros:/home/enelsis-pc/ros2_humble/install/launch_ros:/home/enelsis-pc/ros2_humble/install/examples_rclpy_pointcloud_publisher:/home/enelsis-pc/ros2_humble/install/examples_rclpy_minimal_subscriber:/home/enelsis-pc/ros2_humble/install/examples_rclpy_minimal_service:/home/enelsis-pc/ros2_humble/install/examples_rclpy_minimal_publisher:/home/enelsis-pc/ros2_humble/install/examples_rclpy_minimal_client:/home/enelsis-pc/ros2_humble/install/examples_rclpy_minimal_action_server:/home/enelsis-pc/ros2_humble/install/examples_rclpy_minimal_action_client:/home/enelsis-pc/ros2_humble/install/examples_rclpy_guard_conditions:/home/enelsis-pc/ros2_humble/install/examples_rclpy_executors:/home/enelsis-pc/ros2_humble/install/demo_nodes_py:/home/enelsis-pc/ros2_humble/install/camera_info_manager_py:/home/enelsis-pc/ros2_humble/install/action_tutorials_py:/home/enelsis-pc/ros2_humble/install/ament_uncrustify:/home/enelsis-pc/ros2_humble/install/tracetools_trace:/home/enelsis-pc/ros2_humble/install/tracetools_read:/home/enelsis-pc/ros2_humble/install/test_tracetools_launch:/home/enelsis-pc/ros2_humble/install/test_launch_ros:/home/enelsis-pc/ros2_humble/install/sensor_msgs_py:/home/enelsis-pc/ros2_humble/install/rpyutils:/home/enelsis-pc/ros2_humble/install/rosidl_runtime_py:/home/enelsis-pc/ros2_humble/install/rosidl_cli:/home/enelsis-pc/ros2_humble/install/launch_pytest:/home/enelsis-pc/ros2_humble/install/launch_testing:/home/enelsis-pc/ros2_humble/install/launch_yaml:/home/enelsis-pc/ros2_humble/install/launch_xml:/home/enelsis-pc/ros2_humble/install/launch:/home/enelsis-pc/ros2_humble/install/osrf_pycommon:/home/enelsis-pc/ros2_humble/install/domain_coordinator:/home/enelsis-pc/ros2_humble/install/ament_xmllint:/home/enelsis-pc/ros2_humble/install/ament_pyflakes:/home/enelsis-pc/ros2_humble/install/ament_pycodestyle:/home/enelsis-pc/ros2_humble/install/ament_pep257:/home/enelsis-pc/ros2_humble/install/ament_pclint:/home/enelsis-pc/ros2_humble/install/ament_package:/home/enelsis-pc/ros2_humble/install/ament_mypy:/home/enelsis-pc/ros2_humble/install/ament_lint_cmake:/home/enelsis-pc/ros2_humble/install/ament_flake8:/home/enelsis-pc/ros2_humble/install/ament_copyright:/home/enelsis-pc/ros2_humble/install/ament_lint:/home/enelsis-pc/ros2_humble/install/ament_index_python:/home/enelsis-pc/ros2_humble/install/ament_cpplint:/home/enelsis-pc/ros2_humble/install/ament_cppcheck:/home/enelsis-pc/ros2_humble/install/ament_clang_tidy:/home/enelsis-pc/ros2_humble/install/ament_clang_format:/opt/ros/humble /usr/bin/cmake --build /home/enelsis-pc/enelsis_moab_ws/build/rf2o_laser_odometry -- -j8 -l8
[1.397s] DEBUG:colcon.colcon_core.event_handler.log_command:Invoking command in '/home/enelsis-pc/enelsis_moab_ws/build/rf2o_laser_odometry': CMAKE_PREFIX_PATH=${CMAKE_PREFIX_PATH}:/home/enelsis-pc/enelsis_moab_ws/install/lidar_mavlink_bridge:/home/enelsis-pc/enelsis_moab_ws/install/enelsis_bringup:/home/enelsis-pc/mavlink_ws/install/lidar_mavlink_bridge:/home/enelsis-pc/ros2_humble/install/rqt_bag_plugins:/home/enelsis-pc/ros2_humble/install/rqt_bag:/home/enelsis-pc/ros2_humble/install/launch_testing_examples:/home/enelsis-pc/ros2_humble/install/ros2bag:/home/enelsis-pc/ros2_humble/install/tracetools_test:/home/enelsis-pc/ros2_humble/install/tracetools_launch:/home/enelsis-pc/ros2_humble/install/topic_monitor:/home/enelsis-pc/ros2_humble/install/tf2_tools:/home/enelsis-pc/ros2_humble/install/examples_tf2_py:/home/enelsis-pc/ros2_humble/install/tf2_ros_py:/home/enelsis-pc/ros2_humble/install/sros2:/home/enelsis-pc/ros2_humble/install/rqt_topic:/home/enelsis-pc/ros2_humble/install/rqt_srv:/home/enelsis-pc/ros2_humble/install/rqt_shell:/home/enelsis-pc/ros2_humble/install/rqt_service_caller:/home/enelsis-pc/ros2_humble/install/rqt_reconfigure:/home/enelsis-pc/ros2_humble/install/rqt_py_console:/home/enelsis-pc/ros2_humble/install/rqt_publisher:/home/enelsis-pc/ros2_humble/install/rqt_plot:/home/enelsis-pc/ros2_humble/install/rqt_action:/home/enelsis-pc/ros2_humble/install/rqt_msg:/home/enelsis-pc/ros2_humble/install/rqt_console:/home/enelsis-pc/ros2_humble/install/rqt:/home/enelsis-pc/ros2_humble/install/rqt_graph:/home/enelsis-pc/ros2_humble/install/rqt_gui_py:/home/enelsis-pc/ros2_humble/install/rqt_gui:/home/enelsis-pc/ros2_humble/install/ros2trace:/home/enelsis-pc/ros2_humble/install/ros2topic:/home/enelsis-pc/ros2_humble/install/ros2test:/home/enelsis-pc/ros2_humble/install/ros2component:/home/enelsis-pc/ros2_humble/install/ros2param:/home/enelsis-pc/ros2_humble/install/ros2lifecycle:/home/enelsis-pc/ros2_humble/install/ros2service:/home/enelsis-pc/ros2_humble/install/ros2run:/home/enelsis-pc/ros2_humble/install/ros2launch:/home/enelsis-pc/ros2_humble/install/ros2pkg:/home/enelsis-pc/ros2_humble/install/ros2node:/home/enelsis-pc/ros2_humble/install/ros2multicast:/home/enelsis-pc/ros2_humble/install/ros2interface:/home/enelsis-pc/ros2_humble/install/ros2doctor:/home/enelsis-pc/ros2_humble/install/ros2action:/home/enelsis-pc/ros2_humble/install/ros2cli:/home/enelsis-pc/ros2_humble/install/quality_of_service_demo_py:/home/enelsis-pc/ros2_humble/install/lifecycle_py:/home/enelsis-pc/ros2_humble/install/launch_testing_ros:/home/enelsis-pc/ros2_humble/install/launch_ros:/home/enelsis-pc/ros2_humble/install/examples_rclpy_pointcloud_publisher:/home/enelsis-pc/ros2_humble/install/examples_rclpy_minimal_subscriber:/home/enelsis-pc/ros2_humble/install/examples_rclpy_minimal_service:/home/enelsis-pc/ros2_humble/install/examples_rclpy_minimal_publisher:/home/enelsis-pc/ros2_humble/install/examples_rclpy_minimal_client:/home/enelsis-pc/ros2_humble/install/examples_rclpy_minimal_action_server:/home/enelsis-pc/ros2_humble/install/examples_rclpy_minimal_action_client:/home/enelsis-pc/ros2_humble/install/examples_rclpy_guard_conditions:/home/enelsis-pc/ros2_humble/install/examples_rclpy_executors:/home/enelsis-pc/ros2_humble/install/demo_nodes_py:/home/enelsis-pc/ros2_humble/install/camera_info_manager_py:/home/enelsis-pc/ros2_humble/install/action_tutorials_py:/home/enelsis-pc/ros2_humble/install/ament_uncrustify:/home/enelsis-pc/ros2_humble/install/tracetools_trace:/home/enelsis-pc/ros2_humble/install/tracetools_read:/home/enelsis-pc/ros2_humble/install/test_tracetools_launch:/home/enelsis-pc/ros2_humble/install/test_launch_ros:/home/enelsis-pc/ros2_humble/install/sensor_msgs_py:/home/enelsis-pc/ros2_humble/install/rpyutils:/home/enelsis-pc/ros2_humble/install/rosidl_runtime_py:/home/enelsis-pc/ros2_humble/install/rosidl_cli:/home/enelsis-pc/ros2_humble/install/launch_pytest:/home/enelsis-pc/ros2_humble/install/launch_testing:/home/enelsis-pc/ros2_humble/install/launch_yaml:/home/enelsis-pc/ros2_humble/install/launch_xml:/home/enelsis-pc/ros2_humble/install/launch:/home/enelsis-pc/ros2_humble/install/osrf_pycommon:/home/enelsis-pc/ros2_humble/install/domain_coordinator:/home/enelsis-pc/ros2_humble/install/ament_xmllint:/home/enelsis-pc/ros2_humble/install/ament_pyflakes:/home/enelsis-pc/ros2_humble/install/ament_pycodestyle:/home/enelsis-pc/ros2_humble/install/ament_pep257:/home/enelsis-pc/ros2_humble/install/ament_pclint:/home/enelsis-pc/ros2_humble/install/ament_package:/home/enelsis-pc/ros2_humble/install/ament_mypy:/home/enelsis-pc/ros2_humble/install/ament_lint_cmake:/home/enelsis-pc/ros2_humble/install/ament_flake8:/home/enelsis-pc/ros2_humble/install/ament_copyright:/home/enelsis-pc/ros2_humble/install/ament_lint:/home/enelsis-pc/ros2_humble/install/ament_index_python:/home/enelsis-pc/ros2_humble/install/ament_cpplint:/home/enelsis-pc/ros2_humble/install/ament_cppcheck:/home/enelsis-pc/ros2_humble/install/ament_clang_tidy:/home/enelsis-pc/ros2_humble/install/ament_clang_format:/opt/ros/humble /usr/bin/cmake --install /home/enelsis-pc/enelsis_moab_ws/build/rf2o_laser_odometry
[1.398s] DEBUG:colcon.colcon_core.event_handler.log_command:Invoked command in '/home/enelsis-pc/enelsis_moab_ws/build/ydlidar_ros2_driver' returned '0': CMAKE_PREFIX_PATH=${CMAKE_PREFIX_PATH}:/home/enelsis-pc/enelsis_moab_ws/install/lidar_mavlink_bridge:/home/enelsis-pc/enelsis_moab_ws/install/enelsis_bringup:/home/enelsis-pc/mavlink_ws/install/lidar_mavlink_bridge:/home/enelsis-pc/ros2_humble/install/rqt_bag_plugins:/home/enelsis-pc/ros2_humble/install/rqt_bag:/home/enelsis-pc/ros2_humble/install/launch_testing_examples:/home/enelsis-pc/ros2_humble/install/ros2bag:/home/enelsis-pc/ros2_humble/install/tracetools_test:/home/enelsis-pc/ros2_humble/install/tracetools_launch:/home/enelsis-pc/ros2_humble/install/topic_monitor:/home/enelsis-pc/ros2_humble/install/tf2_tools:/home/enelsis-pc/ros2_humble/install/examples_tf2_py:/home/enelsis-pc/ros2_humble/install/tf2_ros_py:/home/enelsis-pc/ros2_humble/install/sros2:/home/enelsis-pc/ros2_humble/install/rqt_topic:/home/enelsis-pc/ros2_humble/install/rqt_srv:/home/enelsis-pc/ros2_humble/install/rqt_shell:/home/enelsis-pc/ros2_humble/install/rqt_service_caller:/home/enelsis-pc/ros2_humble/install/rqt_reconfigure:/home/enelsis-pc/ros2_humble/install/rqt_py_console:/home/enelsis-pc/ros2_humble/install/rqt_publisher:/home/enelsis-pc/ros2_humble/install/rqt_plot:/home/enelsis-pc/ros2_humble/install/rqt_action:/home/enelsis-pc/ros2_humble/install/rqt_msg:/home/enelsis-pc/ros2_humble/install/rqt_console:/home/enelsis-pc/ros2_humble/install/rqt:/home/enelsis-pc/ros2_humble/install/rqt_graph:/home/enelsis-pc/ros2_humble/install/rqt_gui_py:/home/enelsis-pc/ros2_humble/install/rqt_gui:/home/enelsis-pc/ros2_humble/install/ros2trace:/home/enelsis-pc/ros2_humble/install/ros2topic:/home/enelsis-pc/ros2_humble/install/ros2test:/home/enelsis-pc/ros2_humble/install/ros2component:/home/enelsis-pc/ros2_humble/install/ros2param:/home/enelsis-pc/ros2_humble/install/ros2lifecycle:/home/enelsis-pc/ros2_humble/install/ros2service:/home/enelsis-pc/ros2_humble/install/ros2run:/home/enelsis-pc/ros2_humble/install/ros2launch:/home/enelsis-pc/ros2_humble/install/ros2pkg:/home/enelsis-pc/ros2_humble/install/ros2node:/home/enelsis-pc/ros2_humble/install/ros2multicast:/home/enelsis-pc/ros2_humble/install/ros2interface:/home/enelsis-pc/ros2_humble/install/ros2doctor:/home/enelsis-pc/ros2_humble/install/ros2action:/home/enelsis-pc/ros2_humble/install/ros2cli:/home/enelsis-pc/ros2_humble/install/quality_of_service_demo_py:/home/enelsis-pc/ros2_humble/install/lifecycle_py:/home/enelsis-pc/ros2_humble/install/launch_testing_ros:/home/enelsis-pc/ros2_humble/install/launch_ros:/home/enelsis-pc/ros2_humble/install/examples_rclpy_pointcloud_publisher:/home/enelsis-pc/ros2_humble/install/examples_rclpy_minimal_subscriber:/home/enelsis-pc/ros2_humble/install/examples_rclpy_minimal_service:/home/enelsis-pc/ros2_humble/install/examples_rclpy_minimal_publisher:/home/enelsis-pc/ros2_humble/install/examples_rclpy_minimal_client:/home/enelsis-pc/ros2_humble/install/examples_rclpy_minimal_action_server:/home/enelsis-pc/ros2_humble/install/examples_rclpy_minimal_action_client:/home/enelsis-pc/ros2_humble/install/examples_rclpy_guard_conditions:/home/enelsis-pc/ros2_humble/install/examples_rclpy_executors:/home/enelsis-pc/ros2_humble/install/demo_nodes_py:/home/enelsis-pc/ros2_humble/install/camera_info_manager_py:/home/enelsis-pc/ros2_humble/install/action_tutorials_py:/home/enelsis-pc/ros2_humble/install/ament_uncrustify:/home/enelsis-pc/ros2_humble/install/tracetools_trace:/home/enelsis-pc/ros2_humble/install/tracetools_read:/home/enelsis-pc/ros2_humble/install/test_tracetools_launch:/home/enelsis-pc/ros2_humble/install/test_launch_ros:/home/enelsis-pc/ros2_humble/install/sensor_msgs_py:/home/enelsis-pc/ros2_humble/install/rpyutils:/home/enelsis-pc/ros2_humble/install/rosidl_runtime_py:/home/enelsis-pc/ros2_humble/install/rosidl_cli:/home/enelsis-pc/ros2_humble/install/launch_pytest:/home/enelsis-pc/ros2_humble/install/launch_testing:/home/enelsis-pc/ros2_humble/install/launch_yaml:/home/enelsis-pc/ros2_humble/install/launch_xml:/home/enelsis-pc/ros2_humble/install/launch:/home/enelsis-pc/ros2_humble/install/osrf_pycommon:/home/enelsis-pc/ros2_humble/install/domain_coordinator:/home/enelsis-pc/ros2_humble/install/ament_xmllint:/home/enelsis-pc/ros2_humble/install/ament_pyflakes:/home/enelsis-pc/ros2_humble/install/ament_pycodestyle:/home/enelsis-pc/ros2_humble/install/ament_pep257:/home/enelsis-pc/ros2_humble/install/ament_pclint:/home/enelsis-pc/ros2_humble/install/ament_package:/home/enelsis-pc/ros2_humble/install/ament_mypy:/home/enelsis-pc/ros2_humble/install/ament_lint_cmake:/home/enelsis-pc/ros2_humble/install/ament_flake8:/home/enelsis-pc/ros2_humble/install/ament_copyright:/home/enelsis-pc/ros2_humble/install/ament_lint:/home/enelsis-pc/ros2_humble/install/ament_index_python:/home/enelsis-pc/ros2_humble/install/ament_cpplint:/home/enelsis-pc/ros2_humble/install/ament_cppcheck:/home/enelsis-pc/ros2_humble/install/ament_clang_tidy:/home/enelsis-pc/ros2_humble/install/ament_clang_format:/opt/ros/humble /usr/bin/cmake --build /home/enelsis-pc/enelsis_moab_ws/build/ydlidar_ros2_driver -- -j8 -l8
[1.400s] DEBUG:colcon.colcon_core.event_handler.log_command:Invoking command in '/home/enelsis-pc/enelsis_moab_ws/build/ydlidar_ros2_driver': CMAKE_PREFIX_PATH=${CMAKE_PREFIX_PATH}:/home/enelsis-pc/enelsis_moab_ws/install/lidar_mavlink_bridge:/home/enelsis-pc/enelsis_moab_ws/install/enelsis_bringup:/home/enelsis-pc/mavlink_ws/install/lidar_mavlink_bridge:/home/enelsis-pc/ros2_humble/install/rqt_bag_plugins:/home/enelsis-pc/ros2_humble/install/rqt_bag:/home/enelsis-pc/ros2_humble/install/launch_testing_examples:/home/enelsis-pc/ros2_humble/install/ros2bag:/home/enelsis-pc/ros2_humble/install/tracetools_test:/home/enelsis-pc/ros2_humble/install/tracetools_launch:/home/enelsis-pc/ros2_humble/install/topic_monitor:/home/enelsis-pc/ros2_humble/install/tf2_tools:/home/enelsis-pc/ros2_humble/install/examples_tf2_py:/home/enelsis-pc/ros2_humble/install/tf2_ros_py:/home/enelsis-pc/ros2_humble/install/sros2:/home/enelsis-pc/ros2_humble/install/rqt_topic:/home/enelsis-pc/ros2_humble/install/rqt_srv:/home/enelsis-pc/ros2_humble/install/rqt_shell:/home/enelsis-pc/ros2_humble/install/rqt_service_caller:/home/enelsis-pc/ros2_humble/install/rqt_reconfigure:/home/enelsis-pc/ros2_humble/install/rqt_py_console:/home/enelsis-pc/ros2_humble/install/rqt_publisher:/home/enelsis-pc/ros2_humble/install/rqt_plot:/home/enelsis-pc/ros2_humble/install/rqt_action:/home/enelsis-pc/ros2_humble/install/rqt_msg:/home/enelsis-pc/ros2_humble/install/rqt_console:/home/enelsis-pc/ros2_humble/install/rqt:/home/enelsis-pc/ros2_humble/install/rqt_graph:/home/enelsis-pc/ros2_humble/install/rqt_gui_py:/home/enelsis-pc/ros2_humble/install/rqt_gui:/home/enelsis-pc/ros2_humble/install/ros2trace:/home/enelsis-pc/ros2_humble/install/ros2topic:/home/enelsis-pc/ros2_humble/install/ros2test:/home/enelsis-pc/ros2_humble/install/ros2component:/home/enelsis-pc/ros2_humble/install/ros2param:/home/enelsis-pc/ros2_humble/install/ros2lifecycle:/home/enelsis-pc/ros2_humble/install/ros2service:/home/enelsis-pc/ros2_humble/install/ros2run:/home/enelsis-pc/ros2_humble/install/ros2launch:/home/enelsis-pc/ros2_humble/install/ros2pkg:/home/enelsis-pc/ros2_humble/install/ros2node:/home/enelsis-pc/ros2_humble/install/ros2multicast:/home/enelsis-pc/ros2_humble/install/ros2interface:/home/enelsis-pc/ros2_humble/install/ros2doctor:/home/enelsis-pc/ros2_humble/install/ros2action:/home/enelsis-pc/ros2_humble/install/ros2cli:/home/enelsis-pc/ros2_humble/install/quality_of_service_demo_py:/home/enelsis-pc/ros2_humble/install/lifecycle_py:/home/enelsis-pc/ros2_humble/install/launch_testing_ros:/home/enelsis-pc/ros2_humble/install/launch_ros:/home/enelsis-pc/ros2_humble/install/examples_rclpy_pointcloud_publisher:/home/enelsis-pc/ros2_humble/install/examples_rclpy_minimal_subscriber:/home/enelsis-pc/ros2_humble/install/examples_rclpy_minimal_service:/home/enelsis-pc/ros2_humble/install/examples_rclpy_minimal_publisher:/home/enelsis-pc/ros2_humble/install/examples_rclpy_minimal_client:/home/enelsis-pc/ros2_humble/install/examples_rclpy_minimal_action_server:/home/enelsis-pc/ros2_humble/install/examples_rclpy_minimal_action_client:/home/enelsis-pc/ros2_humble/install/examples_rclpy_guard_conditions:/home/enelsis-pc/ros2_humble/install/examples_rclpy_executors:/home/enelsis-pc/ros2_humble/install/demo_nodes_py:/home/enelsis-pc/ros2_humble/install/camera_info_manager_py:/home/enelsis-pc/ros2_humble/install/action_tutorials_py:/home/enelsis-pc/ros2_humble/install/ament_uncrustify:/home/enelsis-pc/ros2_humble/install/tracetools_trace:/home/enelsis-pc/ros2_humble/install/tracetools_read:/home/enelsis-pc/ros2_humble/install/test_tracetools_launch:/home/enelsis-pc/ros2_humble/install/test_launch_ros:/home/enelsis-pc/ros2_humble/install/sensor_msgs_py:/home/enelsis-pc/ros2_humble/install/rpyutils:/home/enelsis-pc/ros2_humble/install/rosidl_runtime_py:/home/enelsis-pc/ros2_humble/install/rosidl_cli:/home/enelsis-pc/ros2_humble/install/launch_pytest:/home/enelsis-pc/ros2_humble/install/launch_testing:/home/enelsis-pc/ros2_humble/install/launch_yaml:/home/enelsis-pc/ros2_humble/install/launch_xml:/home/enelsis-pc/ros2_humble/install/launch:/home/enelsis-pc/ros2_humble/install/osrf_pycommon:/home/enelsis-pc/ros2_humble/install/domain_coordinator:/home/enelsis-pc/ros2_humble/install/ament_xmllint:/home/enelsis-pc/ros2_humble/install/ament_pyflakes:/home/enelsis-pc/ros2_humble/install/ament_pycodestyle:/home/enelsis-pc/ros2_humble/install/ament_pep257:/home/enelsis-pc/ros2_humble/install/ament_pclint:/home/enelsis-pc/ros2_humble/install/ament_package:/home/enelsis-pc/ros2_humble/install/ament_mypy:/home/enelsis-pc/ros2_humble/install/ament_lint_cmake:/home/enelsis-pc/ros2_humble/install/ament_flake8:/home/enelsis-pc/ros2_humble/install/ament_copyright:/home/enelsis-pc/ros2_humble/install/ament_lint:/home/enelsis-pc/ros2_humble/install/ament_index_python:/home/enelsis-pc/ros2_humble/install/ament_cpplint:/home/enelsis-pc/ros2_humble/install/ament_cppcheck:/home/enelsis-pc/ros2_humble/install/ament_clang_tidy:/home/enelsis-pc/ros2_humble/install/ament_clang_format:/opt/ros/humble /usr/bin/cmake --install /home/enelsis-pc/enelsis_moab_ws/build/ydlidar_ros2_driver
[1.471s] Level 1:colcon.colcon_core.environment:create_environment_scripts_only(rf2o_laser_odometry)
[1.472s] DEBUG:colcon.colcon_core.event_handler.log_command:Invoked command in '/home/enelsis-pc/enelsis_moab_ws/build/rf2o_laser_odometry' returned '0': CMAKE_PREFIX_PATH=${CMAKE_PREFIX_PATH}:/home/enelsis-pc/enelsis_moab_ws/install/lidar_mavlink_bridge:/home/enelsis-pc/enelsis_moab_ws/install/enelsis_bringup:/home/enelsis-pc/mavlink_ws/install/lidar_mavlink_bridge:/home/enelsis-pc/ros2_humble/install/rqt_bag_plugins:/home/enelsis-pc/ros2_humble/install/rqt_bag:/home/enelsis-pc/ros2_humble/install/launch_testing_examples:/home/enelsis-pc/ros2_humble/install/ros2bag:/home/enelsis-pc/ros2_humble/install/tracetools_test:/home/enelsis-pc/ros2_humble/install/tracetools_launch:/home/enelsis-pc/ros2_humble/install/topic_monitor:/home/enelsis-pc/ros2_humble/install/tf2_tools:/home/enelsis-pc/ros2_humble/install/examples_tf2_py:/home/enelsis-pc/ros2_humble/install/tf2_ros_py:/home/enelsis-pc/ros2_humble/install/sros2:/home/enelsis-pc/ros2_humble/install/rqt_topic:/home/enelsis-pc/ros2_humble/install/rqt_srv:/home/enelsis-pc/ros2_humble/install/rqt_shell:/home/enelsis-pc/ros2_humble/install/rqt_service_caller:/home/enelsis-pc/ros2_humble/install/rqt_reconfigure:/home/enelsis-pc/ros2_humble/install/rqt_py_console:/home/enelsis-pc/ros2_humble/install/rqt_publisher:/home/enelsis-pc/ros2_humble/install/rqt_plot:/home/enelsis-pc/ros2_humble/install/rqt_action:/home/enelsis-pc/ros2_humble/install/rqt_msg:/home/enelsis-pc/ros2_humble/install/rqt_console:/home/enelsis-pc/ros2_humble/install/rqt:/home/enelsis-pc/ros2_humble/install/rqt_graph:/home/enelsis-pc/ros2_humble/install/rqt_gui_py:/home/enelsis-pc/ros2_humble/install/rqt_gui:/home/enelsis-pc/ros2_humble/install/ros2trace:/home/enelsis-pc/ros2_humble/install/ros2topic:/home/enelsis-pc/ros2_humble/install/ros2test:/home/enelsis-pc/ros2_humble/install/ros2component:/home/enelsis-pc/ros2_humble/install/ros2param:/home/enelsis-pc/ros2_humble/install/ros2lifecycle:/home/enelsis-pc/ros2_humble/install/ros2service:/home/enelsis-pc/ros2_humble/install/ros2run:/home/enelsis-pc/ros2_humble/install/ros2launch:/home/enelsis-pc/ros2_humble/install/ros2pkg:/home/enelsis-pc/ros2_humble/install/ros2node:/home/enelsis-pc/ros2_humble/install/ros2multicast:/home/enelsis-pc/ros2_humble/install/ros2interface:/home/enelsis-pc/ros2_humble/install/ros2doctor:/home/enelsis-pc/ros2_humble/install/ros2action:/home/enelsis-pc/ros2_humble/install/ros2cli:/home/enelsis-pc/ros2_humble/install/quality_of_service_demo_py:/home/enelsis-pc/ros2_humble/install/lifecycle_py:/home/enelsis-pc/ros2_humble/install/launch_testing_ros:/home/enelsis-pc/ros2_humble/install/launch_ros:/home/enelsis-pc/ros2_humble/install/examples_rclpy_pointcloud_publisher:/home/enelsis-pc/ros2_humble/install/examples_rclpy_minimal_subscriber:/home/enelsis-pc/ros2_humble/install/examples_rclpy_minimal_service:/home/enelsis-pc/ros2_humble/install/examples_rclpy_minimal_publisher:/home/enelsis-pc/ros2_humble/install/examples_rclpy_minimal_client:/home/enelsis-pc/ros2_humble/install/examples_rclpy_minimal_action_server:/home/enelsis-pc/ros2_humble/install/examples_rclpy_minimal_action_client:/home/enelsis-pc/ros2_humble/install/examples_rclpy_guard_conditions:/home/enelsis-pc/ros2_humble/install/examples_rclpy_executors:/home/enelsis-pc/ros2_humble/install/demo_nodes_py:/home/enelsis-pc/ros2_humble/install/camera_info_manager_py:/home/enelsis-pc/ros2_humble/install/action_tutorials_py:/home/enelsis-pc/ros2_humble/install/ament_uncrustify:/home/enelsis-pc/ros2_humble/install/tracetools_trace:/home/enelsis-pc/ros2_humble/install/tracetools_read:/home/enelsis-pc/ros2_humble/install/test_tracetools_launch:/home/enelsis-pc/ros2_humble/install/test_launch_ros:/home/enelsis-pc/ros2_humble/install/sensor_msgs_py:/home/enelsis-pc/ros2_humble/install/rpyutils:/home/enelsis-pc/ros2_humble/install/rosidl_runtime_py:/home/enelsis-pc/ros2_humble/install/rosidl_cli:/home/enelsis-pc/ros2_humble/install/launch_pytest:/home/enelsis-pc/ros2_humble/install/launch_testing:/home/enelsis-pc/ros2_humble/install/launch_yaml:/home/enelsis-pc/ros2_humble/install/launch_xml:/home/enelsis-pc/ros2_humble/install/launch:/home/enelsis-pc/ros2_humble/install/osrf_pycommon:/home/enelsis-pc/ros2_humble/install/domain_coordinator:/home/enelsis-pc/ros2_humble/install/ament_xmllint:/home/enelsis-pc/ros2_humble/install/ament_pyflakes:/home/enelsis-pc/ros2_humble/install/ament_pycodestyle:/home/enelsis-pc/ros2_humble/install/ament_pep257:/home/enelsis-pc/ros2_humble/install/ament_pclint:/home/enelsis-pc/ros2_humble/install/ament_package:/home/enelsis-pc/ros2_humble/install/ament_mypy:/home/enelsis-pc/ros2_humble/install/ament_lint_cmake:/home/enelsis-pc/ros2_humble/install/ament_flake8:/home/enelsis-pc/ros2_humble/install/ament_copyright:/home/enelsis-pc/ros2_humble/install/ament_lint:/home/enelsis-pc/ros2_humble/install/ament_index_python:/home/enelsis-pc/ros2_humble/install/ament_cpplint:/home/enelsis-pc/ros2_humble/install/ament_cppcheck:/home/enelsis-pc/ros2_humble/install/ament_clang_tidy:/home/enelsis-pc/ros2_humble/install/ament_clang_format:/opt/ros/humble /usr/bin/cmake --install /home/enelsis-pc/enelsis_moab_ws/build/rf2o_laser_odometry
[1.480s] Level 1:colcon.colcon_core.environment:checking '/home/enelsis-pc/enelsis_moab_ws/install/rf2o_laser_odometry' for CMake module files
[1.481s] Level 1:colcon.colcon_core.environment:checking '/home/enelsis-pc/enelsis_moab_ws/install/rf2o_laser_odometry' for CMake config files
[1.482s] Level 1:colcon.colcon_core.shell:create_environment_hook('rf2o_laser_odometry', 'cmake_prefix_path')
[1.482s] INFO:colcon.colcon_core.shell:Creating environment hook '/home/enelsis-pc/enelsis_moab_ws/install/rf2o_laser_odometry/share/rf2o_laser_odometry/hook/cmake_prefix_path.ps1'
[1.483s] INFO:colcon.colcon_core.shell:Creating environment descriptor '/home/enelsis-pc/enelsis_moab_ws/install/rf2o_laser_odometry/share/rf2o_laser_odometry/hook/cmake_prefix_path.dsv'
[1.483s] INFO:colcon.colcon_core.shell:Creating environment hook '/home/enelsis-pc/enelsis_moab_ws/install/rf2o_laser_odometry/share/rf2o_laser_odometry/hook/cmake_prefix_path.sh'
[1.484s] Level 1:colcon.colcon_core.environment:checking '/home/enelsis-pc/enelsis_moab_ws/install/rf2o_laser_odometry/lib'
[1.485s] Level 1:colcon.colcon_core.environment:checking '/home/enelsis-pc/enelsis_moab_ws/install/rf2o_laser_odometry/bin'
[1.485s] Level 1:colcon.colcon_core.environment:checking '/home/enelsis-pc/enelsis_moab_ws/install/rf2o_laser_odometry/lib/pkgconfig/rf2o_laser_odometry.pc'
[1.485s] Level 1:colcon.colcon_core.environment:checking '/home/enelsis-pc/enelsis_moab_ws/install/rf2o_laser_odometry/lib/python3.10/site-packages'
[1.485s] Level 1:colcon.colcon_core.environment:checking '/home/enelsis-pc/enelsis_moab_ws/install/rf2o_laser_odometry/bin'
[1.486s] INFO:colcon.colcon_core.shell:Creating package script '/home/enelsis-pc/enelsis_moab_ws/install/rf2o_laser_odometry/share/rf2o_laser_odometry/package.ps1'
[1.487s] INFO:colcon.colcon_core.shell:Creating package descriptor '/home/enelsis-pc/enelsis_moab_ws/install/rf2o_laser_odometry/share/rf2o_laser_odometry/package.dsv'
[1.487s] INFO:colcon.colcon_core.shell:Creating package script '/home/enelsis-pc/enelsis_moab_ws/install/rf2o_laser_odometry/share/rf2o_laser_odometry/package.sh'
[1.488s] INFO:colcon.colcon_core.shell:Creating package script '/home/enelsis-pc/enelsis_moab_ws/install/rf2o_laser_odometry/share/rf2o_laser_odometry/package.bash'
[1.490s] INFO:colcon.colcon_core.shell:Creating package script '/home/enelsis-pc/enelsis_moab_ws/install/rf2o_laser_odometry/share/rf2o_laser_odometry/package.zsh'
[1.491s] Level 1:colcon.colcon_core.environment:create_file_with_runtime_dependencies(/home/enelsis-pc/enelsis_moab_ws/install/rf2o_laser_odometry/share/colcon-core/packages/rf2o_laser_odometry)
[1.492s] Level 1:colcon.colcon_core.environment:create_environment_scripts_only(rf2o_laser_odometry)
[1.492s] Level 1:colcon.colcon_core.environment:checking '/home/enelsis-pc/enelsis_moab_ws/install/rf2o_laser_odometry' for CMake module files
[1.492s] Level 1:colcon.colcon_core.environment:checking '/home/enelsis-pc/enelsis_moab_ws/install/rf2o_laser_odometry' for CMake config files
[1.493s] Level 1:colcon.colcon_core.shell:create_environment_hook('rf2o_laser_odometry', 'cmake_prefix_path')
[1.493s] INFO:colcon.colcon_core.shell:Creating environment hook '/home/enelsis-pc/enelsis_moab_ws/install/rf2o_laser_odometry/share/rf2o_laser_odometry/hook/cmake_prefix_path.ps1'
[1.494s] INFO:colcon.colcon_core.shell:Creating environment descriptor '/home/enelsis-pc/enelsis_moab_ws/install/rf2o_laser_odometry/share/rf2o_laser_odometry/hook/cmake_prefix_path.dsv'
[1.494s] INFO:colcon.colcon_core.shell:Creating environment hook '/home/enelsis-pc/enelsis_moab_ws/install/rf2o_laser_odometry/share/rf2o_laser_odometry/hook/cmake_prefix_path.sh'
[1.495s] Level 1:colcon.colcon_core.environment:checking '/home/enelsis-pc/enelsis_moab_ws/install/rf2o_laser_odometry/lib'
[1.495s] Level 1:colcon.colcon_core.environment:checking '/home/enelsis-pc/enelsis_moab_ws/install/rf2o_laser_odometry/bin'
[1.495s] Level 1:colcon.colcon_core.environment:checking '/home/enelsis-pc/enelsis_moab_ws/install/rf2o_laser_odometry/lib/pkgconfig/rf2o_laser_odometry.pc'
[1.496s] Level 1:colcon.colcon_core.environment:checking '/home/enelsis-pc/enelsis_moab_ws/install/rf2o_laser_odometry/lib/python3.10/site-packages'
[1.496s] Level 1:colcon.colcon_core.environment:checking '/home/enelsis-pc/enelsis_moab_ws/install/rf2o_laser_odometry/bin'
[1.496s] INFO:colcon.colcon_core.shell:Creating package script '/home/enelsis-pc/enelsis_moab_ws/install/rf2o_laser_odometry/share/rf2o_laser_odometry/package.ps1'
[1.497s] INFO:colcon.colcon_core.shell:Creating package descriptor '/home/enelsis-pc/enelsis_moab_ws/install/rf2o_laser_odometry/share/rf2o_laser_odometry/package.dsv'
[1.498s] INFO:colcon.colcon_core.shell:Creating package script '/home/enelsis-pc/enelsis_moab_ws/install/rf2o_laser_odometry/share/rf2o_laser_odometry/package.sh'
[1.498s] INFO:colcon.colcon_core.shell:Creating package script '/home/enelsis-pc/enelsis_moab_ws/install/rf2o_laser_odometry/share/rf2o_laser_odometry/package.bash'
[1.499s] INFO:colcon.colcon_core.shell:Creating package script '/home/enelsis-pc/enelsis_moab_ws/install/rf2o_laser_odometry/share/rf2o_laser_odometry/package.zsh'
[1.499s] Level 1:colcon.colcon_core.environment:create_file_with_runtime_dependencies(/home/enelsis-pc/enelsis_moab_ws/install/rf2o_laser_odometry/share/colcon-core/packages/rf2o_laser_odometry)
[1.501s] Level 1:colcon.colcon_core.environment:create_environment_scripts_only(ydlidar_ros2_driver)
[1.501s] Level 1:colcon.colcon_core.environment:checking '/home/enelsis-pc/enelsis_moab_ws/install/ydlidar_ros2_driver' for CMake module files
[1.503s] DEBUG:colcon.colcon_core.event_handler.log_command:Invoked command in '/home/enelsis-pc/enelsis_moab_ws/build/ydlidar_ros2_driver' returned '0': CMAKE_PREFIX_PATH=${CMAKE_PREFIX_PATH}:/home/enelsis-pc/enelsis_moab_ws/install/lidar_mavlink_bridge:/home/enelsis-pc/enelsis_moab_ws/install/enelsis_bringup:/home/enelsis-pc/mavlink_ws/install/lidar_mavlink_bridge:/home/enelsis-pc/ros2_humble/install/rqt_bag_plugins:/home/enelsis-pc/ros2_humble/install/rqt_bag:/home/enelsis-pc/ros2_humble/install/launch_testing_examples:/home/enelsis-pc/ros2_humble/install/ros2bag:/home/enelsis-pc/ros2_humble/install/tracetools_test:/home/enelsis-pc/ros2_humble/install/tracetools_launch:/home/enelsis-pc/ros2_humble/install/topic_monitor:/home/enelsis-pc/ros2_humble/install/tf2_tools:/home/enelsis-pc/ros2_humble/install/examples_tf2_py:/home/enelsis-pc/ros2_humble/install/tf2_ros_py:/home/enelsis-pc/ros2_humble/install/sros2:/home/enelsis-pc/ros2_humble/install/rqt_topic:/home/enelsis-pc/ros2_humble/install/rqt_srv:/home/enelsis-pc/ros2_humble/install/rqt_shell:/home/enelsis-pc/ros2_humble/install/rqt_service_caller:/home/enelsis-pc/ros2_humble/install/rqt_reconfigure:/home/enelsis-pc/ros2_humble/install/rqt_py_console:/home/enelsis-pc/ros2_humble/install/rqt_publisher:/home/enelsis-pc/ros2_humble/install/rqt_plot:/home/enelsis-pc/ros2_humble/install/rqt_action:/home/enelsis-pc/ros2_humble/install/rqt_msg:/home/enelsis-pc/ros2_humble/install/rqt_console:/home/enelsis-pc/ros2_humble/install/rqt:/home/enelsis-pc/ros2_humble/install/rqt_graph:/home/enelsis-pc/ros2_humble/install/rqt_gui_py:/home/enelsis-pc/ros2_humble/install/rqt_gui:/home/enelsis-pc/ros2_humble/install/ros2trace:/home/enelsis-pc/ros2_humble/install/ros2topic:/home/enelsis-pc/ros2_humble/install/ros2test:/home/enelsis-pc/ros2_humble/install/ros2component:/home/enelsis-pc/ros2_humble/install/ros2param:/home/enelsis-pc/ros2_humble/install/ros2lifecycle:/home/enelsis-pc/ros2_humble/install/ros2service:/home/enelsis-pc/ros2_humble/install/ros2run:/home/enelsis-pc/ros2_humble/install/ros2launch:/home/enelsis-pc/ros2_humble/install/ros2pkg:/home/enelsis-pc/ros2_humble/install/ros2node:/home/enelsis-pc/ros2_humble/install/ros2multicast:/home/enelsis-pc/ros2_humble/install/ros2interface:/home/enelsis-pc/ros2_humble/install/ros2doctor:/home/enelsis-pc/ros2_humble/install/ros2action:/home/enelsis-pc/ros2_humble/install/ros2cli:/home/enelsis-pc/ros2_humble/install/quality_of_service_demo_py:/home/enelsis-pc/ros2_humble/install/lifecycle_py:/home/enelsis-pc/ros2_humble/install/launch_testing_ros:/home/enelsis-pc/ros2_humble/install/launch_ros:/home/enelsis-pc/ros2_humble/install/examples_rclpy_pointcloud_publisher:/home/enelsis-pc/ros2_humble/install/examples_rclpy_minimal_subscriber:/home/enelsis-pc/ros2_humble/install/examples_rclpy_minimal_service:/home/enelsis-pc/ros2_humble/install/examples_rclpy_minimal_publisher:/home/enelsis-pc/ros2_humble/install/examples_rclpy_minimal_client:/home/enelsis-pc/ros2_humble/install/examples_rclpy_minimal_action_server:/home/enelsis-pc/ros2_humble/install/examples_rclpy_minimal_action_client:/home/enelsis-pc/ros2_humble/install/examples_rclpy_guard_conditions:/home/enelsis-pc/ros2_humble/install/examples_rclpy_executors:/home/enelsis-pc/ros2_humble/install/demo_nodes_py:/home/enelsis-pc/ros2_humble/install/camera_info_manager_py:/home/enelsis-pc/ros2_humble/install/action_tutorials_py:/home/enelsis-pc/ros2_humble/install/ament_uncrustify:/home/enelsis-pc/ros2_humble/install/tracetools_trace:/home/enelsis-pc/ros2_humble/install/tracetools_read:/home/enelsis-pc/ros2_humble/install/test_tracetools_launch:/home/enelsis-pc/ros2_humble/install/test_launch_ros:/home/enelsis-pc/ros2_humble/install/sensor_msgs_py:/home/enelsis-pc/ros2_humble/install/rpyutils:/home/enelsis-pc/ros2_humble/install/rosidl_runtime_py:/home/enelsis-pc/ros2_humble/install/rosidl_cli:/home/enelsis-pc/ros2_humble/install/launch_pytest:/home/enelsis-pc/ros2_humble/install/launch_testing:/home/enelsis-pc/ros2_humble/install/launch_yaml:/home/enelsis-pc/ros2_humble/install/launch_xml:/home/enelsis-pc/ros2_humble/install/launch:/home/enelsis-pc/ros2_humble/install/osrf_pycommon:/home/enelsis-pc/ros2_humble/install/domain_coordinator:/home/enelsis-pc/ros2_humble/install/ament_xmllint:/home/enelsis-pc/ros2_humble/install/ament_pyflakes:/home/enelsis-pc/ros2_humble/install/ament_pycodestyle:/home/enelsis-pc/ros2_humble/install/ament_pep257:/home/enelsis-pc/ros2_humble/install/ament_pclint:/home/enelsis-pc/ros2_humble/install/ament_package:/home/enelsis-pc/ros2_humble/install/ament_mypy:/home/enelsis-pc/ros2_humble/install/ament_lint_cmake:/home/enelsis-pc/ros2_humble/install/ament_flake8:/home/enelsis-pc/ros2_humble/install/ament_copyright:/home/enelsis-pc/ros2_humble/install/ament_lint:/home/enelsis-pc/ros2_humble/install/ament_index_python:/home/enelsis-pc/ros2_humble/install/ament_cpplint:/home/enelsis-pc/ros2_humble/install/ament_cppcheck:/home/enelsis-pc/ros2_humble/install/ament_clang_tidy:/home/enelsis-pc/ros2_humble/install/ament_clang_format:/opt/ros/humble /usr/bin/cmake --install /home/enelsis-pc/enelsis_moab_ws/build/ydlidar_ros2_driver
[1.503s] Level 1:colcon.colcon_core.environment:checking '/home/enelsis-pc/enelsis_moab_ws/install/ydlidar_ros2_driver' for CMake config files
[1.503s] Level 1:colcon.colcon_core.shell:create_environment_hook('ydlidar_ros2_driver', 'cmake_prefix_path')
[1.504s] INFO:colcon.colcon_core.shell:Creating environment hook '/home/enelsis-pc/enelsis_moab_ws/install/ydlidar_ros2_driver/share/ydlidar_ros2_driver/hook/cmake_prefix_path.ps1'
[1.504s] INFO:colcon.colcon_core.shell:Creating environment descriptor '/home/enelsis-pc/enelsis_moab_ws/install/ydlidar_ros2_driver/share/ydlidar_ros2_driver/hook/cmake_prefix_path.dsv'
[1.504s] INFO:colcon.colcon_core.shell:Creating environment hook '/home/enelsis-pc/enelsis_moab_ws/install/ydlidar_ros2_driver/share/ydlidar_ros2_driver/hook/cmake_prefix_path.sh'
[1.505s] Level 1:colcon.colcon_core.environment:checking '/home/enelsis-pc/enelsis_moab_ws/install/ydlidar_ros2_driver/lib'
[1.505s] Level 1:colcon.colcon_core.environment:checking '/home/enelsis-pc/enelsis_moab_ws/install/ydlidar_ros2_driver/bin'
[1.505s] Level 1:colcon.colcon_core.environment:checking '/home/enelsis-pc/enelsis_moab_ws/install/ydlidar_ros2_driver/lib/pkgconfig/ydlidar_ros2_driver.pc'
[1.506s] Level 1:colcon.colcon_core.environment:checking '/home/enelsis-pc/enelsis_moab_ws/install/ydlidar_ros2_driver/lib/python3.10/site-packages'
[1.506s] Level 1:colcon.colcon_core.environment:checking '/home/enelsis-pc/enelsis_moab_ws/install/ydlidar_ros2_driver/bin'
[1.506s] INFO:colcon.colcon_core.shell:Creating package script '/home/enelsis-pc/enelsis_moab_ws/install/ydlidar_ros2_driver/share/ydlidar_ros2_driver/package.ps1'
[1.507s] INFO:colcon.colcon_core.shell:Creating package descriptor '/home/enelsis-pc/enelsis_moab_ws/install/ydlidar_ros2_driver/share/ydlidar_ros2_driver/package.dsv'
[1.508s] INFO:colcon.colcon_core.shell:Creating package script '/home/enelsis-pc/enelsis_moab_ws/install/ydlidar_ros2_driver/share/ydlidar_ros2_driver/package.sh'
[1.509s] INFO:colcon.colcon_core.shell:Creating package script '/home/enelsis-pc/enelsis_moab_ws/install/ydlidar_ros2_driver/share/ydlidar_ros2_driver/package.bash'
[1.510s] INFO:colcon.colcon_core.shell:Creating package script '/home/enelsis-pc/enelsis_moab_ws/install/ydlidar_ros2_driver/share/ydlidar_ros2_driver/package.zsh'
[1.510s] Level 1:colcon.colcon_core.environment:create_file_with_runtime_dependencies(/home/enelsis-pc/enelsis_moab_ws/install/ydlidar_ros2_driver/share/colcon-core/packages/ydlidar_ros2_driver)
[1.511s] Level 1:colcon.colcon_core.environment:create_environment_scripts_only(ydlidar_ros2_driver)
[1.511s] Level 1:colcon.colcon_core.environment:checking '/home/enelsis-pc/enelsis_moab_ws/install/ydlidar_ros2_driver' for CMake module files
[1.512s] Level 1:colcon.colcon_core.environment:checking '/home/enelsis-pc/enelsis_moab_ws/install/ydlidar_ros2_driver' for CMake config files
[1.513s] Level 1:colcon.colcon_core.shell:create_environment_hook('ydlidar_ros2_driver', 'cmake_prefix_path')
[1.513s] INFO:colcon.colcon_core.shell:Creating environment hook '/home/enelsis-pc/enelsis_moab_ws/install/ydlidar_ros2_driver/share/ydlidar_ros2_driver/hook/cmake_prefix_path.ps1'
[1.514s] INFO:colcon.colcon_core.shell:Creating environment descriptor '/home/enelsis-pc/enelsis_moab_ws/install/ydlidar_ros2_driver/share/ydlidar_ros2_driver/hook/cmake_prefix_path.dsv'
[1.514s] INFO:colcon.colcon_core.shell:Creating environment hook '/home/enelsis-pc/enelsis_moab_ws/install/ydlidar_ros2_driver/share/ydlidar_ros2_driver/hook/cmake_prefix_path.sh'
[1.515s] Level 1:colcon.colcon_core.environment:checking '/home/enelsis-pc/enelsis_moab_ws/install/ydlidar_ros2_driver/lib'
[1.515s] Level 1:colcon.colcon_core.environment:checking '/home/enelsis-pc/enelsis_moab_ws/install/ydlidar_ros2_driver/bin'
[1.515s] Level 1:colcon.colcon_core.environment:checking '/home/enelsis-pc/enelsis_moab_ws/install/ydlidar_ros2_driver/lib/pkgconfig/ydlidar_ros2_driver.pc'
[1.515s] Level 1:colcon.colcon_core.environment:checking '/home/enelsis-pc/enelsis_moab_ws/install/ydlidar_ros2_driver/lib/python3.10/site-packages'
[1.516s] Level 1:colcon.colcon_core.environment:checking '/home/enelsis-pc/enelsis_moab_ws/install/ydlidar_ros2_driver/bin'
[1.516s] INFO:colcon.colcon_core.shell:Creating package script '/home/enelsis-pc/enelsis_moab_ws/install/ydlidar_ros2_driver/share/ydlidar_ros2_driver/package.ps1'
[1.516s] INFO:colcon.colcon_core.shell:Creating package descriptor '/home/enelsis-pc/enelsis_moab_ws/install/ydlidar_ros2_driver/share/ydlidar_ros2_driver/package.dsv'
[1.517s] INFO:colcon.colcon_core.shell:Creating package script '/home/enelsis-pc/enelsis_moab_ws/install/ydlidar_ros2_driver/share/ydlidar_ros2_driver/package.sh'
[1.517s] INFO:colcon.colcon_core.shell:Creating package script '/home/enelsis-pc/enelsis_moab_ws/install/ydlidar_ros2_driver/share/ydlidar_ros2_driver/package.bash'
[1.518s] INFO:colcon.colcon_core.shell:Creating package script '/home/enelsis-pc/enelsis_moab_ws/install/ydlidar_ros2_driver/share/ydlidar_ros2_driver/package.zsh'
[1.518s] Level 1:colcon.colcon_core.environment:create_file_with_runtime_dependencies(/home/enelsis-pc/enelsis_moab_ws/install/ydlidar_ros2_driver/share/colcon-core/packages/ydlidar_ros2_driver)
[1.519s] DEBUG:colcon.colcon_parallel_executor.executor.parallel:closing loop
[1.519s] DEBUG:colcon.colcon_parallel_executor.executor.parallel:loop closed
[1.520s] DEBUG:colcon.colcon_parallel_executor.executor.parallel:run_until_complete finished with '0'
[1.520s] DEBUG:colcon.colcon_core.event_reactor:joining thread
[1.537s] INFO:colcon.colcon_core.plugin_system:Skipping extension 'colcon_notification.desktop_notification.terminal_notifier': Not used on non-Darwin systems
[1.538s] INFO:colcon.colcon_core.plugin_system:Skipping extension 'colcon_notification.desktop_notification.win32': Not used on non-Windows systems
[1.538s] INFO:colcon.colcon_notification.desktop_notification:Sending desktop notification using 'notify2'
[1.552s] DEBUG:colcon.colcon_core.event_reactor:joined thread
[1.553s] INFO:colcon.colcon_core.shell:Creating prefix script '/home/enelsis-pc/enelsis_moab_ws/install/local_setup.ps1'
[1.554s] INFO:colcon.colcon_core.shell:Creating prefix util module '/home/enelsis-pc/enelsis_moab_ws/install/_local_setup_util_ps1.py'
[1.555s] INFO:colcon.colcon_core.shell:Creating prefix chain script '/home/enelsis-pc/enelsis_moab_ws/install/setup.ps1'
[1.576s] INFO:colcon.colcon_core.shell:Creating prefix script '/home/enelsis-pc/enelsis_moab_ws/install/local_setup.sh'
[1.577s] INFO:colcon.colcon_core.shell:Creating prefix util module '/home/enelsis-pc/enelsis_moab_ws/install/_local_setup_util_sh.py'
[1.578s] INFO:colcon.colcon_core.shell:Creating prefix chain script '/home/enelsis-pc/enelsis_moab_ws/install/setup.sh'
[1.594s] INFO:colcon.colcon_core.shell:Creating prefix script '/home/enelsis-pc/enelsis_moab_ws/install/local_setup.bash'
[1.595s] INFO:colcon.colcon_core.shell:Creating prefix chain script '/home/enelsis-pc/enelsis_moab_ws/install/setup.bash'
[1.610s] INFO:colcon.colcon_core.shell:Creating prefix script '/home/enelsis-pc/enelsis_moab_ws/install/local_setup.zsh'
[1.611s] INFO:colcon.colcon_core.shell:Creating prefix chain script '/home/enelsis-pc/enelsis_moab_ws/install/setup.zsh'
